nohup: ignoring input
2025-01-01 18:26:22.881726: I tensorflow/core/util/port.cc:110] oneDNN custom operations are on. You may see slightly different numerical results due to floating-point round-off errors from different computation orders. To turn them off, set the environment variable `TF_ENABLE_ONEDNN_OPTS=0`.
2025-01-01 18:26:22.883357: I tensorflow/tsl/cuda/cudart_stub.cc:28] Could not find cuda drivers on your machine, GPU will not be used.
2025-01-01 18:26:22.917699: I tensorflow/core/platform/cpu_feature_guard.cc:182] This TensorFlow binary is optimized to use available CPU instructions in performance-critical operations.
To enable the following instructions: AVX2 AVX512F AVX512_VNNI AVX512_BF16 FMA, in other operations, rebuild TensorFlow with the appropriate compiler flags.
2025-01-01 18:26:23.424259: W tensorflow/compiler/tf2tensorrt/utils/py_utils.cc:38] TF-TRT Warning: Could not find TensorRT
========== CoverageEnv-v0 ==========
Seed: 3051524727
Loading hyperparameters from: /home/dir/RL_CoveragePlanning/rl-baselines3-zoo/hyperparams/ppo.yml
Default hyperparameters for environment (ones being tuned will be overridden):
OrderedDict([('batch_size', 512),
             ('clip_range', 0.5),
             ('ent_coef', 0.5),
             ('gae_lambda', 0.95),
             ('gamma', 0.99),
             ('learning_rate', 0.0001),
             ('n_envs', 64),
             ('n_epochs', 32),
             ('n_steps', 1024),
             ('n_timesteps', 5000000.0),
             ('policy',
              'viewpoint_env.coverageAgentPolicy.CoverageAgentPolicy')])
Using 64 environments
Mesh file: test_5.obj loaded for environment...
Mesh file: test_2.obj loaded for environment...
Mesh file: test_0.obj loaded for environment...
Mesh file: test_1.obj loaded for environment...
Mesh file: test_5.obj loaded for environment...
Mesh file: test_5.obj loaded for environment...
Mesh file: test_0.obj loaded for environment...
Mesh file: test_2.obj loaded for environment...
Mesh file: test_2.obj loaded for environment...
Mesh file: test_0.obj loaded for environment...
Mesh file: test_7.obj loaded for environment...
Mesh file: test_6.obj loaded for environment...
Mesh file: test_8.obj loaded for environment...
Mesh file: test_4.obj loaded for environment...
Mesh file: test_4.obj loaded for environment...
Mesh file: test_6.obj loaded for environment...
Mesh file: test_6.obj loaded for environment...
Mesh file: test_3.obj loaded for environment...
Mesh file: test_6.obj loaded for environment...
Mesh file: test_4.obj loaded for environment...
Mesh file: test_7.obj loaded for environment...
Mesh file: test_6.obj loaded for environment...
Mesh file: test_1.obj loaded for environment...
Mesh file: test_4.obj loaded for environment...
Mesh file: test_4.obj loaded for environment...
Mesh file: test_4.obj loaded for environment...
Mesh file: test_5.obj loaded for environment...
Mesh file: test_7.obj loaded for environment...
Mesh file: test_7.obj loaded for environment...
Mesh file: test_2.obj loaded for environment...
Mesh file: test_6.obj loaded for environment...
Mesh file: test_4.obj loaded for environment...
Mesh file: test_8.obj loaded for environment...
Mesh file: test_8.obj loaded for environment...
Mesh file: test_2.obj loaded for environment...
Mesh file: test_6.obj loaded for environment...
Mesh file: test_2.obj loaded for environment...
Mesh file: test_5.obj loaded for environment...
Mesh file: test_0.obj loaded for environment...
Mesh file: test_1.obj loaded for environment...
Mesh file: test_4.obj loaded for environment...
Mesh file: test_7.obj loaded for environment...
Mesh file: test_4.obj loaded for environment...
Mesh file: test_1.obj loaded for environment...
Mesh file: test_4.obj loaded for environment...
Mesh file: test_5.obj loaded for environment...
Mesh file: test_4.obj loaded for environment...
Mesh file: test_6.obj loaded for environment...
Mesh file: test_3.obj loaded for environment...
Mesh file: test_0.obj loaded for environment...
Mesh file: test_5.obj loaded for environment...
Mesh file: test_4.obj loaded for environment...
Mesh file: test_5.obj loaded for environment...
Mesh file: test_1.obj loaded for environment...
Mesh file: test_6.obj loaded for environment...
Mesh file: test_2.obj loaded for environment...
Mesh file: test_2.obj loaded for environment...
Mesh file: test_3.obj loaded for environment...
Mesh file: test_5.obj loaded for environment...
Mesh file: test_5.obj loaded for environment...
Mesh file: test_1.obj loaded for environment...
Mesh file: test_6.obj loaded for environment...
Mesh file: test_0.obj loaded for environment...
Mesh file: test_7.obj loaded for environment...
Using cuda device
Log path: logs/ppo/CoverageEnv-v0_15
/usr/local/lib/python3.8/dist-packages/gymnasium/utils/passive_env_checker.py:135: UserWarning: [33mWARN: The obs returned by the `reset()` method was expecting numpy array dtype to be float32, actual type: float64[0m
  logger.warn(
/usr/local/lib/python3.8/dist-packages/gymnasium/utils/passive_env_checker.py:159: UserWarning: [33mWARN: The obs returned by the `reset()` method is not within the observation space.[0m
  logger.warn(f"{pre} is not within the observation space.")
Logging to /home/dir/RL_CoveragePlanning/tensorboard/CoverageEnv-v0/CoverageEnv-v0/PPO_15
/usr/local/lib/python3.8/dist-packages/gymnasium/utils/passive_env_checker.py:135: UserWarning: [33mWARN: The obs returned by the `step()` method was expecting numpy array dtype to be float32, actual type: float64[0m
  logger.warn(
/usr/local/lib/python3.8/dist-packages/gymnasium/utils/passive_env_checker.py:159: UserWarning: [33mWARN: The obs returned by the `step()` method is not within the observation space.[0m
  logger.warn(f"{pre} is not within the observation space.")
---------------------------------
| rollout/           |          |
|    ep_len_mean     | 18.3     |
|    ep_rew_mean     | 9.27e+05 |
| time/              |          |
|    fps             | 47       |
|    iterations      | 1        |
|    time_elapsed    | 1369     |
|    total_timesteps | 65536    |
---------------------------------
---------------------------------------
| rollout/                |           |
|    ep_len_mean          | 11.7      |
|    ep_rew_mean          | 9.25e+05  |
| time/                   |           |
|    fps                  | 47        |
|    iterations           | 2         |
|    time_elapsed         | 2746      |
|    total_timesteps      | 131072    |
| train/                  |           |
|    approx_kl            | 1.0009141 |
|    clip_fraction        | 0.614     |
|    clip_range           | 0.5       |
|    entropy_loss         | -2.84     |
|    explained_variance   | 2.98e-07  |
|    learning_rate        | 0.0001    |
|    loss                 | 3.64e+10  |
|    n_updates            | 32        |
|    policy_gradient_loss | 0.151     |
|    std                  | 1         |
|    value_loss           | 8.02e+10  |
---------------------------------------
----------------------------------------
| rollout/                |            |
|    ep_len_mean          | 16.2       |
|    ep_rew_mean          | 9.28e+05   |
| time/                   |            |
|    fps                  | 47         |
|    iterations           | 3          |
|    time_elapsed         | 4115       |
|    total_timesteps      | 196608     |
| train/                  |            |
|    approx_kl            | 0.23072295 |
|    clip_fraction        | 0.161      |
|    clip_range           | 0.5        |
|    entropy_loss         | -2.84      |
|    explained_variance   | 0          |
|    learning_rate        | 0.0001     |
|    loss                 | 5.62e+10   |
|    n_updates            | 64         |
|    policy_gradient_loss | 0.0211     |
|    std                  | 1          |
|    value_loss           | 9.88e+10   |
----------------------------------------
----------------------------------------
| rollout/                |            |
|    ep_len_mean          | 27.5       |
|    ep_rew_mean          | 9.23e+05   |
| time/                   |            |
|    fps                  | 47         |
|    iterations           | 4          |
|    time_elapsed         | 5481       |
|    total_timesteps      | 262144     |
| train/                  |            |
|    approx_kl            | 0.20812854 |
|    clip_fraction        | 0.143      |
|    clip_range           | 0.5        |
|    entropy_loss         | -2.84      |
|    explained_variance   | -2.38e-07  |
|    learning_rate        | 0.0001     |
|    loss                 | 3.58e+10   |
|    n_updates            | 96         |
|    policy_gradient_loss | 0.0207     |
|    std                  | 1          |
|    value_loss           | 7.07e+10   |
----------------------------------------
----------------------------------------
| rollout/                |            |
|    ep_len_mean          | 45.5       |
|    ep_rew_mean          | 9.22e+05   |
| time/                   |            |
|    fps                  | 47         |
|    iterations           | 5          |
|    time_elapsed         | 6861       |
|    total_timesteps      | 327680     |
| train/                  |            |
|    approx_kl            | 0.59797275 |
|    clip_fraction        | 0.154      |
|    clip_range           | 0.5        |
|    entropy_loss         | -2.84      |
|    explained_variance   | 0          |
|    learning_rate        | 0.0001     |
|    loss                 | 1.63e+10   |
|    n_updates            | 128        |
|    policy_gradient_loss | 0.0273     |
|    std                  | 1          |
|    value_loss           | 3.57e+10   |
----------------------------------------
---------------------------------------
| rollout/                |           |
|    ep_len_mean          | 83.1      |
|    ep_rew_mean          | 9.26e+05  |
| time/                   |           |
|    fps                  | 47        |
|    iterations           | 6         |
|    time_elapsed         | 8257      |
|    total_timesteps      | 393216    |
| train/                  |           |
|    approx_kl            | 0.2171794 |
|    clip_fraction        | 0.143     |
|    clip_range           | 0.5       |
|    entropy_loss         | -2.84     |
|    explained_variance   | 0.0683    |
|    learning_rate        | 0.0001    |
|    loss                 | 6.64e+09  |
|    n_updates            | 160       |
|    policy_gradient_loss | 0.0212    |
|    std                  | 1         |
|    value_loss           | 1.86e+10  |
---------------------------------------
----------------------------------------
| rollout/                |            |
|    ep_len_mean          | 95.4       |
|    ep_rew_mean          | 9.25e+05   |
| time/                   |            |
|    fps                  | 47         |
|    iterations           | 7          |
|    time_elapsed         | 9645       |
|    total_timesteps      | 458752     |
| train/                  |            |
|    approx_kl            | 0.33583692 |
|    clip_fraction        | 0.201      |
|    clip_range           | 0.5        |
|    entropy_loss         | -2.84      |
|    explained_variance   | 0.162      |
|    learning_rate        | 0.0001     |
|    loss                 | 2.58e+09   |
|    n_updates            | 192        |
|    policy_gradient_loss | 0.0131     |
|    std                  | 1          |
|    value_loss           | 7.53e+09   |
----------------------------------------
---------------------------------------
| rollout/                |           |
|    ep_len_mean          | 89.6      |
|    ep_rew_mean          | 9.29e+05  |
| time/                   |           |
|    fps                  | 47        |
|    iterations           | 8         |
|    time_elapsed         | 11030     |
|    total_timesteps      | 524288    |
| train/                  |           |
|    approx_kl            | 0.3264172 |
|    clip_fraction        | 0.225     |
|    clip_range           | 0.5       |
|    entropy_loss         | -2.84     |
|    explained_variance   | 0.299     |
|    learning_rate        | 0.0001    |
|    loss                 | 1.53e+09  |
|    n_updates            | 224       |
|    policy_gradient_loss | 0.0193    |
|    std                  | 1         |
|    value_loss           | 4.35e+09  |
---------------------------------------
---------------------------------------
| rollout/                |           |
|    ep_len_mean          | 220       |
|    ep_rew_mean          | 8.88e+05  |
| time/                   |           |
|    fps                  | 47        |
|    iterations           | 9         |
|    time_elapsed         | 12413     |
|    total_timesteps      | 589824    |
| train/                  |           |
|    approx_kl            | 0.3804679 |
|    clip_fraction        | 0.314     |
|    clip_range           | 0.5       |
|    entropy_loss         | -2.84     |
|    explained_variance   | 0.426     |
|    learning_rate        | 0.0001    |
|    loss                 | 1.09e+09  |
|    n_updates            | 256       |
|    policy_gradient_loss | 0.0596    |
|    std                  | 1         |
|    value_loss           | 2.84e+09  |
---------------------------------------
---------------------------------------
| rollout/                |           |
|    ep_len_mean          | 94.7      |
|    ep_rew_mean          | 9.22e+05  |
| time/                   |           |
|    fps                  | 47        |
|    iterations           | 10        |
|    time_elapsed         | 13803     |
|    total_timesteps      | 655360    |
| train/                  |           |
|    approx_kl            | 0.8350331 |
|    clip_fraction        | 0.523     |
|    clip_range           | 0.5       |
|    entropy_loss         | -2.84     |
|    explained_variance   | 0.547     |
|    learning_rate        | 0.0001    |
|    loss                 | 2.86e+08  |
|    n_updates            | 288       |
|    policy_gradient_loss | 0.0492    |
|    std                  | 1         |
|    value_loss           | 8.15e+08  |
---------------------------------------
----------------------------------------
| rollout/                |            |
|    ep_len_mean          | 139        |
|    ep_rew_mean          | 9.11e+05   |
| time/                   |            |
|    fps                  | 47         |
|    iterations           | 11         |
|    time_elapsed         | 15200      |
|    total_timesteps      | 720896     |
| train/                  |            |
|    approx_kl            | 0.39128423 |
|    clip_fraction        | 0.392      |
|    clip_range           | 0.5        |
|    entropy_loss         | -2.84      |
|    explained_variance   | 0.623      |
|    learning_rate        | 0.0001     |
|    loss                 | 5.51e+08   |
|    n_updates            | 320        |
|    policy_gradient_loss | 0.0986     |
|    std                  | 1          |
|    value_loss           | 1.78e+09   |
----------------------------------------
---------------------------------------
| rollout/                |           |
|    ep_len_mean          | 143       |
|    ep_rew_mean          | 9.19e+05  |
| time/                   |           |
|    fps                  | 47        |
|    iterations           | 12        |
|    time_elapsed         | 16584     |
|    total_timesteps      | 786432    |
| train/                  |           |
|    approx_kl            | 0.4674914 |
|    clip_fraction        | 0.397     |
|    clip_range           | 0.5       |
|    entropy_loss         | -2.84     |
|    explained_variance   | 0.668     |
|    learning_rate        | 0.0001    |
|    loss                 | 2.04e+08  |
|    n_updates            | 352       |
|    policy_gradient_loss | 0.0824    |
|    std                  | 1         |
|    value_loss           | 6.15e+08  |
---------------------------------------
---------------------------------------
| rollout/                |           |
|    ep_len_mean          | 52        |
|    ep_rew_mean          | 9.29e+05  |
| time/                   |           |
|    fps                  | 47        |
|    iterations           | 13        |
|    time_elapsed         | 17965     |
|    total_timesteps      | 851968    |
| train/                  |           |
|    approx_kl            | 0.5809591 |
|    clip_fraction        | 0.449     |
|    clip_range           | 0.5       |
|    entropy_loss         | -2.84     |
|    explained_variance   | 0.743     |
|    learning_rate        | 0.0001    |
|    loss                 | 2.15e+08  |
|    n_updates            | 384       |
|    policy_gradient_loss | 0.05      |
|    std                  | 1         |
|    value_loss           | 5.07e+08  |
---------------------------------------
----------------------------------------
| rollout/                |            |
|    ep_len_mean          | 40.9       |
|    ep_rew_mean          | 9.26e+05   |
| time/                   |            |
|    fps                  | 47         |
|    iterations           | 14         |
|    time_elapsed         | 19344      |
|    total_timesteps      | 917504     |
| train/                  |            |
|    approx_kl            | 0.33636475 |
|    clip_fraction        | 0.329      |
|    clip_range           | 0.5        |
|    entropy_loss         | -2.84      |
|    explained_variance   | 0.861      |
|    learning_rate        | 0.0001     |
|    loss                 | 2.98e+08   |
|    n_updates            | 416        |
|    policy_gradient_loss | 0.0612     |
|    std                  | 1          |
|    value_loss           | 9.08e+08   |
----------------------------------------
---------------------------------------
| rollout/                |           |
|    ep_len_mean          | 30.6      |
|    ep_rew_mean          | 9.33e+05  |
| time/                   |           |
|    fps                  | 47        |
|    iterations           | 15        |
|    time_elapsed         | 20726     |
|    total_timesteps      | 983040    |
| train/                  |           |
|    approx_kl            | 0.2800567 |
|    clip_fraction        | 0.301     |
|    clip_range           | 0.5       |
|    entropy_loss         | -2.84     |
|    explained_variance   | 0.916     |
|    learning_rate        | 0.0001    |
|    loss                 | 2.41e+08  |
|    n_updates            | 448       |
|    policy_gradient_loss | 0.044     |
|    std                  | 1         |
|    value_loss           | 6.81e+08  |
---------------------------------------
----------------------------------------
| rollout/                |            |
|    ep_len_mean          | 24.5       |
|    ep_rew_mean          | 9.31e+05   |
| time/                   |            |
|    fps                  | 47         |
|    iterations           | 16         |
|    time_elapsed         | 22113      |
|    total_timesteps      | 1048576    |
| train/                  |            |
|    approx_kl            | 0.15236731 |
|    clip_fraction        | 0.221      |
|    clip_range           | 0.5        |
|    entropy_loss         | -2.84      |
|    explained_variance   | 0.957      |
|    learning_rate        | 0.0001     |
|    loss                 | 2.56e+08   |
|    n_updates            | 480        |
|    policy_gradient_loss | 0.0296     |
|    std                  | 1          |
|    value_loss           | 6.43e+08   |
----------------------------------------
----------------------------------------
| rollout/                |            |
|    ep_len_mean          | 29.6       |
|    ep_rew_mean          | 9.36e+05   |
| time/                   |            |
|    fps                  | 47         |
|    iterations           | 17         |
|    time_elapsed         | 23493      |
|    total_timesteps      | 1114112    |
| train/                  |            |
|    approx_kl            | 0.11499359 |
|    clip_fraction        | 0.19       |
|    clip_range           | 0.5        |
|    entropy_loss         | -2.84      |
|    explained_variance   | 0.974      |
|    learning_rate        | 0.0001     |
|    loss                 | 2.04e+08   |
|    n_updates            | 512        |
|    policy_gradient_loss | 0.0369     |
|    std                  | 1          |
|    value_loss           | 5.14e+08   |
----------------------------------------
----------------------------------------
| rollout/                |            |
|    ep_len_mean          | 29.5       |
|    ep_rew_mean          | 9.3e+05    |
| time/                   |            |
|    fps                  | 47         |
|    iterations           | 18         |
|    time_elapsed         | 24873      |
|    total_timesteps      | 1179648    |
| train/                  |            |
|    approx_kl            | 0.09154029 |
|    clip_fraction        | 0.13       |
|    clip_range           | 0.5        |
|    entropy_loss         | -2.84      |
|    explained_variance   | 0.977      |
|    learning_rate        | 0.0001     |
|    loss                 | 1.46e+08   |
|    n_updates            | 544        |
|    policy_gradient_loss | 0.00149    |
|    std                  | 1          |
|    value_loss           | 4.04e+08   |
----------------------------------------
----------------------------------------
| rollout/                |            |
|    ep_len_mean          | 37.7       |
|    ep_rew_mean          | 9.32e+05   |
| time/                   |            |
|    fps                  | 47         |
|    iterations           | 19         |
|    time_elapsed         | 26258      |
|    total_timesteps      | 1245184    |
| train/                  |            |
|    approx_kl            | 0.09737645 |
|    clip_fraction        | 0.141      |
|    clip_range           | 0.5        |
|    entropy_loss         | -2.84      |
|    explained_variance   | 0.982      |
|    learning_rate        | 0.0001     |
|    loss                 | 1.54e+08   |
|    n_updates            | 576        |
|    policy_gradient_loss | 0.0429     |
|    std                  | 1          |
|    value_loss           | 4.18e+08   |
----------------------------------------
--------------------------------------
| rollout/                |          |
|    ep_len_mean          | 27.6     |
|    ep_rew_mean          | 9.35e+05 |
| time/                   |          |
|    fps                  | 47       |
|    iterations           | 20       |
|    time_elapsed         | 27643    |
|    total_timesteps      | 1310720  |
| train/                  |          |
|    approx_kl            | 0.128666 |
|    clip_fraction        | 0.191    |
|    clip_range           | 0.5      |
|    entropy_loss         | -2.84    |
|    explained_variance   | 0.977    |
|    learning_rate        | 0.0001   |
|    loss                 | 1.22e+08 |
|    n_updates            | 608      |
|    policy_gradient_loss | 0.000415 |
|    std                  | 1        |
|    value_loss           | 3.74e+08 |
--------------------------------------
-----------------------------------------
| rollout/                |             |
|    ep_len_mean          | 24.8        |
|    ep_rew_mean          | 9.29e+05    |
| time/                   |             |
|    fps                  | 47          |
|    iterations           | 21          |
|    time_elapsed         | 29023       |
|    total_timesteps      | 1376256     |
| train/                  |             |
|    approx_kl            | 0.096808486 |
|    clip_fraction        | 0.153       |
|    clip_range           | 0.5         |
|    entropy_loss         | -2.84       |
|    explained_variance   | 0.981       |
|    learning_rate        | 0.0001      |
|    loss                 | 1.69e+08    |
|    n_updates            | 640         |
|    policy_gradient_loss | -0.00821    |
|    std                  | 1           |
|    value_loss           | 4.74e+08    |
-----------------------------------------
-----------------------------------------
| rollout/                |             |
|    ep_len_mean          | 27.2        |
|    ep_rew_mean          | 9.33e+05    |
| time/                   |             |
|    fps                  | 47          |
|    iterations           | 22          |
|    time_elapsed         | 30099       |
|    total_timesteps      | 1441792     |
| train/                  |             |
|    approx_kl            | 0.061122335 |
|    clip_fraction        | 0.114       |
|    clip_range           | 0.5         |
|    entropy_loss         | -2.84       |
|    explained_variance   | 0.985       |
|    learning_rate        | 0.0001      |
|    loss                 | 1.29e+08    |
|    n_updates            | 672         |
|    policy_gradient_loss | 0.0373      |
|    std                  | 1           |
|    value_loss           | 3.96e+08    |
-----------------------------------------
----------------------------------------
| rollout/                |            |
|    ep_len_mean          | 23.8       |
|    ep_rew_mean          | 9.3e+05    |
| time/                   |            |
|    fps                  | 49         |
|    iterations           | 23         |
|    time_elapsed         | 30565      |
|    total_timesteps      | 1507328    |
| train/                  |            |
|    approx_kl            | 0.04780527 |
|    clip_fraction        | 0.0672     |
|    clip_range           | 0.5        |
|    entropy_loss         | -2.84      |
|    explained_variance   | 0.988      |
|    learning_rate        | 0.0001     |
|    loss                 | 1.35e+08   |
|    n_updates            | 704        |
|    policy_gradient_loss | -0.00858   |
|    std                  | 1          |
|    value_loss           | 3.37e+08   |
----------------------------------------
-----------------------------------------
| rollout/                |             |
|    ep_len_mean          | 26.2        |
|    ep_rew_mean          | 9.3e+05     |
| time/                   |             |
|    fps                  | 50          |
|    iterations           | 24          |
|    time_elapsed         | 31038       |
|    total_timesteps      | 1572864     |
| train/                  |             |
|    approx_kl            | 0.055838697 |
|    clip_fraction        | 0.0795      |
|    clip_range           | 0.5         |
|    entropy_loss         | -2.84       |
|    explained_variance   | 0.989       |
|    learning_rate        | 0.0001      |
|    loss                 | 1.56e+08    |
|    n_updates            | 736         |
|    policy_gradient_loss | 0.00418     |
|    std                  | 1           |
|    value_loss           | 3.48e+08    |
-----------------------------------------
-----------------------------------------
| rollout/                |             |
|    ep_len_mean          | 26.1        |
|    ep_rew_mean          | 9.33e+05    |
| time/                   |             |
|    fps                  | 52          |
|    iterations           | 25          |
|    time_elapsed         | 31505       |
|    total_timesteps      | 1638400     |
| train/                  |             |
|    approx_kl            | 0.037512243 |
|    clip_fraction        | 0.0466      |
|    clip_range           | 0.5         |
|    entropy_loss         | -2.84       |
|    explained_variance   | 0.987       |
|    learning_rate        | 0.0001      |
|    loss                 | 1.3e+08     |
|    n_updates            | 768         |
|    policy_gradient_loss | 0.00695     |
|    std                  | 1           |
|    value_loss           | 3.34e+08    |
-----------------------------------------
-----------------------------------------
| rollout/                |             |
|    ep_len_mean          | 30.6        |
|    ep_rew_mean          | 9.31e+05    |
| time/                   |             |
|    fps                  | 53          |
|    iterations           | 26          |
|    time_elapsed         | 31976       |
|    total_timesteps      | 1703936     |
| train/                  |             |
|    approx_kl            | 0.045807008 |
|    clip_fraction        | 0.071       |
|    clip_range           | 0.5         |
|    entropy_loss         | -2.84       |
|    explained_variance   | 0.987       |
|    learning_rate        | 0.0001      |
|    loss                 | 1.54e+08    |
|    n_updates            | 800         |
|    policy_gradient_loss | 0.0162      |
|    std                  | 1           |
|    value_loss           | 3.49e+08    |
-----------------------------------------
-----------------------------------------
| rollout/                |             |
|    ep_len_mean          | 26.7        |
|    ep_rew_mean          | 9.28e+05    |
| time/                   |             |
|    fps                  | 54          |
|    iterations           | 27          |
|    time_elapsed         | 32440       |
|    total_timesteps      | 1769472     |
| train/                  |             |
|    approx_kl            | 0.065996096 |
|    clip_fraction        | 0.107       |
|    clip_range           | 0.5         |
|    entropy_loss         | -2.84       |
|    explained_variance   | 0.983       |
|    learning_rate        | 0.0001      |
|    loss                 | 1.8e+08     |
|    n_updates            | 832         |
|    policy_gradient_loss | -0.0081     |
|    std                  | 1           |
|    value_loss           | 3.54e+08    |
-----------------------------------------
----------------------------------------
| rollout/                |            |
|    ep_len_mean          | 25.6       |
|    ep_rew_mean          | 9.28e+05   |
| time/                   |            |
|    fps                  | 55         |
|    iterations           | 28         |
|    time_elapsed         | 32909      |
|    total_timesteps      | 1835008    |
| train/                  |            |
|    approx_kl            | 0.04763959 |
|    clip_fraction        | 0.0641     |
|    clip_range           | 0.5        |
|    entropy_loss         | -2.84      |
|    explained_variance   | 0.986      |
|    learning_rate        | 0.0001     |
|    loss                 | 1.57e+08   |
|    n_updates            | 864        |
|    policy_gradient_loss | 0.00696    |
|    std                  | 1          |
|    value_loss           | 3.58e+08   |
----------------------------------------
----------------------------------------
| rollout/                |            |
|    ep_len_mean          | 22.3       |
|    ep_rew_mean          | 9.26e+05   |
| time/                   |            |
|    fps                  | 56         |
|    iterations           | 29         |
|    time_elapsed         | 33379      |
|    total_timesteps      | 1900544    |
| train/                  |            |
|    approx_kl            | 0.06500128 |
|    clip_fraction        | 0.103      |
|    clip_range           | 0.5        |
|    entropy_loss         | -2.84      |
|    explained_variance   | 0.987      |
|    learning_rate        | 0.0001     |
|    loss                 | 1.12e+08   |
|    n_updates            | 896        |
|    policy_gradient_loss | -0.00674   |
|    std                  | 1          |
|    value_loss           | 3.18e+08   |
----------------------------------------
-----------------------------------------
| rollout/                |             |
|    ep_len_mean          | 22.5        |
|    ep_rew_mean          | 9.3e+05     |
| time/                   |             |
|    fps                  | 58          |
|    iterations           | 30          |
|    time_elapsed         | 33844       |
|    total_timesteps      | 1966080     |
| train/                  |             |
|    approx_kl            | 0.045164816 |
|    clip_fraction        | 0.0617      |
|    clip_range           | 0.5         |
|    entropy_loss         | -2.84       |
|    explained_variance   | 0.987       |
|    learning_rate        | 0.0001      |
|    loss                 | 1.16e+08    |
|    n_updates            | 928         |
|    policy_gradient_loss | -0.00498    |
|    std                  | 1           |
|    value_loss           | 3.31e+08    |
-----------------------------------------
----------------------------------------
| rollout/                |            |
|    ep_len_mean          | 26.9       |
|    ep_rew_mean          | 9.3e+05    |
| time/                   |            |
|    fps                  | 59         |
|    iterations           | 31         |
|    time_elapsed         | 34310      |
|    total_timesteps      | 2031616    |
| train/                  |            |
|    approx_kl            | 0.03978642 |
|    clip_fraction        | 0.0452     |
|    clip_range           | 0.5        |
|    entropy_loss         | -2.84      |
|    explained_variance   | 0.99       |
|    learning_rate        | 0.0001     |
|    loss                 | 1.04e+08   |
|    n_updates            | 960        |
|    policy_gradient_loss | 0.0124     |
|    std                  | 1          |
|    value_loss           | 2.73e+08   |
----------------------------------------
-----------------------------------------
| rollout/                |             |
|    ep_len_mean          | 30.6        |
|    ep_rew_mean          | 9.34e+05    |
| time/                   |             |
|    fps                  | 60          |
|    iterations           | 32          |
|    time_elapsed         | 34775       |
|    total_timesteps      | 2097152     |
| train/                  |             |
|    approx_kl            | 0.060525365 |
|    clip_fraction        | 0.0818      |
|    clip_range           | 0.5         |
|    entropy_loss         | -2.84       |
|    explained_variance   | 0.988       |
|    learning_rate        | 0.0001      |
|    loss                 | 1.35e+08    |
|    n_updates            | 992         |
|    policy_gradient_loss | 0.016       |
|    std                  | 1           |
|    value_loss           | 2.77e+08    |
-----------------------------------------
----------------------------------------
| rollout/                |            |
|    ep_len_mean          | 32.2       |
|    ep_rew_mean          | 9.27e+05   |
| time/                   |            |
|    fps                  | 61         |
|    iterations           | 33         |
|    time_elapsed         | 35245      |
|    total_timesteps      | 2162688    |
| train/                  |            |
|    approx_kl            | 0.05233061 |
|    clip_fraction        | 0.0575     |
|    clip_range           | 0.5        |
|    entropy_loss         | -2.84      |
|    explained_variance   | 0.988      |
|    learning_rate        | 0.0001     |
|    loss                 | 1.14e+08   |
|    n_updates            | 1024       |
|    policy_gradient_loss | 0.0123     |
|    std                  | 1          |
|    value_loss           | 2.62e+08   |
----------------------------------------
-----------------------------------------
| rollout/                |             |
|    ep_len_mean          | 28.7        |
|    ep_rew_mean          | 9.29e+05    |
| time/                   |             |
|    fps                  | 62          |
|    iterations           | 34          |
|    time_elapsed         | 35716       |
|    total_timesteps      | 2228224     |
| train/                  |             |
|    approx_kl            | 0.053652227 |
|    clip_fraction        | 0.0878      |
|    clip_range           | 0.5         |
|    entropy_loss         | -2.84       |
|    explained_variance   | 0.985       |
|    learning_rate        | 0.0001      |
|    loss                 | 8.61e+07    |
|    n_updates            | 1056        |
|    policy_gradient_loss | -0.012      |
|    std                  | 1           |
|    value_loss           | 2.66e+08    |
-----------------------------------------
----------------------------------------
| rollout/                |            |
|    ep_len_mean          | 20.1       |
|    ep_rew_mean          | 9.3e+05    |
| time/                   |            |
|    fps                  | 63         |
|    iterations           | 35         |
|    time_elapsed         | 36187      |
|    total_timesteps      | 2293760    |
| train/                  |            |
|    approx_kl            | 0.06519593 |
|    clip_fraction        | 0.133      |
|    clip_range           | 0.5        |
|    entropy_loss         | -2.84      |
|    explained_variance   | 0.985      |
|    learning_rate        | 0.0001     |
|    loss                 | 1.17e+08   |
|    n_updates            | 1088       |
|    policy_gradient_loss | -0.0165    |
|    std                  | 1          |
|    value_loss           | 3.01e+08   |
----------------------------------------
-----------------------------------------
| rollout/                |             |
|    ep_len_mean          | 21.5        |
|    ep_rew_mean          | 9.28e+05    |
| time/                   |             |
|    fps                  | 64          |
|    iterations           | 36          |
|    time_elapsed         | 36659       |
|    total_timesteps      | 2359296     |
| train/                  |             |
|    approx_kl            | 0.052827258 |
|    clip_fraction        | 0.0753      |
|    clip_range           | 0.5         |
|    entropy_loss         | -2.84       |
|    explained_variance   | 0.987       |
|    learning_rate        | 0.0001      |
|    loss                 | 1.54e+08    |
|    n_updates            | 1120        |
|    policy_gradient_loss | 0.00716     |
|    std                  | 1           |
|    value_loss           | 3.33e+08    |
-----------------------------------------
-----------------------------------------
| rollout/                |             |
|    ep_len_mean          | 21.6        |
|    ep_rew_mean          | 9.29e+05    |
| time/                   |             |
|    fps                  | 65          |
|    iterations           | 37          |
|    time_elapsed         | 37134       |
|    total_timesteps      | 2424832     |
| train/                  |             |
|    approx_kl            | 0.036301885 |
|    clip_fraction        | 0.0579      |
|    clip_range           | 0.5         |
|    entropy_loss         | -2.84       |
|    explained_variance   | 0.989       |
|    learning_rate        | 0.0001      |
|    loss                 | 1.01e+08    |
|    n_updates            | 1152        |
|    policy_gradient_loss | 0.0102      |
|    std                  | 1           |
|    value_loss           | 3.21e+08    |
-----------------------------------------
-----------------------------------------
| rollout/                |             |
|    ep_len_mean          | 22.1        |
|    ep_rew_mean          | 9.31e+05    |
| time/                   |             |
|    fps                  | 66          |
|    iterations           | 38          |
|    time_elapsed         | 37610       |
|    total_timesteps      | 2490368     |
| train/                  |             |
|    approx_kl            | 0.040575705 |
|    clip_fraction        | 0.0552      |
|    clip_range           | 0.5         |
|    entropy_loss         | -2.84       |
|    explained_variance   | 0.99        |
|    learning_rate        | 0.0001      |
|    loss                 | 1.1e+08     |
|    n_updates            | 1184        |
|    policy_gradient_loss | -0.00755    |
|    std                  | 1           |
|    value_loss           | 2.77e+08    |
-----------------------------------------
-----------------------------------------
| rollout/                |             |
|    ep_len_mean          | 23.6        |
|    ep_rew_mean          | 9.28e+05    |
| time/                   |             |
|    fps                  | 67          |
|    iterations           | 39          |
|    time_elapsed         | 38082       |
|    total_timesteps      | 2555904     |
| train/                  |             |
|    approx_kl            | 0.032980233 |
|    clip_fraction        | 0.0491      |
|    clip_range           | 0.5         |
|    entropy_loss         | -2.84       |
|    explained_variance   | 0.99        |
|    learning_rate        | 0.0001      |
|    loss                 | 1.27e+08    |
|    n_updates            | 1216        |
|    policy_gradient_loss | 0.00541     |
|    std                  | 1           |
|    value_loss           | 2.74e+08    |
-----------------------------------------
----------------------------------------
| rollout/                |            |
|    ep_len_mean          | 22.3       |
|    ep_rew_mean          | 9.29e+05   |
| time/                   |            |
|    fps                  | 67         |
|    iterations           | 40         |
|    time_elapsed         | 38557      |
|    total_timesteps      | 2621440    |
| train/                  |            |
|    approx_kl            | 0.03361014 |
|    clip_fraction        | 0.0575     |
|    clip_range           | 0.5        |
|    entropy_loss         | -2.84      |
|    explained_variance   | 0.991      |
|    learning_rate        | 0.0001     |
|    loss                 | 1.24e+08   |
|    n_updates            | 1248       |
|    policy_gradient_loss | 0.0202     |
|    std                  | 1          |
|    value_loss           | 2.73e+08   |
----------------------------------------
-----------------------------------------
| rollout/                |             |
|    ep_len_mean          | 24.8        |
|    ep_rew_mean          | 9.26e+05    |
| time/                   |             |
|    fps                  | 68          |
|    iterations           | 41          |
|    time_elapsed         | 39032       |
|    total_timesteps      | 2686976     |
| train/                  |             |
|    approx_kl            | 0.031968273 |
|    clip_fraction        | 0.0528      |
|    clip_range           | 0.5         |
|    entropy_loss         | -2.84       |
|    explained_variance   | 0.991       |
|    learning_rate        | 0.0001      |
|    loss                 | 9.46e+07    |
|    n_updates            | 1280        |
|    policy_gradient_loss | 0.0182      |
|    std                  | 1           |
|    value_loss           | 2.51e+08    |
-----------------------------------------
-----------------------------------------
| rollout/                |             |
|    ep_len_mean          | 23.2        |
|    ep_rew_mean          | 9.29e+05    |
| time/                   |             |
|    fps                  | 69          |
|    iterations           | 42          |
|    time_elapsed         | 39509       |
|    total_timesteps      | 2752512     |
| train/                  |             |
|    approx_kl            | 0.028839476 |
|    clip_fraction        | 0.0331      |
|    clip_range           | 0.5         |
|    entropy_loss         | -2.84       |
|    explained_variance   | 0.991       |
|    learning_rate        | 0.0001      |
|    loss                 | 1.65e+08    |
|    n_updates            | 1312        |
|    policy_gradient_loss | -0.00372    |
|    std                  | 1           |
|    value_loss           | 2.39e+08    |
-----------------------------------------
----------------------------------------
| rollout/                |            |
|    ep_len_mean          | 25.2       |
|    ep_rew_mean          | 9.3e+05    |
| time/                   |            |
|    fps                  | 70         |
|    iterations           | 43         |
|    time_elapsed         | 39988      |
|    total_timesteps      | 2818048    |
| train/                  |            |
|    approx_kl            | 0.05964281 |
|    clip_fraction        | 0.0773     |
|    clip_range           | 0.5        |
|    entropy_loss         | -2.84      |
|    explained_variance   | 0.99       |
|    learning_rate        | 0.0001     |
|    loss                 | 8.71e+07   |
|    n_updates            | 1344       |
|    policy_gradient_loss | 0.0116     |
|    std                  | 1          |
|    value_loss           | 2.85e+08   |
----------------------------------------
-----------------------------------------
| rollout/                |             |
|    ep_len_mean          | 28.2        |
|    ep_rew_mean          | 9.27e+05    |
| time/                   |             |
|    fps                  | 71          |
|    iterations           | 44          |
|    time_elapsed         | 40469       |
|    total_timesteps      | 2883584     |
| train/                  |             |
|    approx_kl            | 0.053071078 |
|    clip_fraction        | 0.0745      |
|    clip_range           | 0.5         |
|    entropy_loss         | -2.84       |
|    explained_variance   | 0.99        |
|    learning_rate        | 0.0001      |
|    loss                 | 1.01e+08    |
|    n_updates            | 1376        |
|    policy_gradient_loss | 0.0114      |
|    std                  | 1           |
|    value_loss           | 2.75e+08    |
-----------------------------------------
----------------------------------------
| rollout/                |            |
|    ep_len_mean          | 26.7       |
|    ep_rew_mean          | 9.32e+05   |
| time/                   |            |
|    fps                  | 72         |
|    iterations           | 45         |
|    time_elapsed         | 40949      |
|    total_timesteps      | 2949120    |
| train/                  |            |
|    approx_kl            | 0.03402699 |
|    clip_fraction        | 0.0376     |
|    clip_range           | 0.5        |
|    entropy_loss         | -2.84      |
|    explained_variance   | 0.991      |
|    learning_rate        | 0.0001     |
|    loss                 | 1e+08      |
|    n_updates            | 1408       |
|    policy_gradient_loss | 0.0187     |
|    std                  | 1          |
|    value_loss           | 2.76e+08   |
----------------------------------------
-----------------------------------------
| rollout/                |             |
|    ep_len_mean          | 34.3        |
|    ep_rew_mean          | 9.28e+05    |
| time/                   |             |
|    fps                  | 72          |
|    iterations           | 46          |
|    time_elapsed         | 41428       |
|    total_timesteps      | 3014656     |
| train/                  |             |
|    approx_kl            | 0.030162366 |
|    clip_fraction        | 0.0495      |
|    clip_range           | 0.5         |
|    entropy_loss         | -2.84       |
|    explained_variance   | 0.987       |
|    learning_rate        | 0.0001      |
|    loss                 | 1.26e+08    |
|    n_updates            | 1440        |
|    policy_gradient_loss | 0.02        |
|    std                  | 1           |
|    value_loss           | 2.93e+08    |
-----------------------------------------
-----------------------------------------
| rollout/                |             |
|    ep_len_mean          | 29.7        |
|    ep_rew_mean          | 9.3e+05     |
| time/                   |             |
|    fps                  | 73          |
|    iterations           | 47          |
|    time_elapsed         | 41907       |
|    total_timesteps      | 3080192     |
| train/                  |             |
|    approx_kl            | 0.027199911 |
|    clip_fraction        | 0.0282      |
|    clip_range           | 0.5         |
|    entropy_loss         | -2.84       |
|    explained_variance   | 0.985       |
|    learning_rate        | 0.0001      |
|    loss                 | 1.18e+08    |
|    n_updates            | 1472        |
|    policy_gradient_loss | -0.00276    |
|    std                  | 1           |
|    value_loss           | 3.06e+08    |
-----------------------------------------
-----------------------------------------
| rollout/                |             |
|    ep_len_mean          | 28.8        |
|    ep_rew_mean          | 9.3e+05     |
| time/                   |             |
|    fps                  | 74          |
|    iterations           | 48          |
|    time_elapsed         | 42381       |
|    total_timesteps      | 3145728     |
| train/                  |             |
|    approx_kl            | 0.032917026 |
|    clip_fraction        | 0.036       |
|    clip_range           | 0.5         |
|    entropy_loss         | -2.84       |
|    explained_variance   | 0.985       |
|    learning_rate        | 0.0001      |
|    loss                 | 1.77e+08    |
|    n_updates            | 1504        |
|    policy_gradient_loss | -0.00466    |
|    std                  | 1           |
|    value_loss           | 3.51e+08    |
-----------------------------------------
-----------------------------------------
| rollout/                |             |
|    ep_len_mean          | 33.5        |
|    ep_rew_mean          | 9.3e+05     |
| time/                   |             |
|    fps                  | 74          |
|    iterations           | 49          |
|    time_elapsed         | 42859       |
|    total_timesteps      | 3211264     |
| train/                  |             |
|    approx_kl            | 0.040155064 |
|    clip_fraction        | 0.0506      |
|    clip_range           | 0.5         |
|    entropy_loss         | -2.84       |
|    explained_variance   | 0.986       |
|    learning_rate        | 0.0001      |
|    loss                 | 1.3e+08     |
|    n_updates            | 1536        |
|    policy_gradient_loss | 0.0152      |
|    std                  | 1           |
|    value_loss           | 3.48e+08    |
-----------------------------------------
----------------------------------------
| rollout/                |            |
|    ep_len_mean          | 30.5       |
|    ep_rew_mean          | 9.34e+05   |
| time/                   |            |
|    fps                  | 75         |
|    iterations           | 50         |
|    time_elapsed         | 43335      |
|    total_timesteps      | 3276800    |
| train/                  |            |
|    approx_kl            | 0.03672876 |
|    clip_fraction        | 0.0407     |
|    clip_range           | 0.5        |
|    entropy_loss         | -2.84      |
|    explained_variance   | 0.987      |
|    learning_rate        | 0.0001     |
|    loss                 | 1.03e+08   |
|    n_updates            | 1568       |
|    policy_gradient_loss | -0.00124   |
|    std                  | 1          |
|    value_loss           | 2.85e+08   |
----------------------------------------
-----------------------------------------
| rollout/                |             |
|    ep_len_mean          | 26.5        |
|    ep_rew_mean          | 9.31e+05    |
| time/                   |             |
|    fps                  | 76          |
|    iterations           | 51          |
|    time_elapsed         | 43811       |
|    total_timesteps      | 3342336     |
| train/                  |             |
|    approx_kl            | 0.037674084 |
|    clip_fraction        | 0.0591      |
|    clip_range           | 0.5         |
|    entropy_loss         | -2.84       |
|    explained_variance   | 0.985       |
|    learning_rate        | 0.0001      |
|    loss                 | 1.23e+08    |
|    n_updates            | 1600        |
|    policy_gradient_loss | 0.00402     |
|    std                  | 1           |
|    value_loss           | 3e+08       |
-----------------------------------------
----------------------------------------
| rollout/                |            |
|    ep_len_mean          | 34.3       |
|    ep_rew_mean          | 9.25e+05   |
| time/                   |            |
|    fps                  | 76         |
|    iterations           | 52         |
|    time_elapsed         | 44289      |
|    total_timesteps      | 3407872    |
| train/                  |            |
|    approx_kl            | 0.06779194 |
|    clip_fraction        | 0.0736     |
|    clip_range           | 0.5        |
|    entropy_loss         | -2.84      |
|    explained_variance   | 0.986      |
|    learning_rate        | 0.0001     |
|    loss                 | 1.14e+08   |
|    n_updates            | 1632       |
|    policy_gradient_loss | 0.0192     |
|    std                  | 1          |
|    value_loss           | 3.01e+08   |
----------------------------------------
----------------------------------------
| rollout/                |            |
|    ep_len_mean          | 48.8       |
|    ep_rew_mean          | 9.29e+05   |
| time/                   |            |
|    fps                  | 77         |
|    iterations           | 53         |
|    time_elapsed         | 44764      |
|    total_timesteps      | 3473408    |
| train/                  |            |
|    approx_kl            | 0.05629587 |
|    clip_fraction        | 0.0752     |
|    clip_range           | 0.5        |
|    entropy_loss         | -2.84      |
|    explained_variance   | 0.983      |
|    learning_rate        | 0.0001     |
|    loss                 | 1.4e+08    |
|    n_updates            | 1664       |
|    policy_gradient_loss | 0.0279     |
|    std                  | 1          |
|    value_loss           | 3.01e+08   |
----------------------------------------
----------------------------------------
| rollout/                |            |
|    ep_len_mean          | 48.5       |
|    ep_rew_mean          | 9.3e+05    |
| time/                   |            |
|    fps                  | 78         |
|    iterations           | 54         |
|    time_elapsed         | 45237      |
|    total_timesteps      | 3538944    |
| train/                  |            |
|    approx_kl            | 0.06028214 |
|    clip_fraction        | 0.0783     |
|    clip_range           | 0.5        |
|    entropy_loss         | -2.84      |
|    explained_variance   | 0.971      |
|    learning_rate        | 0.0001     |
|    loss                 | 7.44e+07   |
|    n_updates            | 1696       |
|    policy_gradient_loss | -0.00191   |
|    std                  | 1          |
|    value_loss           | 2.71e+08   |
----------------------------------------
-----------------------------------------
| rollout/                |             |
|    ep_len_mean          | 67.6        |
|    ep_rew_mean          | 9.32e+05    |
| time/                   |             |
|    fps                  | 78          |
|    iterations           | 55          |
|    time_elapsed         | 45715       |
|    total_timesteps      | 3604480     |
| train/                  |             |
|    approx_kl            | 0.072987095 |
|    clip_fraction        | 0.0903      |
|    clip_range           | 0.5         |
|    entropy_loss         | -2.84       |
|    explained_variance   | 0.966       |
|    learning_rate        | 0.0001      |
|    loss                 | 1.47e+08    |
|    n_updates            | 1728        |
|    policy_gradient_loss | 0.0186      |
|    std                  | 1           |
|    value_loss           | 3.37e+08    |
-----------------------------------------
-----------------------------------------
| rollout/                |             |
|    ep_len_mean          | 63          |
|    ep_rew_mean          | 9.29e+05    |
| time/                   |             |
|    fps                  | 79          |
|    iterations           | 56          |
|    time_elapsed         | 46186       |
|    total_timesteps      | 3670016     |
| train/                  |             |
|    approx_kl            | 0.048325017 |
|    clip_fraction        | 0.0675      |
|    clip_range           | 0.5         |
|    entropy_loss         | -2.84       |
|    explained_variance   | 0.951       |
|    learning_rate        | 0.0001      |
|    loss                 | 9.41e+07    |
|    n_updates            | 1760        |
|    policy_gradient_loss | -0.00475    |
|    std                  | 1           |
|    value_loss           | 3.13e+08    |
-----------------------------------------
----------------------------------------
| rollout/                |            |
|    ep_len_mean          | 56.9       |
|    ep_rew_mean          | 9.27e+05   |
| time/                   |            |
|    fps                  | 80         |
|    iterations           | 57         |
|    time_elapsed         | 46654      |
|    total_timesteps      | 3735552    |
| train/                  |            |
|    approx_kl            | 0.07440895 |
|    clip_fraction        | 0.138      |
|    clip_range           | 0.5        |
|    entropy_loss         | -2.84      |
|    explained_variance   | 0.955      |
|    learning_rate        | 0.0001     |
|    loss                 | 1.22e+08   |
|    n_updates            | 1792       |
|    policy_gradient_loss | -0.00696   |
|    std                  | 1          |
|    value_loss           | 3.34e+08   |
----------------------------------------
----------------------------------------
| rollout/                |            |
|    ep_len_mean          | 52.1       |
|    ep_rew_mean          | 9.29e+05   |
| time/                   |            |
|    fps                  | 80         |
|    iterations           | 58         |
|    time_elapsed         | 47126      |
|    total_timesteps      | 3801088    |
| train/                  |            |
|    approx_kl            | 0.06752403 |
|    clip_fraction        | 0.0912     |
|    clip_range           | 0.5        |
|    entropy_loss         | -2.84      |
|    explained_variance   | 0.952      |
|    learning_rate        | 0.0001     |
|    loss                 | 1.52e+08   |
|    n_updates            | 1824       |
|    policy_gradient_loss | 0.00763    |
|    std                  | 1          |
|    value_loss           | 4.08e+08   |
----------------------------------------
----------------------------------------
| rollout/                |            |
|    ep_len_mean          | 63.1       |
|    ep_rew_mean          | 9.29e+05   |
| time/                   |            |
|    fps                  | 81         |
|    iterations           | 59         |
|    time_elapsed         | 47598      |
|    total_timesteps      | 3866624    |
| train/                  |            |
|    approx_kl            | 0.06695241 |
|    clip_fraction        | 0.125      |
|    clip_range           | 0.5        |
|    entropy_loss         | -2.84      |
|    explained_variance   | 0.953      |
|    learning_rate        | 0.0001     |
|    loss                 | 1.35e+08   |
|    n_updates            | 1856       |
|    policy_gradient_loss | 0.0121     |
|    std                  | 1          |
|    value_loss           | 4.17e+08   |
----------------------------------------
-----------------------------------------
| rollout/                |             |
|    ep_len_mean          | 47.5        |
|    ep_rew_mean          | 9.28e+05    |
| time/                   |             |
|    fps                  | 81          |
|    iterations           | 60          |
|    time_elapsed         | 48070       |
|    total_timesteps      | 3932160     |
| train/                  |             |
|    approx_kl            | 0.081797145 |
|    clip_fraction        | 0.143       |
|    clip_range           | 0.5         |
|    entropy_loss         | -2.84       |
|    explained_variance   | 0.946       |
|    learning_rate        | 0.0001      |
|    loss                 | 1.46e+08    |
|    n_updates            | 1888        |
|    policy_gradient_loss | -0.000474   |
|    std                  | 1           |
|    value_loss           | 4.37e+08    |
-----------------------------------------
----------------------------------------
| rollout/                |            |
|    ep_len_mean          | 45.6       |
|    ep_rew_mean          | 9.27e+05   |
| time/                   |            |
|    fps                  | 82         |
|    iterations           | 61         |
|    time_elapsed         | 48537      |
|    total_timesteps      | 3997696    |
| train/                  |            |
|    approx_kl            | 0.08270098 |
|    clip_fraction        | 0.114      |
|    clip_range           | 0.5        |
|    entropy_loss         | -2.84      |
|    explained_variance   | 0.952      |
|    learning_rate        | 0.0001     |
|    loss                 | 2.05e+08   |
|    n_updates            | 1920       |
|    policy_gradient_loss | 0.0156     |
|    std                  | 1          |
|    value_loss           | 5.34e+08   |
----------------------------------------
----------------------------------------
| rollout/                |            |
|    ep_len_mean          | 33.6       |
|    ep_rew_mean          | 9.34e+05   |
| time/                   |            |
|    fps                  | 82         |
|    iterations           | 62         |
|    time_elapsed         | 49006      |
|    total_timesteps      | 4063232    |
| train/                  |            |
|    approx_kl            | 0.06966253 |
|    clip_fraction        | 0.119      |
|    clip_range           | 0.5        |
|    entropy_loss         | -2.84      |
|    explained_variance   | 0.962      |
|    learning_rate        | 0.0001     |
|    loss                 | 1.55e+08   |
|    n_updates            | 1952       |
|    policy_gradient_loss | -0.00727   |
|    std                  | 1          |
|    value_loss           | 4.32e+08   |
----------------------------------------
----------------------------------------
| rollout/                |            |
|    ep_len_mean          | 36.1       |
|    ep_rew_mean          | 9.32e+05   |
| time/                   |            |
|    fps                  | 83         |
|    iterations           | 63         |
|    time_elapsed         | 49475      |
|    total_timesteps      | 4128768    |
| train/                  |            |
|    approx_kl            | 0.05465333 |
|    clip_fraction        | 0.0837     |
|    clip_range           | 0.5        |
|    entropy_loss         | -2.84      |
|    explained_variance   | 0.967      |
|    learning_rate        | 0.0001     |
|    loss                 | 1.66e+08   |
|    n_updates            | 1984       |
|    policy_gradient_loss | 0.0115     |
|    std                  | 1          |
|    value_loss           | 4.7e+08    |
----------------------------------------
----------------------------------------
| rollout/                |            |
|    ep_len_mean          | 30.1       |
|    ep_rew_mean          | 9.35e+05   |
| time/                   |            |
|    fps                  | 83         |
|    iterations           | 64         |
|    time_elapsed         | 49945      |
|    total_timesteps      | 4194304    |
| train/                  |            |
|    approx_kl            | 0.12945355 |
|    clip_fraction        | 0.179      |
|    clip_range           | 0.5        |
|    entropy_loss         | -2.84      |
|    explained_variance   | 0.969      |
|    learning_rate        | 0.0001     |
|    loss                 | 1.58e+08   |
|    n_updates            | 2016       |
|    policy_gradient_loss | -0.0013    |
|    std                  | 1          |
|    value_loss           | 4.27e+08   |
----------------------------------------
----------------------------------------
| rollout/                |            |
|    ep_len_mean          | 27.4       |
|    ep_rew_mean          | 9.31e+05   |
| time/                   |            |
|    fps                  | 84         |
|    iterations           | 65         |
|    time_elapsed         | 50415      |
|    total_timesteps      | 4259840    |
| train/                  |            |
|    approx_kl            | 0.09603086 |
|    clip_fraction        | 0.137      |
|    clip_range           | 0.5        |
|    entropy_loss         | -2.84      |
|    explained_variance   | 0.973      |
|    learning_rate        | 0.0001     |
|    loss                 | 1.95e+08   |
|    n_updates            | 2048       |
|    policy_gradient_loss | 0.00106    |
|    std                  | 1          |
|    value_loss           | 4.62e+08   |
----------------------------------------
-----------------------------------------
| rollout/                |             |
|    ep_len_mean          | 20.8        |
|    ep_rew_mean          | 9.34e+05    |
| time/                   |             |
|    fps                  | 85          |
|    iterations           | 66          |
|    time_elapsed         | 50879       |
|    total_timesteps      | 4325376     |
| train/                  |             |
|    approx_kl            | 0.056880794 |
|    clip_fraction        | 0.076       |
|    clip_range           | 0.5         |
|    entropy_loss         | -2.84       |
|    explained_variance   | 0.981       |
|    learning_rate        | 0.0001      |
|    loss                 | 2.37e+08    |
|    n_updates            | 2080        |
|    policy_gradient_loss | 0.000975    |
|    std                  | 1           |
|    value_loss           | 4.09e+08    |
-----------------------------------------
----------------------------------------
| rollout/                |            |
|    ep_len_mean          | 16.3       |
|    ep_rew_mean          | 9.34e+05   |
| time/                   |            |
|    fps                  | 85         |
|    iterations           | 67         |
|    time_elapsed         | 51350      |
|    total_timesteps      | 4390912    |
| train/                  |            |
|    approx_kl            | 0.04468268 |
|    clip_fraction        | 0.061      |
|    clip_range           | 0.5        |
|    entropy_loss         | -2.84      |
|    explained_variance   | 0.985      |
|    learning_rate        | 0.0001     |
|    loss                 | 1.13e+08   |
|    n_updates            | 2112       |
|    policy_gradient_loss | -0.0044    |
|    std                  | 1          |
|    value_loss           | 3.54e+08   |
----------------------------------------
-----------------------------------------
| rollout/                |             |
|    ep_len_mean          | 16.9        |
|    ep_rew_mean          | 9.38e+05    |
| time/                   |             |
|    fps                  | 86          |
|    iterations           | 68          |
|    time_elapsed         | 51816       |
|    total_timesteps      | 4456448     |
| train/                  |             |
|    approx_kl            | 0.032711644 |
|    clip_fraction        | 0.039       |
|    clip_range           | 0.5         |
|    entropy_loss         | -2.84       |
|    explained_variance   | 0.989       |
|    learning_rate        | 0.0001      |
|    loss                 | 1.57e+08    |
|    n_updates            | 2144        |
|    policy_gradient_loss | -6.53e-05   |
|    std                  | 1           |
|    value_loss           | 3.51e+08    |
-----------------------------------------
----------------------------------------
| rollout/                |            |
|    ep_len_mean          | 14.6       |
|    ep_rew_mean          | 9.29e+05   |
| time/                   |            |
|    fps                  | 86         |
|    iterations           | 69         |
|    time_elapsed         | 52285      |
|    total_timesteps      | 4521984    |
| train/                  |            |
|    approx_kl            | 0.03687223 |
|    clip_fraction        | 0.0624     |
|    clip_range           | 0.5        |
|    entropy_loss         | -2.84      |
|    explained_variance   | 0.991      |
|    learning_rate        | 0.0001     |
|    loss                 | 1.13e+08   |
|    n_updates            | 2176       |
|    policy_gradient_loss | -0.0102    |
|    std                  | 1          |
|    value_loss           | 3.09e+08   |
----------------------------------------
-----------------------------------------
| rollout/                |             |
|    ep_len_mean          | 16.6        |
|    ep_rew_mean          | 9.27e+05    |
| time/                   |             |
|    fps                  | 86          |
|    iterations           | 70          |
|    time_elapsed         | 52756       |
|    total_timesteps      | 4587520     |
| train/                  |             |
|    approx_kl            | 0.034053817 |
|    clip_fraction        | 0.0616      |
|    clip_range           | 0.5         |
|    entropy_loss         | -2.84       |
|    explained_variance   | 0.993       |
|    learning_rate        | 0.0001      |
|    loss                 | 1.34e+08    |
|    n_updates            | 2208        |
|    policy_gradient_loss | 0.00107     |
|    std                  | 1           |
|    value_loss           | 2.86e+08    |
-----------------------------------------
-----------------------------------------
| rollout/                |             |
|    ep_len_mean          | 16.3        |
|    ep_rew_mean          | 9.28e+05    |
| time/                   |             |
|    fps                  | 87          |
|    iterations           | 71          |
|    time_elapsed         | 53226       |
|    total_timesteps      | 4653056     |
| train/                  |             |
|    approx_kl            | 0.022091426 |
|    clip_fraction        | 0.024       |
|    clip_range           | 0.5         |
|    entropy_loss         | -2.84       |
|    explained_variance   | 0.994       |
|    learning_rate        | 0.0001      |
|    loss                 | 1.1e+08     |
|    n_updates            | 2240        |
|    policy_gradient_loss | -0.000911   |
|    std                  | 1           |
|    value_loss           | 2.7e+08     |
-----------------------------------------
-----------------------------------------
| rollout/                |             |
|    ep_len_mean          | 14.4        |
|    ep_rew_mean          | 9.31e+05    |
| time/                   |             |
|    fps                  | 87          |
|    iterations           | 72          |
|    time_elapsed         | 53701       |
|    total_timesteps      | 4718592     |
| train/                  |             |
|    approx_kl            | 0.032493353 |
|    clip_fraction        | 0.0412      |
|    clip_range           | 0.5         |
|    entropy_loss         | -2.84       |
|    explained_variance   | 0.993       |
|    learning_rate        | 0.0001      |
|    loss                 | 1.06e+08    |
|    n_updates            | 2272        |
|    policy_gradient_loss | -0.00831    |
|    std                  | 1           |
|    value_loss           | 2.81e+08    |
-----------------------------------------
-----------------------------------------
| rollout/                |             |
|    ep_len_mean          | 11.3        |
|    ep_rew_mean          | 9.33e+05    |
| time/                   |             |
|    fps                  | 88          |
|    iterations           | 73          |
|    time_elapsed         | 54169       |
|    total_timesteps      | 4784128     |
| train/                  |             |
|    approx_kl            | 0.029433325 |
|    clip_fraction        | 0.0596      |
|    clip_range           | 0.5         |
|    entropy_loss         | -2.84       |
|    explained_variance   | 0.993       |
|    learning_rate        | 0.0001      |
|    loss                 | 1.17e+08    |
|    n_updates            | 2304        |
|    policy_gradient_loss | -0.00125    |
|    std                  | 1           |
|    value_loss           | 2.87e+08    |
-----------------------------------------
-----------------------------------------
| rollout/                |             |
|    ep_len_mean          | 14.2        |
|    ep_rew_mean          | 9.33e+05    |
| time/                   |             |
|    fps                  | 88          |
|    iterations           | 74          |
|    time_elapsed         | 54639       |
|    total_timesteps      | 4849664     |
| train/                  |             |
|    approx_kl            | 0.026313065 |
|    clip_fraction        | 0.0326      |
|    clip_range           | 0.5         |
|    entropy_loss         | -2.84       |
|    explained_variance   | 0.994       |
|    learning_rate        | 0.0001      |
|    loss                 | 1.25e+08    |
|    n_updates            | 2336        |
|    policy_gradient_loss | 0.00218     |
|    std                  | 1           |
|    value_loss           | 2.9e+08     |
-----------------------------------------
----------------------------------------
| rollout/                |            |
|    ep_len_mean          | 13.3       |
|    ep_rew_mean          | 9.32e+05   |
| time/                   |            |
|    fps                  | 89         |
|    iterations           | 75         |
|    time_elapsed         | 55111      |
|    total_timesteps      | 4915200    |
| train/                  |            |
|    approx_kl            | 0.03889358 |
|    clip_fraction        | 0.0408     |
|    clip_range           | 0.5        |
|    entropy_loss         | -2.84      |
|    explained_variance   | 0.994      |
|    learning_rate        | 0.0001     |
|    loss                 | 1.49e+08   |
|    n_updates            | 2368       |
|    policy_gradient_loss | -0.00403   |
|    std                  | 1          |
|    value_loss           | 2.96e+08   |
----------------------------------------
-----------------------------------------
| rollout/                |             |
|    ep_len_mean          | 13.4        |
|    ep_rew_mean          | 9.33e+05    |
| time/                   |             |
|    fps                  | 89          |
|    iterations           | 76          |
|    time_elapsed         | 55579       |
|    total_timesteps      | 4980736     |
| train/                  |             |
|    approx_kl            | 0.032167554 |
|    clip_fraction        | 0.0402      |
|    clip_range           | 0.5         |
|    entropy_loss         | -2.84       |
|    explained_variance   | 0.994       |
|    learning_rate        | 0.0001      |
|    loss                 | 1.4e+08     |
|    n_updates            | 2400        |
|    policy_gradient_loss | 0.00957     |
|    std                  | 1           |
|    value_loss           | 3.02e+08    |
-----------------------------------------
-----------------------------------------
| rollout/                |             |
|    ep_len_mean          | 13.5        |
|    ep_rew_mean          | 9.33e+05    |
| time/                   |             |
|    fps                  | 90          |
|    iterations           | 77          |
|    time_elapsed         | 56053       |
|    total_timesteps      | 5046272     |
| train/                  |             |
|    approx_kl            | 0.020767381 |
|    clip_fraction        | 0.027       |
|    clip_range           | 0.5         |
|    entropy_loss         | -2.84       |
|    explained_variance   | 0.994       |
|    learning_rate        | 0.0001      |
|    loss                 | 1.26e+08    |
|    n_updates            | 2432        |
|    policy_gradient_loss | -0.00414    |
|    std                  | 1           |
|    value_loss           | 2.99e+08    |
-----------------------------------------
 100% ━━━━━━━━━━━━━━━━━━━━━ 5,046,272/5,000,000  [ 15:28:55 < 0:00:00 , ? it/s ]
Saving the action history...
Percentage covered:  80.33
Number of actions: 14
Saving the action history...
Percentage covered:  45.21
Number of actions: 4
Saving the action history...
Percentage covered:  65.22
Number of actions: 15
Saving the action history...
Percentage covered:  83.54
Number of actions: 6
Saving the action history...
Percentage covered:  58.220000000000006
Number of actions: 5
Saving the action history...
Percentage covered:  84.53
Number of actions: 11
Saving the action history...
Percentage covered:  87.52
Number of actions: 66
Saving the action history...
Percentage covered:  82.69999999999999
Number of actions: 8
Saving the action history...
Percentage covered:  58.620000000000005
Number of actions: 14
Saving the action history...
Percentage covered:  88.64
Number of actions: 42
Saving the action history...
Percentage covered:  32.59
Number of actions: 1
Saving the action history...
Percentage covered:  58.41
Number of actions: 4
Saving the action history...
Percentage covered:  74.58
Number of actions: 27
Saving the action history...
Percentage covered:  63.190000000000005
Number of actions: 11
Saving the action history...
Percentage covered:  68.93
Number of actions: 16
Saving the action history...
Percentage covered:  45.379999999999995
Number of actions: 2
Saving the action history...
Percentage covered:  77.98
Number of actions: 4
Saving the action history...
Percentage covered:  32.879999999999995
Number of actions: 2
Saving the action history...
Percentage covered:  81.6
Number of actions: 4
Saving the action history...
Percentage covered:  89.25
Number of actions: 16
Saving the action history...
Percentage covered:  62.4
Number of actions: 11
Saving the action history...
Percentage covered:  87.46000000000001
Number of actions: 22
Saving the action history...
Percentage covered:  87.44
Number of actions: 8
Saving the action history...
Percentage covered:  69.04
Number of actions: 22
Saving the action history...
Percentage covered:  84.73
Number of actions: 31
Saving the action history...
Percentage covered:  75.16000000000001
Number of actions: 11
Saving the action history...
Percentage covered:  25.629999999999995
Number of actions: 2
Saving the action history...
Percentage covered:  66.18
Number of actions: 7
Saving the action history...
Percentage covered:  34.94
Number of actions: 2
Saving the action history...
Percentage covered:  31.840000000000003
Number of actions: 5
Saving the action history...
Percentage covered:  0.0
Number of actions: 0
Saving the action history...
Percentage covered:  66.38
Number of actions: 16
Saving the action history...
Percentage covered:  40.129999999999995
Number of actions: 7
Saving the action history...
Percentage covered:  51.519999999999996
Number of actions: 12
Saving the action history...
Percentage covered:  0.0
Number of actions: 0
Saving the action history...
Percentage covered:  64.05
Number of actions: 10
Saving the action history...
Percentage covered:  73.54
Number of actions: 11
Saving the action history...
Percentage covered:  85.91
Number of actions: 9
Saving the action history...
Percentage covered:  83.27
Number of actions: 22
Saving the action history...
Percentage covered:  41.46
Number of actions: 2
Saving the action history...
Percentage covered:  79.21000000000001
Number of actions: 30
Saving the action history...
Percentage covered:  86.11999999999999
Number of actions: 19
Saving the action history...
Percentage covered:  64.67
Number of actions: 7
Saving the action history...
Percentage covered:  85.89
Number of actions: 4
Saving the action history...
Percentage covered:  82.46
Number of actions: 30
Saving the action history...
Percentage covered:  25.619999999999997
Number of actions: 1
Saving the action history...
Percentage covered:  26.38
Number of actions: 1
Saving the action history...
Percentage covered:  38.2
Number of actions: 1
Saving the action history...
Percentage covered:  61.71
Number of actions: 6
Saving the action history...
Percentage covered:  89.02
Number of actions: 28
Saving the action history...
Percentage covered:  52.49
Number of actions: 6
Saving the action history...
Percentage covered:  88.39
Number of actions: 40
Saving the action history...
Percentage covered:  77.24
Number of actions: 18
Saving the action history...
Percentage covered:  35.949999999999996
Number of actions: 1
Saving the action history...
Percentage covered:  83.58
Number of actions: 12
Saving the action history...
Percentage covered:  41.349999999999994
Number of actions: 6
Saving the action history...
Percentage covered:  74.9
Number of actions: 8
Saving the action history...
Percentage covered:  86.09
Number of actions: 11
Saving the action history...
Percentage covered:  77.08
Number of actions: 6
Saving the action history...
Percentage covered:  25.619999999999997
Number of actions: 1
Saving the action history...
Percentage covered:  0.0
Number of actions: 0
Saving the action history...
Percentage covered:  80.28
Number of actions: 5
Saving the action history...
Percentage covered:  88.56
Number of actions: 38
Saving the action history...
Percentage covered:  63.949999999999996
Number of actions: 17
Saving to logs/ppo/CoverageEnv-v0_15
