nohup: ignoring input
2025-01-02 19:29:25.479445: I tensorflow/core/util/port.cc:110] oneDNN custom operations are on. You may see slightly different numerical results due to floating-point round-off errors from different computation orders. To turn them off, set the environment variable `TF_ENABLE_ONEDNN_OPTS=0`.
2025-01-02 19:29:25.480737: I tensorflow/tsl/cuda/cudart_stub.cc:28] Could not find cuda drivers on your machine, GPU will not be used.
2025-01-02 19:29:25.503880: I tensorflow/core/platform/cpu_feature_guard.cc:182] This TensorFlow binary is optimized to use available CPU instructions in performance-critical operations.
To enable the following instructions: AVX2 AVX512F AVX512_VNNI AVX512_BF16 FMA, in other operations, rebuild TensorFlow with the appropriate compiler flags.
2025-01-02 19:29:25.867999: W tensorflow/compiler/tf2tensorrt/utils/py_utils.cc:38] TF-TRT Warning: Could not find TensorRT
========== CoverageEnv-v0 ==========
Seed: 2310498444
Loading hyperparameters from: /home/dir/RL_CoveragePlanning/rl-baselines3-zoo/hyperparams/ppo.yml
Default hyperparameters for environment (ones being tuned will be overridden):
OrderedDict([('batch_size', 1024),
             ('clip_range', 0.5),
             ('ent_coef', 0.75),
             ('gae_lambda', 0.95),
             ('gamma', 0.99),
             ('learning_rate', 0.0001),
             ('n_envs', 64),
             ('n_epochs', 32),
             ('n_steps', 1024),
             ('n_timesteps', 5000000.0),
             ('policy',
              'viewpoint_env.coverageAgentPolicy.CoverageAgentPolicy')])
Using 64 environments
Mesh file: test_7.obj loaded for environment...
Mesh file: test_8.obj loaded for environment...
Mesh file: test_7.obj loaded for environment...
Mesh file: test_8.obj loaded for environment...
Mesh file: test_4.obj loaded for environment...
Mesh file: test_0.obj loaded for environment...
Mesh file: test_3.obj loaded for environment...
Mesh file: test_6.obj loaded for environment...
Mesh file: test_1.obj loaded for environment...
Mesh file: test_8.obj loaded for environment...
Mesh file: test_7.obj loaded for environment...
Mesh file: test_6.obj loaded for environment...
Mesh file: test_5.obj loaded for environment...
Mesh file: test_6.obj loaded for environment...
Mesh file: test_3.obj loaded for environment...
Mesh file: test_1.obj loaded for environment...
Mesh file: test_0.obj loaded for environment...
Mesh file: test_5.obj loaded for environment...
Mesh file: test_1.obj loaded for environment...
Mesh file: test_2.obj loaded for environment...
Mesh file: test_1.obj loaded for environment...
Mesh file: test_3.obj loaded for environment...
Mesh file: test_1.obj loaded for environment...
Mesh file: test_7.obj loaded for environment...
Mesh file: test_4.obj loaded for environment...
Mesh file: test_5.obj loaded for environment...
Mesh file: test_3.obj loaded for environment...
Mesh file: test_2.obj loaded for environment...
Mesh file: test_7.obj loaded for environment...
Mesh file: test_7.obj loaded for environment...
Mesh file: test_2.obj loaded for environment...
Mesh file: test_5.obj loaded for environment...
Mesh file: test_1.obj loaded for environment...
Mesh file: test_1.obj loaded for environment...
Mesh file: test_2.obj loaded for environment...
Mesh file: test_1.obj loaded for environment...
Mesh file: test_3.obj loaded for environment...
Mesh file: test_1.obj loaded for environment...
Mesh file: test_0.obj loaded for environment...
Mesh file: test_2.obj loaded for environment...
Mesh file: test_1.obj loaded for environment...
Mesh file: test_6.obj loaded for environment...
Mesh file: test_6.obj loaded for environment...
Mesh file: test_2.obj loaded for environment...
Mesh file: test_5.obj loaded for environment...
Mesh file: test_6.obj loaded for environment...
Mesh file: test_2.obj loaded for environment...
Mesh file: test_3.obj loaded for environment...
Mesh file: test_6.obj loaded for environment...
Mesh file: test_1.obj loaded for environment...
Mesh file: test_7.obj loaded for environment...
Mesh file: test_2.obj loaded for environment...
Mesh file: test_6.obj loaded for environment...
Mesh file: test_5.obj loaded for environment...
Mesh file: test_5.obj loaded for environment...
Mesh file: test_0.obj loaded for environment...
Mesh file: test_0.obj loaded for environment...
Mesh file: test_8.obj loaded for environment...
Mesh file: test_1.obj loaded for environment...
Mesh file: test_7.obj loaded for environment...
Mesh file: test_7.obj loaded for environment...
Mesh file: test_8.obj loaded for environment...
Mesh file: test_2.obj loaded for environment...
Mesh file: test_5.obj loaded for environment...
Using cuda device
Log path: logs/ppo/CoverageEnv-v0_16
/usr/local/lib/python3.8/dist-packages/gymnasium/utils/passive_env_checker.py:135: UserWarning: [33mWARN: The obs returned by the `reset()` method was expecting numpy array dtype to be float32, actual type: float64[0m
  logger.warn(
/usr/local/lib/python3.8/dist-packages/gymnasium/utils/passive_env_checker.py:159: UserWarning: [33mWARN: The obs returned by the `reset()` method is not within the observation space.[0m
  logger.warn(f"{pre} is not within the observation space.")
Logging to /home/dir/RL_CoveragePlanning/tensorboard/CoverageEnv-v0/CoverageEnv-v0/PPO_16
/usr/local/lib/python3.8/dist-packages/gymnasium/utils/passive_env_checker.py:135: UserWarning: [33mWARN: The obs returned by the `step()` method was expecting numpy array dtype to be float32, actual type: float64[0m
  logger.warn(
/usr/local/lib/python3.8/dist-packages/gymnasium/utils/passive_env_checker.py:159: UserWarning: [33mWARN: The obs returned by the `step()` method is not within the observation space.[0m
  logger.warn(f"{pre} is not within the observation space.")
---------------------------------
| rollout/           |          |
|    ep_len_mean     | 14.5     |
|    ep_rew_mean     | 9.4e+05  |
| time/              |          |
|    fps             | 246      |
|    iterations      | 1        |
|    time_elapsed    | 265      |
|    total_timesteps | 65536    |
---------------------------------
-----------------------------------------
| rollout/                |             |
|    ep_len_mean          | 15.4        |
|    ep_rew_mean          | 9.39e+05    |
| time/                   |             |
|    fps                  | 221         |
|    iterations           | 2           |
|    time_elapsed         | 592         |
|    total_timesteps      | 131072      |
| train/                  |             |
|    approx_kl            | 0.018384527 |
|    clip_fraction        | 0.0324      |
|    clip_range           | 0.5         |
|    entropy_loss         | -2.84       |
|    explained_variance   | -2.38e-07   |
|    learning_rate        | 0.0001      |
|    loss                 | 4.27e+10    |
|    n_updates            | 32          |
|    policy_gradient_loss | 0.00274     |
|    std                  | 1           |
|    value_loss           | 8.62e+10    |
-----------------------------------------
-----------------------------------------
| rollout/                |             |
|    ep_len_mean          | 13.3        |
|    ep_rew_mean          | 9.38e+05    |
| time/                   |             |
|    fps                  | 184         |
|    iterations           | 3           |
|    time_elapsed         | 1063        |
|    total_timesteps      | 196608      |
| train/                  |             |
|    approx_kl            | 0.010208875 |
|    clip_fraction        | 0.000213    |
|    clip_range           | 0.5         |
|    entropy_loss         | -2.84       |
|    explained_variance   | 1.79e-07    |
|    learning_rate        | 0.0001      |
|    loss                 | 3.68e+10    |
|    n_updates            | 64          |
|    policy_gradient_loss | -0.000756   |
|    std                  | 1           |
|    value_loss           | 8.49e+10    |
-----------------------------------------
------------------------------------------
| rollout/                |              |
|    ep_len_mean          | 13.7         |
|    ep_rew_mean          | 9.31e+05     |
| time/                   |              |
|    fps                  | 169          |
|    iterations           | 4            |
|    time_elapsed         | 1548         |
|    total_timesteps      | 262144       |
| train/                  |              |
|    approx_kl            | 0.0052496823 |
|    clip_fraction        | 4.77e-07     |
|    clip_range           | 0.5          |
|    entropy_loss         | -2.84        |
|    explained_variance   | 0            |
|    learning_rate        | 0.0001       |
|    loss                 | 4.14e+10     |
|    n_updates            | 96           |
|    policy_gradient_loss | -0.000359    |
|    std                  | 1            |
|    value_loss           | 8.5e+10      |
------------------------------------------
------------------------------------------
| rollout/                |              |
|    ep_len_mean          | 14.8         |
|    ep_rew_mean          | 9.38e+05     |
| time/                   |              |
|    fps                  | 162          |
|    iterations           | 5            |
|    time_elapsed         | 2019         |
|    total_timesteps      | 327680       |
| train/                  |              |
|    approx_kl            | 0.0039027976 |
|    clip_fraction        | 0            |
|    clip_range           | 0.5          |
|    entropy_loss         | -2.84        |
|    explained_variance   | -1.19e-07    |
|    learning_rate        | 0.0001       |
|    loss                 | 3.5e+10      |
|    n_updates            | 128          |
|    policy_gradient_loss | -0.00015     |
|    std                  | 1            |
|    value_loss           | 8.27e+10     |
------------------------------------------
------------------------------------------
| rollout/                |              |
|    ep_len_mean          | 11.7         |
|    ep_rew_mean          | 9.33e+05     |
| time/                   |              |
|    fps                  | 157          |
|    iterations           | 6            |
|    time_elapsed         | 2492         |
|    total_timesteps      | 393216       |
| train/                  |              |
|    approx_kl            | 0.0034256768 |
|    clip_fraction        | 0            |
|    clip_range           | 0.5          |
|    entropy_loss         | -2.84        |
|    explained_variance   | 1.19e-07     |
|    learning_rate        | 0.0001       |
|    loss                 | 4.49e+10     |
|    n_updates            | 160          |
|    policy_gradient_loss | -0.000219    |
|    std                  | 1            |
|    value_loss           | 8.26e+10     |
------------------------------------------
------------------------------------------
| rollout/                |              |
|    ep_len_mean          | 14           |
|    ep_rew_mean          | 9.37e+05     |
| time/                   |              |
|    fps                  | 154          |
|    iterations           | 7            |
|    time_elapsed         | 2968         |
|    total_timesteps      | 458752       |
| train/                  |              |
|    approx_kl            | 0.0032903787 |
|    clip_fraction        | 0            |
|    clip_range           | 0.5          |
|    entropy_loss         | -2.84        |
|    explained_variance   | 0            |
|    learning_rate        | 0.0001       |
|    loss                 | 3.54e+10     |
|    n_updates            | 192          |
|    policy_gradient_loss | -0.000437    |
|    std                  | 1            |
|    value_loss           | 8.13e+10     |
------------------------------------------
-----------------------------------------
| rollout/                |             |
|    ep_len_mean          | 12.5        |
|    ep_rew_mean          | 9.37e+05    |
| time/                   |             |
|    fps                  | 152         |
|    iterations           | 8           |
|    time_elapsed         | 3446        |
|    total_timesteps      | 524288      |
| train/                  |             |
|    approx_kl            | 0.003162688 |
|    clip_fraction        | 0           |
|    clip_range           | 0.5         |
|    entropy_loss         | -2.84       |
|    explained_variance   | 0           |
|    learning_rate        | 0.0001      |
|    loss                 | 3.65e+10    |
|    n_updates            | 224         |
|    policy_gradient_loss | -0.000118   |
|    std                  | 1           |
|    value_loss           | 7.73e+10    |
-----------------------------------------
------------------------------------------
| rollout/                |              |
|    ep_len_mean          | 13.2         |
|    ep_rew_mean          | 9.38e+05     |
| time/                   |              |
|    fps                  | 150          |
|    iterations           | 9            |
|    time_elapsed         | 3918         |
|    total_timesteps      | 589824       |
| train/                  |              |
|    approx_kl            | 0.0031100817 |
|    clip_fraction        | 0            |
|    clip_range           | 0.5          |
|    entropy_loss         | -2.84        |
|    explained_variance   | -1.19e-07    |
|    learning_rate        | 0.0001       |
|    loss                 | 3.38e+10     |
|    n_updates            | 256          |
|    policy_gradient_loss | -0.000298    |
|    std                  | 1            |
|    value_loss           | 7.36e+10     |
------------------------------------------
------------------------------------------
| rollout/                |              |
|    ep_len_mean          | 12.7         |
|    ep_rew_mean          | 9.36e+05     |
| time/                   |              |
|    fps                  | 148          |
|    iterations           | 10           |
|    time_elapsed         | 4398         |
|    total_timesteps      | 655360       |
| train/                  |              |
|    approx_kl            | 0.0029393504 |
|    clip_fraction        | 0            |
|    clip_range           | 0.5          |
|    entropy_loss         | -2.84        |
|    explained_variance   | 1.79e-07     |
|    learning_rate        | 0.0001       |
|    loss                 | 2.84e+10     |
|    n_updates            | 288          |
|    policy_gradient_loss | -6.56e-05    |
|    std                  | 1            |
|    value_loss           | 6.82e+10     |
------------------------------------------
---------------------------------------
| rollout/                |           |
|    ep_len_mean          | 11.1      |
|    ep_rew_mean          | 9.35e+05  |
| time/                   |           |
|    fps                  | 147       |
|    iterations           | 11        |
|    time_elapsed         | 4871      |
|    total_timesteps      | 720896    |
| train/                  |           |
|    approx_kl            | 0.2726889 |
|    clip_fraction        | 0.147     |
|    clip_range           | 0.5       |
|    entropy_loss         | -2.84     |
|    explained_variance   | 4.71e-06  |
|    learning_rate        | 0.0001    |
|    loss                 | 3.1e+10   |
|    n_updates            | 320       |
|    policy_gradient_loss | 0.0279    |
|    std                  | 1         |
|    value_loss           | 6.36e+10  |
---------------------------------------
-----------------------------------------
| rollout/                |             |
|    ep_len_mean          | 10.9        |
|    ep_rew_mean          | 9.33e+05    |
| time/                   |             |
|    fps                  | 146         |
|    iterations           | 12          |
|    time_elapsed         | 5357        |
|    total_timesteps      | 786432      |
| train/                  |             |
|    approx_kl            | 0.083428726 |
|    clip_fraction        | 0.0821      |
|    clip_range           | 0.5         |
|    entropy_loss         | -2.84       |
|    explained_variance   | 0.173       |
|    learning_rate        | 0.0001      |
|    loss                 | 2.45e+10    |
|    n_updates            | 352         |
|    policy_gradient_loss | 0.0037      |
|    std                  | 1           |
|    value_loss           | 5.59e+10    |
-----------------------------------------
----------------------------------------
| rollout/                |            |
|    ep_len_mean          | 11.2       |
|    ep_rew_mean          | 9.35e+05   |
| time/                   |            |
|    fps                  | 144        |
|    iterations           | 13         |
|    time_elapsed         | 5896       |
|    total_timesteps      | 851968     |
| train/                  |            |
|    approx_kl            | 0.05890107 |
|    clip_fraction        | 0.059      |
|    clip_range           | 0.5        |
|    entropy_loss         | -2.84      |
|    explained_variance   | 0.28       |
|    learning_rate        | 0.0001     |
|    loss                 | 2.07e+10   |
|    n_updates            | 384        |
|    policy_gradient_loss | 0.00201    |
|    std                  | 1          |
|    value_loss           | 4.85e+10   |
----------------------------------------
----------------------------------------
| rollout/                |            |
|    ep_len_mean          | 11.7       |
|    ep_rew_mean          | 9.36e+05   |
| time/                   |            |
|    fps                  | 142        |
|    iterations           | 14         |
|    time_elapsed         | 6420       |
|    total_timesteps      | 917504     |
| train/                  |            |
|    approx_kl            | 0.04493297 |
|    clip_fraction        | 0.03       |
|    clip_range           | 0.5        |
|    entropy_loss         | -2.84      |
|    explained_variance   | 0.385      |
|    learning_rate        | 0.0001     |
|    loss                 | 1.77e+10   |
|    n_updates            | 416        |
|    policy_gradient_loss | 0.000284   |
|    std                  | 1          |
|    value_loss           | 3.87e+10   |
----------------------------------------
----------------------------------------
| rollout/                |            |
|    ep_len_mean          | 11.7       |
|    ep_rew_mean          | 9.41e+05   |
| time/                   |            |
|    fps                  | 142        |
|    iterations           | 15         |
|    time_elapsed         | 6919       |
|    total_timesteps      | 983040     |
| train/                  |            |
|    approx_kl            | 0.03727787 |
|    clip_fraction        | 0.0194     |
|    clip_range           | 0.5        |
|    entropy_loss         | -2.84      |
|    explained_variance   | 0.5        |
|    learning_rate        | 0.0001     |
|    loss                 | 1.01e+10   |
|    n_updates            | 448        |
|    policy_gradient_loss | -8.14e-05  |
|    std                  | 1          |
|    value_loss           | 2.98e+10   |
----------------------------------------
-----------------------------------------
| rollout/                |             |
|    ep_len_mean          | 10.6        |
|    ep_rew_mean          | 9.37e+05    |
| time/                   |             |
|    fps                  | 141         |
|    iterations           | 16          |
|    time_elapsed         | 7403        |
|    total_timesteps      | 1048576     |
| train/                  |             |
|    approx_kl            | 0.032371342 |
|    clip_fraction        | 0.0193      |
|    clip_range           | 0.5         |
|    entropy_loss         | -2.84       |
|    explained_variance   | 0.602       |
|    learning_rate        | 0.0001      |
|    loss                 | 9.57e+09    |
|    n_updates            | 480         |
|    policy_gradient_loss | 0.00021     |
|    std                  | 1           |
|    value_loss           | 2.27e+10    |
-----------------------------------------
-----------------------------------------
| rollout/                |             |
|    ep_len_mean          | 10.1        |
|    ep_rew_mean          | 9.34e+05    |
| time/                   |             |
|    fps                  | 141         |
|    iterations           | 17          |
|    time_elapsed         | 7886        |
|    total_timesteps      | 1114112     |
| train/                  |             |
|    approx_kl            | 0.041321807 |
|    clip_fraction        | 0.02        |
|    clip_range           | 0.5         |
|    entropy_loss         | -2.84       |
|    explained_variance   | 0.708       |
|    learning_rate        | 0.0001      |
|    loss                 | 6.87e+09    |
|    n_updates            | 512         |
|    policy_gradient_loss | -0.000198   |
|    std                  | 1           |
|    value_loss           | 1.64e+10    |
-----------------------------------------
-----------------------------------------
| rollout/                |             |
|    ep_len_mean          | 10.9        |
|    ep_rew_mean          | 9.37e+05    |
| time/                   |             |
|    fps                  | 140         |
|    iterations           | 18          |
|    time_elapsed         | 8372        |
|    total_timesteps      | 1179648     |
| train/                  |             |
|    approx_kl            | 0.028380081 |
|    clip_fraction        | 0.0174      |
|    clip_range           | 0.5         |
|    entropy_loss         | -2.84       |
|    explained_variance   | 0.794       |
|    learning_rate        | 0.0001      |
|    loss                 | 4.66e+09    |
|    n_updates            | 544         |
|    policy_gradient_loss | 0.000202    |
|    std                  | 1           |
|    value_loss           | 1.13e+10    |
-----------------------------------------
----------------------------------------
| rollout/                |            |
|    ep_len_mean          | 9.93       |
|    ep_rew_mean          | 9.33e+05   |
| time/                   |            |
|    fps                  | 140        |
|    iterations           | 19         |
|    time_elapsed         | 8869       |
|    total_timesteps      | 1245184    |
| train/                  |            |
|    approx_kl            | 0.02583529 |
|    clip_fraction        | 0.0181     |
|    clip_range           | 0.5        |
|    entropy_loss         | -2.84      |
|    explained_variance   | 0.863      |
|    learning_rate        | 0.0001     |
|    loss                 | 2.22e+09   |
|    n_updates            | 576        |
|    policy_gradient_loss | 0.000471   |
|    std                  | 1          |
|    value_loss           | 6.94e+09   |
----------------------------------------
-----------------------------------------
| rollout/                |             |
|    ep_len_mean          | 9.48        |
|    ep_rew_mean          | 9.38e+05    |
| time/                   |             |
|    fps                  | 137         |
|    iterations           | 20          |
|    time_elapsed         | 9518        |
|    total_timesteps      | 1310720     |
| train/                  |             |
|    approx_kl            | 0.011411773 |
|    clip_fraction        | 0.00566     |
|    clip_range           | 0.5         |
|    entropy_loss         | -2.84       |
|    explained_variance   | 0.92        |
|    learning_rate        | 0.0001      |
|    loss                 | 1.37e+09    |
|    n_updates            | 608         |
|    policy_gradient_loss | 0.000116    |
|    std                  | 1           |
|    value_loss           | 3.73e+09    |
-----------------------------------------
-----------------------------------------
| rollout/                |             |
|    ep_len_mean          | 8.84        |
|    ep_rew_mean          | 9.32e+05    |
| time/                   |             |
|    fps                  | 134         |
|    iterations           | 21          |
|    time_elapsed         | 10242       |
|    total_timesteps      | 1376256     |
| train/                  |             |
|    approx_kl            | 0.007680309 |
|    clip_fraction        | 0.00298     |
|    clip_range           | 0.5         |
|    entropy_loss         | -2.84       |
|    explained_variance   | 0.959       |
|    learning_rate        | 0.0001      |
|    loss                 | 6.36e+08    |
|    n_updates            | 640         |
|    policy_gradient_loss | 0.000265    |
|    std                  | 1           |
|    value_loss           | 1.8e+09     |
-----------------------------------------
-----------------------------------------
| rollout/                |             |
|    ep_len_mean          | 8.98        |
|    ep_rew_mean          | 9.32e+05    |
| time/                   |             |
|    fps                  | 134         |
|    iterations           | 22          |
|    time_elapsed         | 10753       |
|    total_timesteps      | 1441792     |
| train/                  |             |
|    approx_kl            | 0.009066246 |
|    clip_fraction        | 0.00309     |
|    clip_range           | 0.5         |
|    entropy_loss         | -2.84       |
|    explained_variance   | 0.981       |
|    learning_rate        | 0.0001      |
|    loss                 | 2.29e+08    |
|    n_updates            | 672         |
|    policy_gradient_loss | 0.000622    |
|    std                  | 1           |
|    value_loss           | 7.93e+08    |
-----------------------------------------
-----------------------------------------
| rollout/                |             |
|    ep_len_mean          | 8.01        |
|    ep_rew_mean          | 9.3e+05     |
| time/                   |             |
|    fps                  | 133         |
|    iterations           | 23          |
|    time_elapsed         | 11288       |
|    total_timesteps      | 1507328     |
| train/                  |             |
|    approx_kl            | 0.025495091 |
|    clip_fraction        | 0.023       |
|    clip_range           | 0.5         |
|    entropy_loss         | -2.84       |
|    explained_variance   | 0.992       |
|    learning_rate        | 0.0001      |
|    loss                 | 1.17e+08    |
|    n_updates            | 704         |
|    policy_gradient_loss | 0.000646    |
|    std                  | 1           |
|    value_loss           | 3.64e+08    |
-----------------------------------------
------------------------------------------
| rollout/                |              |
|    ep_len_mean          | 9.87         |
|    ep_rew_mean          | 9.32e+05     |
| time/                   |              |
|    fps                  | 131          |
|    iterations           | 24           |
|    time_elapsed         | 11989        |
|    total_timesteps      | 1572864      |
| train/                  |              |
|    approx_kl            | 0.0033759573 |
|    clip_fraction        | 0.000771     |
|    clip_range           | 0.5          |
|    entropy_loss         | -2.84        |
|    explained_variance   | 0.995        |
|    learning_rate        | 0.0001       |
|    loss                 | 1.01e+08     |
|    n_updates            | 736          |
|    policy_gradient_loss | 0.000763     |
|    std                  | 1            |
|    value_loss           | 2.74e+08     |
------------------------------------------
------------------------------------------
| rollout/                |              |
|    ep_len_mean          | 8.66         |
|    ep_rew_mean          | 9.31e+05     |
| time/                   |              |
|    fps                  | 131          |
|    iterations           | 25           |
|    time_elapsed         | 12476        |
|    total_timesteps      | 1638400      |
| train/                  |              |
|    approx_kl            | 0.0028162876 |
|    clip_fraction        | 0.000598     |
|    clip_range           | 0.5          |
|    entropy_loss         | -2.84        |
|    explained_variance   | 0.995        |
|    learning_rate        | 0.0001       |
|    loss                 | 9.01e+07     |
|    n_updates            | 768          |
|    policy_gradient_loss | -3.65e-05    |
|    std                  | 1            |
|    value_loss           | 2.56e+08     |
------------------------------------------
------------------------------------------
| rollout/                |              |
|    ep_len_mean          | 9.19         |
|    ep_rew_mean          | 9.29e+05     |
| time/                   |              |
|    fps                  | 131          |
|    iterations           | 26           |
|    time_elapsed         | 12961        |
|    total_timesteps      | 1703936      |
| train/                  |              |
|    approx_kl            | 0.0048138676 |
|    clip_fraction        | 0.000834     |
|    clip_range           | 0.5          |
|    entropy_loss         | -2.84        |
|    explained_variance   | 0.995        |
|    learning_rate        | 0.0001       |
|    loss                 | 9.76e+07     |
|    n_updates            | 800          |
|    policy_gradient_loss | 0.00147      |
|    std                  | 1            |
|    value_loss           | 2.62e+08     |
------------------------------------------
------------------------------------------
| rollout/                |              |
|    ep_len_mean          | 8.38         |
|    ep_rew_mean          | 9.3e+05      |
| time/                   |              |
|    fps                  | 131          |
|    iterations           | 27           |
|    time_elapsed         | 13453        |
|    total_timesteps      | 1769472      |
| train/                  |              |
|    approx_kl            | 0.0032159938 |
|    clip_fraction        | 0.000539     |
|    clip_range           | 0.5          |
|    entropy_loss         | -2.84        |
|    explained_variance   | 0.996        |
|    learning_rate        | 0.0001       |
|    loss                 | 1.16e+08     |
|    n_updates            | 832          |
|    policy_gradient_loss | -0.000101    |
|    std                  | 1            |
|    value_loss           | 2.52e+08     |
------------------------------------------
------------------------------------------
| rollout/                |              |
|    ep_len_mean          | 9.4          |
|    ep_rew_mean          | 9.32e+05     |
| time/                   |              |
|    fps                  | 131          |
|    iterations           | 28           |
|    time_elapsed         | 13944        |
|    total_timesteps      | 1835008      |
| train/                  |              |
|    approx_kl            | 0.0033537627 |
|    clip_fraction        | 0.000796     |
|    clip_range           | 0.5          |
|    entropy_loss         | -2.84        |
|    explained_variance   | 0.995        |
|    learning_rate        | 0.0001       |
|    loss                 | 1.14e+08     |
|    n_updates            | 864          |
|    policy_gradient_loss | -0.0016      |
|    std                  | 1            |
|    value_loss           | 2.58e+08     |
------------------------------------------
------------------------------------------
| rollout/                |              |
|    ep_len_mean          | 9.84         |
|    ep_rew_mean          | 9.32e+05     |
| time/                   |              |
|    fps                  | 131          |
|    iterations           | 29           |
|    time_elapsed         | 14427        |
|    total_timesteps      | 1900544      |
| train/                  |              |
|    approx_kl            | 0.0032176718 |
|    clip_fraction        | 0.000614     |
|    clip_range           | 0.5          |
|    entropy_loss         | -2.84        |
|    explained_variance   | 0.995        |
|    learning_rate        | 0.0001       |
|    loss                 | 1.1e+08      |
|    n_updates            | 896          |
|    policy_gradient_loss | -0.0012      |
|    std                  | 1            |
|    value_loss           | 2.55e+08     |
------------------------------------------
------------------------------------------
| rollout/                |              |
|    ep_len_mean          | 9.54         |
|    ep_rew_mean          | 9.29e+05     |
| time/                   |              |
|    fps                  | 131          |
|    iterations           | 30           |
|    time_elapsed         | 14907        |
|    total_timesteps      | 1966080      |
| train/                  |              |
|    approx_kl            | 0.0029407404 |
|    clip_fraction        | 0.000573     |
|    clip_range           | 0.5          |
|    entropy_loss         | -2.84        |
|    explained_variance   | 0.995        |
|    learning_rate        | 0.0001       |
|    loss                 | 1.05e+08     |
|    n_updates            | 928          |
|    policy_gradient_loss | 0.000154     |
|    std                  | 1            |
|    value_loss           | 2.48e+08     |
------------------------------------------
------------------------------------------
| rollout/                |              |
|    ep_len_mean          | 8.28         |
|    ep_rew_mean          | 9.37e+05     |
| time/                   |              |
|    fps                  | 132          |
|    iterations           | 31           |
|    time_elapsed         | 15382        |
|    total_timesteps      | 2031616      |
| train/                  |              |
|    approx_kl            | 0.0040785326 |
|    clip_fraction        | 0.00166      |
|    clip_range           | 0.5          |
|    entropy_loss         | -2.84        |
|    explained_variance   | 0.995        |
|    learning_rate        | 0.0001       |
|    loss                 | 1.05e+08     |
|    n_updates            | 960          |
|    policy_gradient_loss | -0.000798    |
|    std                  | 1            |
|    value_loss           | 2.57e+08     |
------------------------------------------
------------------------------------------
| rollout/                |              |
|    ep_len_mean          | 10.5         |
|    ep_rew_mean          | 9.35e+05     |
| time/                   |              |
|    fps                  | 132          |
|    iterations           | 32           |
|    time_elapsed         | 15861        |
|    total_timesteps      | 2097152      |
| train/                  |              |
|    approx_kl            | 0.0030429047 |
|    clip_fraction        | 0.000616     |
|    clip_range           | 0.5          |
|    entropy_loss         | -2.84        |
|    explained_variance   | 0.995        |
|    learning_rate        | 0.0001       |
|    loss                 | 1.35e+08     |
|    n_updates            | 992          |
|    policy_gradient_loss | -0.000632    |
|    std                  | 1            |
|    value_loss           | 2.51e+08     |
------------------------------------------
------------------------------------------
| rollout/                |              |
|    ep_len_mean          | 8.62         |
|    ep_rew_mean          | 9.31e+05     |
| time/                   |              |
|    fps                  | 132          |
|    iterations           | 33           |
|    time_elapsed         | 16338        |
|    total_timesteps      | 2162688      |
| train/                  |              |
|    approx_kl            | 0.0030301416 |
|    clip_fraction        | 0.000489     |
|    clip_range           | 0.5          |
|    entropy_loss         | -2.84        |
|    explained_variance   | 0.995        |
|    learning_rate        | 0.0001       |
|    loss                 | 9.36e+07     |
|    n_updates            | 1024         |
|    policy_gradient_loss | -0.00145     |
|    std                  | 1            |
|    value_loss           | 2.59e+08     |
------------------------------------------
------------------------------------------
| rollout/                |              |
|    ep_len_mean          | 9.86         |
|    ep_rew_mean          | 9.36e+05     |
| time/                   |              |
|    fps                  | 132          |
|    iterations           | 34           |
|    time_elapsed         | 16817        |
|    total_timesteps      | 2228224      |
| train/                  |              |
|    approx_kl            | 0.0030140216 |
|    clip_fraction        | 0.000461     |
|    clip_range           | 0.5          |
|    entropy_loss         | -2.84        |
|    explained_variance   | 0.995        |
|    learning_rate        | 0.0001       |
|    loss                 | 1.02e+08     |
|    n_updates            | 1056         |
|    policy_gradient_loss | -0.000633    |
|    std                  | 1            |
|    value_loss           | 2.54e+08     |
------------------------------------------
----------------------------------------
| rollout/                |            |
|    ep_len_mean          | 8.95       |
|    ep_rew_mean          | 9.31e+05   |
| time/                   |            |
|    fps                  | 132        |
|    iterations           | 35         |
|    time_elapsed         | 17292      |
|    total_timesteps      | 2293760    |
| train/                  |            |
|    approx_kl            | 0.00232339 |
|    clip_fraction        | 0.000389   |
|    clip_range           | 0.5        |
|    entropy_loss         | -2.84      |
|    explained_variance   | 0.995      |
|    learning_rate        | 0.0001     |
|    loss                 | 1.05e+08   |
|    n_updates            | 1088       |
|    policy_gradient_loss | -0.000772  |
|    std                  | 1          |
|    value_loss           | 2.57e+08   |
----------------------------------------
------------------------------------------
| rollout/                |              |
|    ep_len_mean          | 9.39         |
|    ep_rew_mean          | 9.36e+05     |
| time/                   |              |
|    fps                  | 132          |
|    iterations           | 36           |
|    time_elapsed         | 17767        |
|    total_timesteps      | 2359296      |
| train/                  |              |
|    approx_kl            | 0.0028154734 |
|    clip_fraction        | 0.000626     |
|    clip_range           | 0.5          |
|    entropy_loss         | -2.84        |
|    explained_variance   | 0.995        |
|    learning_rate        | 0.0001       |
|    loss                 | 1.08e+08     |
|    n_updates            | 1120         |
|    policy_gradient_loss | -0.00079     |
|    std                  | 1            |
|    value_loss           | 2.53e+08     |
------------------------------------------
------------------------------------------
| rollout/                |              |
|    ep_len_mean          | 10.9         |
|    ep_rew_mean          | 9.35e+05     |
| time/                   |              |
|    fps                  | 132          |
|    iterations           | 37           |
|    time_elapsed         | 18247        |
|    total_timesteps      | 2424832      |
| train/                  |              |
|    approx_kl            | 0.0025273967 |
|    clip_fraction        | 0.000691     |
|    clip_range           | 0.5          |
|    entropy_loss         | -2.84        |
|    explained_variance   | 0.995        |
|    learning_rate        | 0.0001       |
|    loss                 | 1.15e+08     |
|    n_updates            | 1152         |
|    policy_gradient_loss | 0.000587     |
|    std                  | 1            |
|    value_loss           | 2.51e+08     |
------------------------------------------
------------------------------------------
| rollout/                |              |
|    ep_len_mean          | 8.88         |
|    ep_rew_mean          | 9.36e+05     |
| time/                   |              |
|    fps                  | 133          |
|    iterations           | 38           |
|    time_elapsed         | 18723        |
|    total_timesteps      | 2490368      |
| train/                  |              |
|    approx_kl            | 0.0037821978 |
|    clip_fraction        | 0.000832     |
|    clip_range           | 0.5          |
|    entropy_loss         | -2.84        |
|    explained_variance   | 0.995        |
|    learning_rate        | 0.0001       |
|    loss                 | 1.01e+08     |
|    n_updates            | 1184         |
|    policy_gradient_loss | -0.00124     |
|    std                  | 1            |
|    value_loss           | 2.56e+08     |
------------------------------------------
------------------------------------------
| rollout/                |              |
|    ep_len_mean          | 9.03         |
|    ep_rew_mean          | 9.33e+05     |
| time/                   |              |
|    fps                  | 133          |
|    iterations           | 39           |
|    time_elapsed         | 19201        |
|    total_timesteps      | 2555904      |
| train/                  |              |
|    approx_kl            | 0.0032478618 |
|    clip_fraction        | 0.00092      |
|    clip_range           | 0.5          |
|    entropy_loss         | -2.84        |
|    explained_variance   | 0.995        |
|    learning_rate        | 0.0001       |
|    loss                 | 9.45e+07     |
|    n_updates            | 1216         |
|    policy_gradient_loss | -0.000893    |
|    std                  | 1            |
|    value_loss           | 2.48e+08     |
------------------------------------------
------------------------------------------
| rollout/                |              |
|    ep_len_mean          | 8.19         |
|    ep_rew_mean          | 9.32e+05     |
| time/                   |              |
|    fps                  | 133          |
|    iterations           | 40           |
|    time_elapsed         | 19676        |
|    total_timesteps      | 2621440      |
| train/                  |              |
|    approx_kl            | 0.0026359048 |
|    clip_fraction        | 0.000504     |
|    clip_range           | 0.5          |
|    entropy_loss         | -2.84        |
|    explained_variance   | 0.995        |
|    learning_rate        | 0.0001       |
|    loss                 | 1.13e+08     |
|    n_updates            | 1248         |
|    policy_gradient_loss | -0.000671    |
|    std                  | 1            |
|    value_loss           | 2.6e+08      |
------------------------------------------
-----------------------------------------
| rollout/                |             |
|    ep_len_mean          | 10.7        |
|    ep_rew_mean          | 9.35e+05    |
| time/                   |             |
|    fps                  | 133         |
|    iterations           | 41          |
|    time_elapsed         | 20154       |
|    total_timesteps      | 2686976     |
| train/                  |             |
|    approx_kl            | 0.002677764 |
|    clip_fraction        | 0.000877    |
|    clip_range           | 0.5         |
|    entropy_loss         | -2.84       |
|    explained_variance   | 0.995       |
|    learning_rate        | 0.0001      |
|    loss                 | 9.21e+07    |
|    n_updates            | 1280        |
|    policy_gradient_loss | 0.000456    |
|    std                  | 1           |
|    value_loss           | 2.57e+08    |
-----------------------------------------
------------------------------------------
| rollout/                |              |
|    ep_len_mean          | 8.49         |
|    ep_rew_mean          | 9.34e+05     |
| time/                   |              |
|    fps                  | 133          |
|    iterations           | 42           |
|    time_elapsed         | 20630        |
|    total_timesteps      | 2752512      |
| train/                  |              |
|    approx_kl            | 0.0035767776 |
|    clip_fraction        | 0.000987     |
|    clip_range           | 0.5          |
|    entropy_loss         | -2.84        |
|    explained_variance   | 0.995        |
|    learning_rate        | 0.0001       |
|    loss                 | 9.74e+07     |
|    n_updates            | 1312         |
|    policy_gradient_loss | -0.000987    |
|    std                  | 1            |
|    value_loss           | 2.52e+08     |
------------------------------------------
-----------------------------------------
| rollout/                |             |
|    ep_len_mean          | 9.39        |
|    ep_rew_mean          | 9.33e+05    |
| time/                   |             |
|    fps                  | 133         |
|    iterations           | 43          |
|    time_elapsed         | 21111       |
|    total_timesteps      | 2818048     |
| train/                  |             |
|    approx_kl            | 0.002601585 |
|    clip_fraction        | 0.000588    |
|    clip_range           | 0.5         |
|    entropy_loss         | -2.84       |
|    explained_variance   | 0.995       |
|    learning_rate        | 0.0001      |
|    loss                 | 9.8e+07     |
|    n_updates            | 1344        |
|    policy_gradient_loss | 0.000212    |
|    std                  | 1           |
|    value_loss           | 2.55e+08    |
-----------------------------------------
-----------------------------------------
| rollout/                |             |
|    ep_len_mean          | 9.16        |
|    ep_rew_mean          | 9.33e+05    |
| time/                   |             |
|    fps                  | 133         |
|    iterations           | 44          |
|    time_elapsed         | 21589       |
|    total_timesteps      | 2883584     |
| train/                  |             |
|    approx_kl            | 0.003501806 |
|    clip_fraction        | 0.00124     |
|    clip_range           | 0.5         |
|    entropy_loss         | -2.84       |
|    explained_variance   | 0.995       |
|    learning_rate        | 0.0001      |
|    loss                 | 9.9e+07     |
|    n_updates            | 1376        |
|    policy_gradient_loss | -0.000489   |
|    std                  | 1           |
|    value_loss           | 2.5e+08     |
-----------------------------------------
------------------------------------------
| rollout/                |              |
|    ep_len_mean          | 10.1         |
|    ep_rew_mean          | 9.33e+05     |
| time/                   |              |
|    fps                  | 133          |
|    iterations           | 45           |
|    time_elapsed         | 22063        |
|    total_timesteps      | 2949120      |
| train/                  |              |
|    approx_kl            | 0.0023693105 |
|    clip_fraction        | 0.000563     |
|    clip_range           | 0.5          |
|    entropy_loss         | -2.84        |
|    explained_variance   | 0.995        |
|    learning_rate        | 0.0001       |
|    loss                 | 9.34e+07     |
|    n_updates            | 1408         |
|    policy_gradient_loss | 0.000557     |
|    std                  | 1            |
|    value_loss           | 2.55e+08     |
------------------------------------------
------------------------------------------
| rollout/                |              |
|    ep_len_mean          | 9.12         |
|    ep_rew_mean          | 9.32e+05     |
| time/                   |              |
|    fps                  | 133          |
|    iterations           | 46           |
|    time_elapsed         | 22540        |
|    total_timesteps      | 3014656      |
| train/                  |              |
|    approx_kl            | 0.0040795486 |
|    clip_fraction        | 0.000891     |
|    clip_range           | 0.5          |
|    entropy_loss         | -2.84        |
|    explained_variance   | 0.995        |
|    learning_rate        | 0.0001       |
|    loss                 | 1.09e+08     |
|    n_updates            | 1440         |
|    policy_gradient_loss | -0.000127    |
|    std                  | 1            |
|    value_loss           | 2.48e+08     |
------------------------------------------
------------------------------------------
| rollout/                |              |
|    ep_len_mean          | 8.93         |
|    ep_rew_mean          | 9.28e+05     |
| time/                   |              |
|    fps                  | 133          |
|    iterations           | 47           |
|    time_elapsed         | 23020        |
|    total_timesteps      | 3080192      |
| train/                  |              |
|    approx_kl            | 0.0032585473 |
|    clip_fraction        | 0.00103      |
|    clip_range           | 0.5          |
|    entropy_loss         | -2.84        |
|    explained_variance   | 0.995        |
|    learning_rate        | 0.0001       |
|    loss                 | 8.98e+07     |
|    n_updates            | 1472         |
|    policy_gradient_loss | -0.000689    |
|    std                  | 1            |
|    value_loss           | 2.48e+08     |
------------------------------------------
------------------------------------------
| rollout/                |              |
|    ep_len_mean          | 8.91         |
|    ep_rew_mean          | 9.31e+05     |
| time/                   |              |
|    fps                  | 133          |
|    iterations           | 48           |
|    time_elapsed         | 23496        |
|    total_timesteps      | 3145728      |
| train/                  |              |
|    approx_kl            | 0.0024354835 |
|    clip_fraction        | 0.00053      |
|    clip_range           | 0.5          |
|    entropy_loss         | -2.84        |
|    explained_variance   | 0.995        |
|    learning_rate        | 0.0001       |
|    loss                 | 8.79e+07     |
|    n_updates            | 1504         |
|    policy_gradient_loss | -0.000148    |
|    std                  | 1            |
|    value_loss           | 2.5e+08      |
------------------------------------------
-----------------------------------------
| rollout/                |             |
|    ep_len_mean          | 10.9        |
|    ep_rew_mean          | 9.34e+05    |
| time/                   |             |
|    fps                  | 133         |
|    iterations           | 49          |
|    time_elapsed         | 23968       |
|    total_timesteps      | 3211264     |
| train/                  |             |
|    approx_kl            | 0.003343314 |
|    clip_fraction        | 0.000601    |
|    clip_range           | 0.5         |
|    entropy_loss         | -2.84       |
|    explained_variance   | 0.995       |
|    learning_rate        | 0.0001      |
|    loss                 | 9.95e+07    |
|    n_updates            | 1536        |
|    policy_gradient_loss | -8.97e-05   |
|    std                  | 1           |
|    value_loss           | 2.51e+08    |
-----------------------------------------
------------------------------------------
| rollout/                |              |
|    ep_len_mean          | 9.22         |
|    ep_rew_mean          | 9.34e+05     |
| time/                   |              |
|    fps                  | 134          |
|    iterations           | 50           |
|    time_elapsed         | 24444        |
|    total_timesteps      | 3276800      |
| train/                  |              |
|    approx_kl            | 0.0025697467 |
|    clip_fraction        | 0.000617     |
|    clip_range           | 0.5          |
|    entropy_loss         | -2.84        |
|    explained_variance   | 0.995        |
|    learning_rate        | 0.0001       |
|    loss                 | 1.06e+08     |
|    n_updates            | 1568         |
|    policy_gradient_loss | -4.18e-05    |
|    std                  | 1            |
|    value_loss           | 2.49e+08     |
------------------------------------------
------------------------------------------
| rollout/                |              |
|    ep_len_mean          | 8.73         |
|    ep_rew_mean          | 9.34e+05     |
| time/                   |              |
|    fps                  | 134          |
|    iterations           | 51           |
|    time_elapsed         | 24915        |
|    total_timesteps      | 3342336      |
| train/                  |              |
|    approx_kl            | 0.0027109254 |
|    clip_fraction        | 0.00083      |
|    clip_range           | 0.5          |
|    entropy_loss         | -2.84        |
|    explained_variance   | 0.995        |
|    learning_rate        | 0.0001       |
|    loss                 | 1.09e+08     |
|    n_updates            | 1600         |
|    policy_gradient_loss | 0.000953     |
|    std                  | 1            |
|    value_loss           | 2.57e+08     |
------------------------------------------
------------------------------------------
| rollout/                |              |
|    ep_len_mean          | 10.1         |
|    ep_rew_mean          | 9.36e+05     |
| time/                   |              |
|    fps                  | 134          |
|    iterations           | 52           |
|    time_elapsed         | 25393        |
|    total_timesteps      | 3407872      |
| train/                  |              |
|    approx_kl            | 0.0042418726 |
|    clip_fraction        | 0.00075      |
|    clip_range           | 0.5          |
|    entropy_loss         | -2.84        |
|    explained_variance   | 0.995        |
|    learning_rate        | 0.0001       |
|    loss                 | 1.15e+08     |
|    n_updates            | 1632         |
|    policy_gradient_loss | -0.000624    |
|    std                  | 1            |
|    value_loss           | 2.54e+08     |
------------------------------------------
------------------------------------------
| rollout/                |              |
|    ep_len_mean          | 9.07         |
|    ep_rew_mean          | 9.34e+05     |
| time/                   |              |
|    fps                  | 134          |
|    iterations           | 53           |
|    time_elapsed         | 25872        |
|    total_timesteps      | 3473408      |
| train/                  |              |
|    approx_kl            | 0.0027045782 |
|    clip_fraction        | 0.000692     |
|    clip_range           | 0.5          |
|    entropy_loss         | -2.84        |
|    explained_variance   | 0.995        |
|    learning_rate        | 0.0001       |
|    loss                 | 9.83e+07     |
|    n_updates            | 1664         |
|    policy_gradient_loss | -0.00163     |
|    std                  | 1            |
|    value_loss           | 2.47e+08     |
------------------------------------------
-----------------------------------------
| rollout/                |             |
|    ep_len_mean          | 8.91        |
|    ep_rew_mean          | 9.35e+05    |
| time/                   |             |
|    fps                  | 134         |
|    iterations           | 54          |
|    time_elapsed         | 26351       |
|    total_timesteps      | 3538944     |
| train/                  |             |
|    approx_kl            | 0.002977518 |
|    clip_fraction        | 0.000681    |
|    clip_range           | 0.5         |
|    entropy_loss         | -2.84       |
|    explained_variance   | 0.995       |
|    learning_rate        | 0.0001      |
|    loss                 | 1.11e+08    |
|    n_updates            | 1696        |
|    policy_gradient_loss | -0.00149    |
|    std                  | 1           |
|    value_loss           | 2.41e+08    |
-----------------------------------------
----------------------------------------
| rollout/                |            |
|    ep_len_mean          | 8.83       |
|    ep_rew_mean          | 9.34e+05   |
| time/                   |            |
|    fps                  | 134        |
|    iterations           | 55         |
|    time_elapsed         | 26825      |
|    total_timesteps      | 3604480    |
| train/                  |            |
|    approx_kl            | 0.00254314 |
|    clip_fraction        | 0.000757   |
|    clip_range           | 0.5        |
|    entropy_loss         | -2.84      |
|    explained_variance   | 0.995      |
|    learning_rate        | 0.0001     |
|    loss                 | 9.37e+07   |
|    n_updates            | 1728       |
|    policy_gradient_loss | -0.000714  |
|    std                  | 1          |
|    value_loss           | 2.47e+08   |
----------------------------------------
------------------------------------------
| rollout/                |              |
|    ep_len_mean          | 9.61         |
|    ep_rew_mean          | 9.37e+05     |
| time/                   |              |
|    fps                  | 134          |
|    iterations           | 56           |
|    time_elapsed         | 27305        |
|    total_timesteps      | 3670016      |
| train/                  |              |
|    approx_kl            | 0.0030089226 |
|    clip_fraction        | 0.000598     |
|    clip_range           | 0.5          |
|    entropy_loss         | -2.84        |
|    explained_variance   | 0.995        |
|    learning_rate        | 0.0001       |
|    loss                 | 9.62e+07     |
|    n_updates            | 1760         |
|    policy_gradient_loss | -0.00239     |
|    std                  | 1            |
|    value_loss           | 2.48e+08     |
------------------------------------------
------------------------------------------
| rollout/                |              |
|    ep_len_mean          | 9.15         |
|    ep_rew_mean          | 9.32e+05     |
| time/                   |              |
|    fps                  | 134          |
|    iterations           | 57           |
|    time_elapsed         | 27788        |
|    total_timesteps      | 3735552      |
| train/                  |              |
|    approx_kl            | 0.0025158026 |
|    clip_fraction        | 0.000517     |
|    clip_range           | 0.5          |
|    entropy_loss         | -2.84        |
|    explained_variance   | 0.995        |
|    learning_rate        | 0.0001       |
|    loss                 | 9.8e+07      |
|    n_updates            | 1792         |
|    policy_gradient_loss | -0.000464    |
|    std                  | 1            |
|    value_loss           | 2.52e+08     |
------------------------------------------
------------------------------------------
| rollout/                |              |
|    ep_len_mean          | 10.4         |
|    ep_rew_mean          | 9.3e+05      |
| time/                   |              |
|    fps                  | 134          |
|    iterations           | 58           |
|    time_elapsed         | 28281        |
|    total_timesteps      | 3801088      |
| train/                  |              |
|    approx_kl            | 0.0025782126 |
|    clip_fraction        | 0.00105      |
|    clip_range           | 0.5          |
|    entropy_loss         | -2.84        |
|    explained_variance   | 0.995        |
|    learning_rate        | 0.0001       |
|    loss                 | 1.06e+08     |
|    n_updates            | 1824         |
|    policy_gradient_loss | -0.000827    |
|    std                  | 1            |
|    value_loss           | 2.51e+08     |
------------------------------------------
----------------------------------------
| rollout/                |            |
|    ep_len_mean          | 10.4       |
|    ep_rew_mean          | 9.32e+05   |
| time/                   |            |
|    fps                  | 134        |
|    iterations           | 59         |
|    time_elapsed         | 28768      |
|    total_timesteps      | 3866624    |
| train/                  |            |
|    approx_kl            | 0.00292283 |
|    clip_fraction        | 0.000657   |
|    clip_range           | 0.5        |
|    entropy_loss         | -2.84      |
|    explained_variance   | 0.995      |
|    learning_rate        | 0.0001     |
|    loss                 | 1.06e+08   |
|    n_updates            | 1856       |
|    policy_gradient_loss | -0.00153   |
|    std                  | 1          |
|    value_loss           | 2.5e+08    |
----------------------------------------
------------------------------------------
| rollout/                |              |
|    ep_len_mean          | 9.56         |
|    ep_rew_mean          | 9.31e+05     |
| time/                   |              |
|    fps                  | 134          |
|    iterations           | 60           |
|    time_elapsed         | 29254        |
|    total_timesteps      | 3932160      |
| train/                  |              |
|    approx_kl            | 0.0021998743 |
|    clip_fraction        | 0.000539     |
|    clip_range           | 0.5          |
|    entropy_loss         | -2.84        |
|    explained_variance   | 0.995        |
|    learning_rate        | 0.0001       |
|    loss                 | 9.64e+07     |
|    n_updates            | 1888         |
|    policy_gradient_loss | -0.000353    |
|    std                  | 1            |
|    value_loss           | 2.54e+08     |
------------------------------------------
------------------------------------------
| rollout/                |              |
|    ep_len_mean          | 8.88         |
|    ep_rew_mean          | 9.36e+05     |
| time/                   |              |
|    fps                  | 134          |
|    iterations           | 61           |
|    time_elapsed         | 29731        |
|    total_timesteps      | 3997696      |
| train/                  |              |
|    approx_kl            | 0.0026465957 |
|    clip_fraction        | 0.00066      |
|    clip_range           | 0.5          |
|    entropy_loss         | -2.84        |
|    explained_variance   | 0.995        |
|    learning_rate        | 0.0001       |
|    loss                 | 9.29e+07     |
|    n_updates            | 1920         |
|    policy_gradient_loss | -0.000185    |
|    std                  | 1            |
|    value_loss           | 2.55e+08     |
------------------------------------------
-----------------------------------------
| rollout/                |             |
|    ep_len_mean          | 9.75        |
|    ep_rew_mean          | 9.35e+05    |
| time/                   |             |
|    fps                  | 134         |
|    iterations           | 62          |
|    time_elapsed         | 30207       |
|    total_timesteps      | 4063232     |
| train/                  |             |
|    approx_kl            | 0.002635357 |
|    clip_fraction        | 0.000717    |
|    clip_range           | 0.5         |
|    entropy_loss         | -2.84       |
|    explained_variance   | 0.995       |
|    learning_rate        | 0.0001      |
|    loss                 | 1.03e+08    |
|    n_updates            | 1952        |
|    policy_gradient_loss | -0.000801   |
|    std                  | 1           |
|    value_loss           | 2.49e+08    |
-----------------------------------------
------------------------------------------
| rollout/                |              |
|    ep_len_mean          | 10.2         |
|    ep_rew_mean          | 9.35e+05     |
| time/                   |              |
|    fps                  | 134          |
|    iterations           | 63           |
|    time_elapsed         | 30685        |
|    total_timesteps      | 4128768      |
| train/                  |              |
|    approx_kl            | 0.0034190938 |
|    clip_fraction        | 0.000825     |
|    clip_range           | 0.5          |
|    entropy_loss         | -2.84        |
|    explained_variance   | 0.995        |
|    learning_rate        | 0.0001       |
|    loss                 | 1.03e+08     |
|    n_updates            | 1984         |
|    policy_gradient_loss | 0.000132     |
|    std                  | 1            |
|    value_loss           | 2.51e+08     |
------------------------------------------
------------------------------------------
| rollout/                |              |
|    ep_len_mean          | 9.99         |
|    ep_rew_mean          | 9.33e+05     |
| time/                   |              |
|    fps                  | 134          |
|    iterations           | 64           |
|    time_elapsed         | 31163        |
|    total_timesteps      | 4194304      |
| train/                  |              |
|    approx_kl            | 0.0026684147 |
|    clip_fraction        | 0.000552     |
|    clip_range           | 0.5          |
|    entropy_loss         | -2.84        |
|    explained_variance   | 0.995        |
|    learning_rate        | 0.0001       |
|    loss                 | 9.44e+07     |
|    n_updates            | 2016         |
|    policy_gradient_loss | -0.000269    |
|    std                  | 1            |
|    value_loss           | 2.48e+08     |
------------------------------------------
-----------------------------------------
| rollout/                |             |
|    ep_len_mean          | 9.51        |
|    ep_rew_mean          | 9.33e+05    |
| time/                   |             |
|    fps                  | 134         |
|    iterations           | 65          |
|    time_elapsed         | 31642       |
|    total_timesteps      | 4259840     |
| train/                  |             |
|    approx_kl            | 0.003529345 |
|    clip_fraction        | 0.00074     |
|    clip_range           | 0.5         |
|    entropy_loss         | -2.84       |
|    explained_variance   | 0.995       |
|    learning_rate        | 0.0001      |
|    loss                 | 9.19e+07    |
|    n_updates            | 2048        |
|    policy_gradient_loss | 0.000123    |
|    std                  | 1           |
|    value_loss           | 2.39e+08    |
-----------------------------------------
------------------------------------------
| rollout/                |              |
|    ep_len_mean          | 10.2         |
|    ep_rew_mean          | 9.38e+05     |
| time/                   |              |
|    fps                  | 134          |
|    iterations           | 66           |
|    time_elapsed         | 32126        |
|    total_timesteps      | 4325376      |
| train/                  |              |
|    approx_kl            | 0.0039279005 |
|    clip_fraction        | 0.00185      |
|    clip_range           | 0.5          |
|    entropy_loss         | -2.84        |
|    explained_variance   | 0.995        |
|    learning_rate        | 0.0001       |
|    loss                 | 9.82e+07     |
|    n_updates            | 2080         |
|    policy_gradient_loss | -0.00154     |
|    std                  | 1            |
|    value_loss           | 2.47e+08     |
------------------------------------------
------------------------------------------
| rollout/                |              |
|    ep_len_mean          | 9.53         |
|    ep_rew_mean          | 9.33e+05     |
| time/                   |              |
|    fps                  | 134          |
|    iterations           | 67           |
|    time_elapsed         | 32601        |
|    total_timesteps      | 4390912      |
| train/                  |              |
|    approx_kl            | 0.0028922055 |
|    clip_fraction        | 0.000796     |
|    clip_range           | 0.5          |
|    entropy_loss         | -2.84        |
|    explained_variance   | 0.995        |
|    learning_rate        | 0.0001       |
|    loss                 | 1.01e+08     |
|    n_updates            | 2112         |
|    policy_gradient_loss | 0.000362     |
|    std                  | 1            |
|    value_loss           | 2.49e+08     |
------------------------------------------
------------------------------------------
| rollout/                |              |
|    ep_len_mean          | 8.61         |
|    ep_rew_mean          | 9.34e+05     |
| time/                   |              |
|    fps                  | 134          |
|    iterations           | 68           |
|    time_elapsed         | 33080        |
|    total_timesteps      | 4456448      |
| train/                  |              |
|    approx_kl            | 0.0042063612 |
|    clip_fraction        | 0.00307      |
|    clip_range           | 0.5          |
|    entropy_loss         | -2.84        |
|    explained_variance   | 0.995        |
|    learning_rate        | 0.0001       |
|    loss                 | 1.02e+08     |
|    n_updates            | 2144         |
|    policy_gradient_loss | -0.00132     |
|    std                  | 1            |
|    value_loss           | 2.54e+08     |
------------------------------------------
------------------------------------------
| rollout/                |              |
|    ep_len_mean          | 9.17         |
|    ep_rew_mean          | 9.37e+05     |
| time/                   |              |
|    fps                  | 134          |
|    iterations           | 69           |
|    time_elapsed         | 33552        |
|    total_timesteps      | 4521984      |
| train/                  |              |
|    approx_kl            | 0.0028382652 |
|    clip_fraction        | 0.000737     |
|    clip_range           | 0.5          |
|    entropy_loss         | -2.84        |
|    explained_variance   | 0.995        |
|    learning_rate        | 0.0001       |
|    loss                 | 1.07e+08     |
|    n_updates            | 2176         |
|    policy_gradient_loss | 0.000299     |
|    std                  | 1            |
|    value_loss           | 2.54e+08     |
------------------------------------------
------------------------------------------
| rollout/                |              |
|    ep_len_mean          | 9.71         |
|    ep_rew_mean          | 9.35e+05     |
| time/                   |              |
|    fps                  | 134          |
|    iterations           | 70           |
|    time_elapsed         | 34027        |
|    total_timesteps      | 4587520      |
| train/                  |              |
|    approx_kl            | 0.0026573143 |
|    clip_fraction        | 0.00079      |
|    clip_range           | 0.5          |
|    entropy_loss         | -2.84        |
|    explained_variance   | 0.995        |
|    learning_rate        | 0.0001       |
|    loss                 | 9.5e+07      |
|    n_updates            | 2208         |
|    policy_gradient_loss | -0.00091     |
|    std                  | 1            |
|    value_loss           | 2.51e+08     |
------------------------------------------
------------------------------------------
| rollout/                |              |
|    ep_len_mean          | 9.22         |
|    ep_rew_mean          | 9.33e+05     |
| time/                   |              |
|    fps                  | 134          |
|    iterations           | 71           |
|    time_elapsed         | 34502        |
|    total_timesteps      | 4653056      |
| train/                  |              |
|    approx_kl            | 0.0024711336 |
|    clip_fraction        | 0.000917     |
|    clip_range           | 0.5          |
|    entropy_loss         | -2.84        |
|    explained_variance   | 0.995        |
|    learning_rate        | 0.0001       |
|    loss                 | 1.04e+08     |
|    n_updates            | 2240         |
|    policy_gradient_loss | 0.000687     |
|    std                  | 1            |
|    value_loss           | 2.47e+08     |
------------------------------------------
------------------------------------------
| rollout/                |              |
|    ep_len_mean          | 9.1          |
|    ep_rew_mean          | 9.38e+05     |
| time/                   |              |
|    fps                  | 134          |
|    iterations           | 72           |
|    time_elapsed         | 34980        |
|    total_timesteps      | 4718592      |
| train/                  |              |
|    approx_kl            | 0.0029335476 |
|    clip_fraction        | 0.000743     |
|    clip_range           | 0.5          |
|    entropy_loss         | -2.84        |
|    explained_variance   | 0.995        |
|    learning_rate        | 0.0001       |
|    loss                 | 1e+08        |
|    n_updates            | 2272         |
|    policy_gradient_loss | -0.000551    |
|    std                  | 1            |
|    value_loss           | 2.46e+08     |
------------------------------------------
------------------------------------------
| rollout/                |              |
|    ep_len_mean          | 11.6         |
|    ep_rew_mean          | 9.33e+05     |
| time/                   |              |
|    fps                  | 134          |
|    iterations           | 73           |
|    time_elapsed         | 35455        |
|    total_timesteps      | 4784128      |
| train/                  |              |
|    approx_kl            | 0.0033628687 |
|    clip_fraction        | 0.00118      |
|    clip_range           | 0.5          |
|    entropy_loss         | -2.84        |
|    explained_variance   | 0.995        |
|    learning_rate        | 0.0001       |
|    loss                 | 9.88e+07     |
|    n_updates            | 2304         |
|    policy_gradient_loss | -0.000872    |
|    std                  | 1            |
|    value_loss           | 2.59e+08     |
------------------------------------------
-----------------------------------------
| rollout/                |             |
|    ep_len_mean          | 9.52        |
|    ep_rew_mean          | 9.31e+05    |
| time/                   |             |
|    fps                  | 134         |
|    iterations           | 74          |
|    time_elapsed         | 35928       |
|    total_timesteps      | 4849664     |
| train/                  |             |
|    approx_kl            | 0.003903193 |
|    clip_fraction        | 0.00121     |
|    clip_range           | 0.5         |
|    entropy_loss         | -2.84       |
|    explained_variance   | 0.995       |
|    learning_rate        | 0.0001      |
|    loss                 | 1.01e+08    |
|    n_updates            | 2336        |
|    policy_gradient_loss | 0.000638    |
|    std                  | 1           |
|    value_loss           | 2.53e+08    |
-----------------------------------------
-----------------------------------------
| rollout/                |             |
|    ep_len_mean          | 9.35        |
|    ep_rew_mean          | 9.31e+05    |
| time/                   |             |
|    fps                  | 135         |
|    iterations           | 75          |
|    time_elapsed         | 36405       |
|    total_timesteps      | 4915200     |
| train/                  |             |
|    approx_kl            | 0.002184176 |
|    clip_fraction        | 0.00057     |
|    clip_range           | 0.5         |
|    entropy_loss         | -2.84       |
|    explained_variance   | 0.995       |
|    learning_rate        | 0.0001      |
|    loss                 | 9.4e+07     |
|    n_updates            | 2368        |
|    policy_gradient_loss | -0.000729   |
|    std                  | 1           |
|    value_loss           | 2.53e+08    |
-----------------------------------------
------------------------------------------
| rollout/                |              |
|    ep_len_mean          | 9.62         |
|    ep_rew_mean          | 9.4e+05      |
| time/                   |              |
|    fps                  | 135          |
|    iterations           | 76           |
|    time_elapsed         | 36880        |
|    total_timesteps      | 4980736      |
| train/                  |              |
|    approx_kl            | 0.0027201977 |
|    clip_fraction        | 0.000795     |
|    clip_range           | 0.5          |
|    entropy_loss         | -2.84        |
|    explained_variance   | 0.995        |
|    learning_rate        | 0.0001       |
|    loss                 | 9.15e+07     |
|    n_updates            | 2400         |
|    policy_gradient_loss | -0.00173     |
|    std                  | 1            |
|    value_loss           | 2.56e+08     |
------------------------------------------
------------------------------------------
| rollout/                |              |
|    ep_len_mean          | 9.25         |
|    ep_rew_mean          | 9.37e+05     |
| time/                   |              |
|    fps                  | 135          |
|    iterations           | 77           |
|    time_elapsed         | 37359        |
|    total_timesteps      | 5046272      |
| train/                  |              |
|    approx_kl            | 0.0035784617 |
|    clip_fraction        | 0.00089      |
|    clip_range           | 0.5          |
|    entropy_loss         | -2.84        |
|    explained_variance   | 0.995        |
|    learning_rate        | 0.0001       |
|    loss                 | 9.7e+07      |
|    n_updates            | 2432         |
|    policy_gradient_loss | -0.000262    |
|    std                  | 1            |
|    value_loss           | 2.54e+08     |
------------------------------------------
 100% ━━━━━━━━━━━━━━━━━━━━━ 5,046,272/5,000,000  [ 10:17:41 < 0:00:00 , ? it/s ]
Saving the action history...
Percentage covered:  89.55
Number of actions: 9
Saving the action history...
Percentage covered:  88.47
Number of actions: 17
Saving the action history...
Percentage covered:  61.68
Number of actions: 6
Saving the action history...
Percentage covered:  54.76
Number of actions: 5
Saving the action history...
Percentage covered:  89.29
Number of actions: 15
Saving the action history...
Percentage covered:  41.17
Number of actions: 2
Saving the action history...
Percentage covered:  51.94
Number of actions: 3
Saving the action history...
Percentage covered:  85.92
Number of actions: 7
Saving the action history...
Percentage covered:  61.56
Number of actions: 5
Saving the action history...
Percentage covered:  85.25
Number of actions: 8
Saving the action history...
Percentage covered:  44.1
Number of actions: 2
Saving the action history...
Percentage covered:  0.0
Number of actions: 0
Saving the action history...
Percentage covered:  87.37
Number of actions: 7
Saving the action history...
Percentage covered:  70.77
Number of actions: 11
Saving the action history...
Percentage covered:  60.629999999999995
Number of actions: 7
Saving the action history...
Percentage covered:  88.5
Number of actions: 7
Saving the action history...
Percentage covered:  82.32000000000001
Number of actions: 25
Saving the action history...
Percentage covered:  87.96000000000001
Number of actions: 11
Saving the action history...
Percentage covered:  61.5
Number of actions: 2
Saving the action history...
Percentage covered:  63.36000000000001
Number of actions: 5
Saving the action history...
Percentage covered:  67.96
Number of actions: 8
Saving the action history...
Percentage covered:  82.3
Number of actions: 3
Saving the action history...
Percentage covered:  35.620000000000005
Number of actions: 1
Saving the action history...
Percentage covered:  89.31
Number of actions: 12
Saving the action history...
Percentage covered:  85.83
Number of actions: 17
Saving the action history...
Percentage covered:  67.17
Number of actions: 5
Saving the action history...
Percentage covered:  0.0
Number of actions: 0
Saving the action history...
Percentage covered:  0.0
Number of actions: 0
Saving the action history...
Percentage covered:  87.99
Number of actions: 11
Saving the action history...
Percentage covered:  86.8
Number of actions: 9
Saving the action history...
Percentage covered:  64.72
Number of actions: 8
Saving the action history...
Percentage covered:  86.95
Number of actions: 9
Saving the action history...
Percentage covered:  0.0
Number of actions: 0
Saving the action history...
Percentage covered:  60.519999999999996
Number of actions: 4
Saving the action history...
Percentage covered:  73.61999999999999
Number of actions: 11
Saving the action history...
Percentage covered:  89.69
Number of actions: 5
Saving the action history...
Percentage covered:  80.67
Number of actions: 9
Saving the action history...
Percentage covered:  89.05999999999999
Number of actions: 10
Saving the action history...
Percentage covered:  83.71
Number of actions: 18
Saving the action history...
Percentage covered:  65.47
Number of actions: 2
Saving the action history...
Percentage covered:  44.46
Number of actions: 1
Saving the action history...
Percentage covered:  59.040000000000006
Number of actions: 5
Saving the action history...
Percentage covered:  44.24
Number of actions: 3
Saving the action history...
Percentage covered:  70.94
Number of actions: 8
Saving the action history...
Percentage covered:  27.0
Number of actions: 1
Saving the action history...
Percentage covered:  57.78
Number of actions: 10
Saving the action history...
Percentage covered:  56.3
Number of actions: 2
Saving the action history...
Percentage covered:  0.0
Number of actions: 0
Saving the action history...
Percentage covered:  84.28999999999999
Number of actions: 9
Saving the action history...
Percentage covered:  0.0
Number of actions: 0
Saving the action history...
Percentage covered:  63.65
Number of actions: 5
Saving the action history...
Percentage covered:  50.51
Number of actions: 3
Saving the action history...
Percentage covered:  0.0
Number of actions: 0
Saving the action history...
Percentage covered:  74.61
Number of actions: 3
Saving the action history...
Percentage covered:  60.39
Number of actions: 4
Saving the action history...
Percentage covered:  83.41
Number of actions: 19
Saving the action history...
Percentage covered:  86.61999999999999
Number of actions: 40
Saving the action history...
Percentage covered:  69.5
Number of actions: 5
Saving the action history...
Percentage covered:  37.61
Number of actions: 1
Saving the action history...
Percentage covered:  37.85
Number of actions: 1
Saving the action history...
Percentage covered:  89.12
Number of actions: 8
Saving the action history...
Percentage covered:  54.31
Number of actions: 6
Saving the action history...
Percentage covered:  73.50999999999999
Number of actions: 10
Saving the action history...
Percentage covered:  88.19
Number of actions: 9
Saving to logs/ppo/CoverageEnv-v0_16
