nohup: ignoring input
2025-01-03 16:56:30.982907: I tensorflow/core/util/port.cc:110] oneDNN custom operations are on. You may see slightly different numerical results due to floating-point round-off errors from different computation orders. To turn them off, set the environment variable `TF_ENABLE_ONEDNN_OPTS=0`.
2025-01-03 16:56:30.984210: I tensorflow/tsl/cuda/cudart_stub.cc:28] Could not find cuda drivers on your machine, GPU will not be used.
2025-01-03 16:56:31.010668: I tensorflow/core/platform/cpu_feature_guard.cc:182] This TensorFlow binary is optimized to use available CPU instructions in performance-critical operations.
To enable the following instructions: AVX2 AVX512F AVX512_VNNI AVX512_BF16 FMA, in other operations, rebuild TensorFlow with the appropriate compiler flags.
2025-01-03 16:56:31.443015: W tensorflow/compiler/tf2tensorrt/utils/py_utils.cc:38] TF-TRT Warning: Could not find TensorRT
========== CoverageEnv-v0 ==========
Seed: 2983655058
Loading hyperparameters from: /home/dir/RL_CoveragePlanning/rl-baselines3-zoo/hyperparams/ppo.yml
Default hyperparameters for environment (ones being tuned will be overridden):
OrderedDict([('batch_size', 512),
             ('clip_range', 0.5),
             ('ent_coef', 0.75),
             ('gae_lambda', 0.95),
             ('gamma', 0.99),
             ('learning_rate', 0.0001),
             ('n_envs', 64),
             ('n_epochs', 32),
             ('n_steps', 1024),
             ('n_timesteps', 5000000.0),
             ('policy',
              'viewpoint_env.coverageAgentPolicy.CoverageAgentPolicy')])
Using 64 environments
Mesh file: test_3.obj loaded for environment... | Coverage Req: 80.00%
Mesh file: test_6.obj loaded for environment... | Coverage Req: 80.00%
Mesh file: test_3.obj loaded for environment... | Coverage Req: 80.00%
Mesh file: test_7.obj loaded for environment... | Coverage Req: 80.00%
Mesh file: test_3.obj loaded for environment... | Coverage Req: 80.00%
Mesh file: test_6.obj loaded for environment... | Coverage Req: 80.00%
Mesh file: test_3.obj loaded for environment... | Coverage Req: 80.00%
Mesh file: test_2.obj loaded for environment... | Coverage Req: 80.00%
Mesh file: test_0.obj loaded for environment... | Coverage Req: 80.00%
Mesh file: test_5.obj loaded for environment... | Coverage Req: 80.00%
Mesh file: test_8.obj loaded for environment... | Coverage Req: 80.00%
Mesh file: test_4.obj loaded for environment... | Coverage Req: 80.00%
Mesh file: test_2.obj loaded for environment... | Coverage Req: 80.00%
Mesh file: test_1.obj loaded for environment... | Coverage Req: 80.00%
Mesh file: test_5.obj loaded for environment... | Coverage Req: 80.00%
Mesh file: test_8.obj loaded for environment... | Coverage Req: 80.00%
Mesh file: test_0.obj loaded for environment... | Coverage Req: 80.00%
Mesh file: test_0.obj loaded for environment... | Coverage Req: 80.00%
Mesh file: test_4.obj loaded for environment... | Coverage Req: 80.00%
Mesh file: test_1.obj loaded for environment... | Coverage Req: 80.00%
Mesh file: test_3.obj loaded for environment... | Coverage Req: 80.00%
Mesh file: test_0.obj loaded for environment... | Coverage Req: 80.00%
Mesh file: test_4.obj loaded for environment... | Coverage Req: 80.00%
Mesh file: test_4.obj loaded for environment... | Coverage Req: 80.00%
Mesh file: test_6.obj loaded for environment... | Coverage Req: 80.00%
Mesh file: test_6.obj loaded for environment... | Coverage Req: 80.00%
Mesh file: test_5.obj loaded for environment... | Coverage Req: 80.00%
Mesh file: test_0.obj loaded for environment... | Coverage Req: 80.00%
Mesh file: test_6.obj loaded for environment... | Coverage Req: 80.00%
Mesh file: test_4.obj loaded for environment... | Coverage Req: 80.00%
Mesh file: test_7.obj loaded for environment... | Coverage Req: 80.00%
Mesh file: test_7.obj loaded for environment... | Coverage Req: 80.00%
Mesh file: test_2.obj loaded for environment... | Coverage Req: 80.00%
Mesh file: test_1.obj loaded for environment... | Coverage Req: 80.00%
Mesh file: test_7.obj loaded for environment... | Coverage Req: 80.00%
Mesh file: test_4.obj loaded for environment... | Coverage Req: 80.00%
Mesh file: test_3.obj loaded for environment... | Coverage Req: 80.00%
Mesh file: test_3.obj loaded for environment... | Coverage Req: 80.00%
Mesh file: test_6.obj loaded for environment... | Coverage Req: 80.00%
Mesh file: test_0.obj loaded for environment... | Coverage Req: 80.00%
Mesh file: test_5.obj loaded for environment... | Coverage Req: 80.00%
Mesh file: test_3.obj loaded for environment... | Coverage Req: 80.00%
Mesh file: test_8.obj loaded for environment... | Coverage Req: 80.00%
Mesh file: test_1.obj loaded for environment... | Coverage Req: 80.00%
Mesh file: test_1.obj loaded for environment... | Coverage Req: 80.00%
Mesh file: test_3.obj loaded for environment... | Coverage Req: 80.00%
Mesh file: test_8.obj loaded for environment... | Coverage Req: 80.00%
Mesh file: test_0.obj loaded for environment... | Coverage Req: 80.00%
Mesh file: test_3.obj loaded for environment... | Coverage Req: 80.00%
Mesh file: test_1.obj loaded for environment... | Coverage Req: 80.00%
Mesh file: test_1.obj loaded for environment... | Coverage Req: 80.00%
Mesh file: test_5.obj loaded for environment... | Coverage Req: 80.00%
Mesh file: test_4.obj loaded for environment... | Coverage Req: 80.00%
Mesh file: test_2.obj loaded for environment... | Coverage Req: 80.00%
Mesh file: test_1.obj loaded for environment... | Coverage Req: 80.00%
Mesh file: test_6.obj loaded for environment... | Coverage Req: 80.00%
Mesh file: test_5.obj loaded for environment... | Coverage Req: 80.00%
Mesh file: test_0.obj loaded for environment... | Coverage Req: 80.00%
Mesh file: test_8.obj loaded for environment... | Coverage Req: 80.00%
Mesh file: test_7.obj loaded for environment... | Coverage Req: 80.00%
Mesh file: test_5.obj loaded for environment... | Coverage Req: 80.00%
Mesh file: test_2.obj loaded for environment... | Coverage Req: 80.00%
Mesh file: test_4.obj loaded for environment... | Coverage Req: 80.00%
Mesh file: test_3.obj loaded for environment... | Coverage Req: 80.00%
Using cuda device
Log path: logs/ppo/CoverageEnv-v0_19
/usr/local/lib/python3.8/dist-packages/gymnasium/utils/passive_env_checker.py:135: UserWarning: [33mWARN: The obs returned by the `reset()` method was expecting numpy array dtype to be float32, actual type: float64[0m
  logger.warn(
/usr/local/lib/python3.8/dist-packages/gymnasium/utils/passive_env_checker.py:159: UserWarning: [33mWARN: The obs returned by the `reset()` method is not within the observation space.[0m
  logger.warn(f"{pre} is not within the observation space.")
Logging to /home/dir/RL_CoveragePlanning/tensorboard/CoverageEnv-v0/CoverageEnv-v0/PPO_19
/usr/local/lib/python3.8/dist-packages/gymnasium/utils/passive_env_checker.py:135: UserWarning: [33mWARN: The obs returned by the `step()` method was expecting numpy array dtype to be float32, actual type: float64[0m
  logger.warn(
/usr/local/lib/python3.8/dist-packages/gymnasium/utils/passive_env_checker.py:159: UserWarning: [33mWARN: The obs returned by the `step()` method is not within the observation space.[0m
  logger.warn(f"{pre} is not within the observation space.")
---------------------------------
| rollout/           |          |
|    ep_len_mean     | 9.43     |
|    ep_rew_mean     | 8.45e+05 |
| time/              |          |
|    fps             | 151      |
|    iterations      | 1        |
|    time_elapsed    | 431      |
|    total_timesteps | 65536    |
---------------------------------
----------------------------------------
| rollout/                |            |
|    ep_len_mean          | 7.84       |
|    ep_rew_mean          | 8.57e+05   |
| time/                   |            |
|    fps                  | 146        |
|    iterations           | 2          |
|    time_elapsed         | 896        |
|    total_timesteps      | 131072     |
| train/                  |            |
|    approx_kl            | 0.25151944 |
|    clip_fraction        | 0.332      |
|    clip_range           | 0.5        |
|    entropy_loss         | -2.84      |
|    explained_variance   | -1.19e-07  |
|    learning_rate        | 0.0001     |
|    loss                 | 5.5e+10    |
|    n_updates            | 32         |
|    policy_gradient_loss | 0.0282     |
|    std                  | 1          |
|    value_loss           | 1.08e+11   |
----------------------------------------
----------------------------------------
| rollout/                |            |
|    ep_len_mean          | 7.22       |
|    ep_rew_mean          | 8.56e+05   |
| time/                   |            |
|    fps                  | 143        |
|    iterations           | 3          |
|    time_elapsed         | 1366       |
|    total_timesteps      | 196608     |
| train/                  |            |
|    approx_kl            | 0.05005019 |
|    clip_fraction        | 0.0224     |
|    clip_range           | 0.5        |
|    entropy_loss         | -2.84      |
|    explained_variance   | 0          |
|    learning_rate        | 0.0001     |
|    loss                 | 6.87e+10   |
|    n_updates            | 64         |
|    policy_gradient_loss | -0.00048   |
|    std                  | 1          |
|    value_loss           | 1.31e+11   |
----------------------------------------
---------------------------------------
| rollout/                |           |
|    ep_len_mean          | 7.1       |
|    ep_rew_mean          | 8.58e+05  |
| time/                   |           |
|    fps                  | 142       |
|    iterations           | 4         |
|    time_elapsed         | 1839      |
|    total_timesteps      | 262144    |
| train/                  |           |
|    approx_kl            | 0.0490528 |
|    clip_fraction        | 0.021     |
|    clip_range           | 0.5       |
|    entropy_loss         | -2.84     |
|    explained_variance   | 5.96e-08  |
|    learning_rate        | 0.0001    |
|    loss                 | 5.92e+10  |
|    n_updates            | 96        |
|    policy_gradient_loss | 0.00146   |
|    std                  | 1         |
|    value_loss           | 1.33e+11  |
---------------------------------------
-----------------------------------------
| rollout/                |             |
|    ep_len_mean          | 7.6         |
|    ep_rew_mean          | 8.5e+05     |
| time/                   |             |
|    fps                  | 141         |
|    iterations           | 5           |
|    time_elapsed         | 2309        |
|    total_timesteps      | 327680      |
| train/                  |             |
|    approx_kl            | 0.049439628 |
|    clip_fraction        | 0.0214      |
|    clip_range           | 0.5         |
|    entropy_loss         | -2.84       |
|    explained_variance   | 2.38e-07    |
|    learning_rate        | 0.0001      |
|    loss                 | 5.7e+10     |
|    n_updates            | 128         |
|    policy_gradient_loss | 0.0028      |
|    std                  | 1           |
|    value_loss           | 1.2e+11     |
-----------------------------------------
----------------------------------------
| rollout/                |            |
|    ep_len_mean          | 8.22       |
|    ep_rew_mean          | 8.54e+05   |
| time/                   |            |
|    fps                  | 141        |
|    iterations           | 6          |
|    time_elapsed         | 2774       |
|    total_timesteps      | 393216     |
| train/                  |            |
|    approx_kl            | 0.30608743 |
|    clip_fraction        | 0.0495     |
|    clip_range           | 0.5        |
|    entropy_loss         | -2.84      |
|    explained_variance   | 5.96e-08   |
|    learning_rate        | 0.0001     |
|    loss                 | 4.11e+10   |
|    n_updates            | 160        |
|    policy_gradient_loss | 0.0087     |
|    std                  | 1          |
|    value_loss           | 9.42e+10   |
----------------------------------------
----------------------------------------
| rollout/                |            |
|    ep_len_mean          | 8.34       |
|    ep_rew_mean          | 8.58e+05   |
| time/                   |            |
|    fps                  | 141        |
|    iterations           | 7          |
|    time_elapsed         | 3248       |
|    total_timesteps      | 458752     |
| train/                  |            |
|    approx_kl            | 0.11774655 |
|    clip_fraction        | 0.0726     |
|    clip_range           | 0.5        |
|    entropy_loss         | -2.84      |
|    explained_variance   | 0.0866     |
|    learning_rate        | 0.0001     |
|    loss                 | 3.11e+10   |
|    n_updates            | 192        |
|    policy_gradient_loss | 0.00599    |
|    std                  | 1          |
|    value_loss           | 7.32e+10   |
----------------------------------------
----------------------------------------
| rollout/                |            |
|    ep_len_mean          | 8.33       |
|    ep_rew_mean          | 8.62e+05   |
| time/                   |            |
|    fps                  | 140        |
|    iterations           | 8          |
|    time_elapsed         | 3721       |
|    total_timesteps      | 524288     |
| train/                  |            |
|    approx_kl            | 0.13741101 |
|    clip_fraction        | 0.0912     |
|    clip_range           | 0.5        |
|    entropy_loss         | -2.84      |
|    explained_variance   | 0.248      |
|    learning_rate        | 0.0001     |
|    loss                 | 1.97e+10   |
|    n_updates            | 224        |
|    policy_gradient_loss | 0.00681    |
|    std                  | 1          |
|    value_loss           | 4.89e+10   |
----------------------------------------
----------------------------------------
| rollout/                |            |
|    ep_len_mean          | 7.6        |
|    ep_rew_mean          | 8.57e+05   |
| time/                   |            |
|    fps                  | 140        |
|    iterations           | 9          |
|    time_elapsed         | 4194       |
|    total_timesteps      | 589824     |
| train/                  |            |
|    approx_kl            | 0.16915905 |
|    clip_fraction        | 0.112      |
|    clip_range           | 0.5        |
|    entropy_loss         | -2.84      |
|    explained_variance   | 0.442      |
|    learning_rate        | 0.0001     |
|    loss                 | 9.21e+09   |
|    n_updates            | 256        |
|    policy_gradient_loss | 0.00776    |
|    std                  | 1          |
|    value_loss           | 2.76e+10   |
----------------------------------------
----------------------------------------
| rollout/                |            |
|    ep_len_mean          | 6.85       |
|    ep_rew_mean          | 8.56e+05   |
| time/                   |            |
|    fps                  | 140        |
|    iterations           | 10         |
|    time_elapsed         | 4667       |
|    total_timesteps      | 655360     |
| train/                  |            |
|    approx_kl            | 0.13294601 |
|    clip_fraction        | 0.105      |
|    clip_range           | 0.5        |
|    entropy_loss         | -2.84      |
|    explained_variance   | 0.694      |
|    learning_rate        | 0.0001     |
|    loss                 | 3.98e+09   |
|    n_updates            | 288        |
|    policy_gradient_loss | 0.00735    |
|    std                  | 1          |
|    value_loss           | 1.36e+10   |
----------------------------------------
---------------------------------------
| rollout/                |           |
|    ep_len_mean          | 5.86      |
|    ep_rew_mean          | 8.46e+05  |
| time/                   |           |
|    fps                  | 140       |
|    iterations           | 11        |
|    time_elapsed         | 5135      |
|    total_timesteps      | 720896    |
| train/                  |           |
|    approx_kl            | 0.3304134 |
|    clip_fraction        | 0.172     |
|    clip_range           | 0.5       |
|    entropy_loss         | -2.84     |
|    explained_variance   | 0.88      |
|    learning_rate        | 0.0001    |
|    loss                 | 7.17e+08  |
|    n_updates            | 320       |
|    policy_gradient_loss | 0.0106    |
|    std                  | 1         |
|    value_loss           | 4.13e+09  |
---------------------------------------
-----------------------------------------
| rollout/                |             |
|    ep_len_mean          | 5.18        |
|    ep_rew_mean          | 8.53e+05    |
| time/                   |             |
|    fps                  | 140         |
|    iterations           | 12          |
|    time_elapsed         | 5604        |
|    total_timesteps      | 786432      |
| train/                  |             |
|    approx_kl            | 0.080464125 |
|    clip_fraction        | 0.121       |
|    clip_range           | 0.5         |
|    entropy_loss         | -2.84       |
|    explained_variance   | 0.972       |
|    learning_rate        | 0.0001      |
|    loss                 | 3.85e+08    |
|    n_updates            | 352         |
|    policy_gradient_loss | 0.00564     |
|    std                  | 1           |
|    value_loss           | 1.01e+09    |
-----------------------------------------
----------------------------------------
| rollout/                |            |
|    ep_len_mean          | 5.56       |
|    ep_rew_mean          | 8.54e+05   |
| time/                   |            |
|    fps                  | 140        |
|    iterations           | 13         |
|    time_elapsed         | 6080       |
|    total_timesteps      | 851968     |
| train/                  |            |
|    approx_kl            | 0.04260324 |
|    clip_fraction        | 0.027      |
|    clip_range           | 0.5        |
|    entropy_loss         | -2.84      |
|    explained_variance   | 0.984      |
|    learning_rate        | 0.0001     |
|    loss                 | 3.53e+08   |
|    n_updates            | 384        |
|    policy_gradient_loss | 0.000654   |
|    std                  | 1          |
|    value_loss           | 8.94e+08   |
----------------------------------------
-----------------------------------------
| rollout/                |             |
|    ep_len_mean          | 5.91        |
|    ep_rew_mean          | 8.53e+05    |
| time/                   |             |
|    fps                  | 140         |
|    iterations           | 14          |
|    time_elapsed         | 6549        |
|    total_timesteps      | 917504      |
| train/                  |             |
|    approx_kl            | 0.019541634 |
|    clip_fraction        | 0.0204      |
|    clip_range           | 0.5         |
|    entropy_loss         | -2.84       |
|    explained_variance   | 0.984       |
|    learning_rate        | 0.0001      |
|    loss                 | 3.68e+08    |
|    n_updates            | 416         |
|    policy_gradient_loss | 0.00305     |
|    std                  | 1           |
|    value_loss           | 8.67e+08    |
-----------------------------------------
-----------------------------------------
| rollout/                |             |
|    ep_len_mean          | 5.35        |
|    ep_rew_mean          | 8.52e+05    |
| time/                   |             |
|    fps                  | 140         |
|    iterations           | 15          |
|    time_elapsed         | 7018        |
|    total_timesteps      | 983040      |
| train/                  |             |
|    approx_kl            | 0.009460043 |
|    clip_fraction        | 0.00741     |
|    clip_range           | 0.5         |
|    entropy_loss         | -2.84       |
|    explained_variance   | 0.985       |
|    learning_rate        | 0.0001      |
|    loss                 | 3.65e+08    |
|    n_updates            | 448         |
|    policy_gradient_loss | 0.00285     |
|    std                  | 1           |
|    value_loss           | 8.73e+08    |
-----------------------------------------
-----------------------------------------
| rollout/                |             |
|    ep_len_mean          | 5.9         |
|    ep_rew_mean          | 8.52e+05    |
| time/                   |             |
|    fps                  | 140         |
|    iterations           | 16          |
|    time_elapsed         | 7488        |
|    total_timesteps      | 1048576     |
| train/                  |             |
|    approx_kl            | 0.012578807 |
|    clip_fraction        | 0.00846     |
|    clip_range           | 0.5         |
|    entropy_loss         | -2.84       |
|    explained_variance   | 0.985       |
|    learning_rate        | 0.0001      |
|    loss                 | 3.46e+08    |
|    n_updates            | 480         |
|    policy_gradient_loss | 0.00188     |
|    std                  | 1           |
|    value_loss           | 8.59e+08    |
-----------------------------------------
----------------------------------------
| rollout/                |            |
|    ep_len_mean          | 5.52       |
|    ep_rew_mean          | 8.61e+05   |
| time/                   |            |
|    fps                  | 139        |
|    iterations           | 17         |
|    time_elapsed         | 7962       |
|    total_timesteps      | 1114112    |
| train/                  |            |
|    approx_kl            | 0.01165622 |
|    clip_fraction        | 0.00895    |
|    clip_range           | 0.5        |
|    entropy_loss         | -2.84      |
|    explained_variance   | 0.985      |
|    learning_rate        | 0.0001     |
|    loss                 | 4.07e+08   |
|    n_updates            | 512        |
|    policy_gradient_loss | 0.00181    |
|    std                  | 1          |
|    value_loss           | 8.54e+08   |
----------------------------------------
----------------------------------------
| rollout/                |            |
|    ep_len_mean          | 5.26       |
|    ep_rew_mean          | 8.61e+05   |
| time/                   |            |
|    fps                  | 139        |
|    iterations           | 18         |
|    time_elapsed         | 8437       |
|    total_timesteps      | 1179648    |
| train/                  |            |
|    approx_kl            | 0.01426823 |
|    clip_fraction        | 0.00967    |
|    clip_range           | 0.5        |
|    entropy_loss         | -2.84      |
|    explained_variance   | 0.985      |
|    learning_rate        | 0.0001     |
|    loss                 | 3.84e+08   |
|    n_updates            | 544        |
|    policy_gradient_loss | 0.00111    |
|    std                  | 1          |
|    value_loss           | 8.66e+08   |
----------------------------------------
-----------------------------------------
| rollout/                |             |
|    ep_len_mean          | 5.72        |
|    ep_rew_mean          | 8.53e+05    |
| time/                   |             |
|    fps                  | 139         |
|    iterations           | 19          |
|    time_elapsed         | 8911        |
|    total_timesteps      | 1245184     |
| train/                  |             |
|    approx_kl            | 0.011293411 |
|    clip_fraction        | 0.00994     |
|    clip_range           | 0.5         |
|    entropy_loss         | -2.84       |
|    explained_variance   | 0.984       |
|    learning_rate        | 0.0001      |
|    loss                 | 2.74e+08    |
|    n_updates            | 576         |
|    policy_gradient_loss | -0.000457   |
|    std                  | 1           |
|    value_loss           | 8.63e+08    |
-----------------------------------------
----------------------------------------
| rollout/                |            |
|    ep_len_mean          | 5.62       |
|    ep_rew_mean          | 8.59e+05   |
| time/                   |            |
|    fps                  | 139        |
|    iterations           | 20         |
|    time_elapsed         | 9390       |
|    total_timesteps      | 1310720    |
| train/                  |            |
|    approx_kl            | 0.01241937 |
|    clip_fraction        | 0.0117     |
|    clip_range           | 0.5        |
|    entropy_loss         | -2.84      |
|    explained_variance   | 0.985      |
|    learning_rate        | 0.0001     |
|    loss                 | 3.31e+08   |
|    n_updates            | 608        |
|    policy_gradient_loss | 0.000763   |
|    std                  | 1          |
|    value_loss           | 8.58e+08   |
----------------------------------------
------------------------------------------
| rollout/                |              |
|    ep_len_mean          | 5.87         |
|    ep_rew_mean          | 8.46e+05     |
| time/                   |              |
|    fps                  | 139          |
|    iterations           | 21           |
|    time_elapsed         | 9867         |
|    total_timesteps      | 1376256      |
| train/                  |              |
|    approx_kl            | 0.0123317875 |
|    clip_fraction        | 0.0109       |
|    clip_range           | 0.5          |
|    entropy_loss         | -2.84        |
|    explained_variance   | 0.984        |
|    learning_rate        | 0.0001       |
|    loss                 | 4.35e+08     |
|    n_updates            | 640          |
|    policy_gradient_loss | 0.00131      |
|    std                  | 1            |
|    value_loss           | 8.84e+08     |
------------------------------------------
-----------------------------------------
| rollout/                |             |
|    ep_len_mean          | 5.48        |
|    ep_rew_mean          | 8.59e+05    |
| time/                   |             |
|    fps                  | 139         |
|    iterations           | 22          |
|    time_elapsed         | 10344       |
|    total_timesteps      | 1441792     |
| train/                  |             |
|    approx_kl            | 0.010610422 |
|    clip_fraction        | 0.011       |
|    clip_range           | 0.5         |
|    entropy_loss         | -2.84       |
|    explained_variance   | 0.984       |
|    learning_rate        | 0.0001      |
|    loss                 | 4.39e+08    |
|    n_updates            | 672         |
|    policy_gradient_loss | 0.00204     |
|    std                  | 1           |
|    value_loss           | 8.85e+08    |
-----------------------------------------
-----------------------------------------
| rollout/                |             |
|    ep_len_mean          | 5.59        |
|    ep_rew_mean          | 8.52e+05    |
| time/                   |             |
|    fps                  | 139         |
|    iterations           | 23          |
|    time_elapsed         | 10819       |
|    total_timesteps      | 1507328     |
| train/                  |             |
|    approx_kl            | 0.012852343 |
|    clip_fraction        | 0.0117      |
|    clip_range           | 0.5         |
|    entropy_loss         | -2.84       |
|    explained_variance   | 0.984       |
|    learning_rate        | 0.0001      |
|    loss                 | 3.72e+08    |
|    n_updates            | 704         |
|    policy_gradient_loss | 0.00128     |
|    std                  | 1           |
|    value_loss           | 8.95e+08    |
-----------------------------------------
-----------------------------------------
| rollout/                |             |
|    ep_len_mean          | 5.46        |
|    ep_rew_mean          | 8.49e+05    |
| time/                   |             |
|    fps                  | 139         |
|    iterations           | 24          |
|    time_elapsed         | 11293       |
|    total_timesteps      | 1572864     |
| train/                  |             |
|    approx_kl            | 0.016771141 |
|    clip_fraction        | 0.0154      |
|    clip_range           | 0.5         |
|    entropy_loss         | -2.84       |
|    explained_variance   | 0.984       |
|    learning_rate        | 0.0001      |
|    loss                 | 3.39e+08    |
|    n_updates            | 736         |
|    policy_gradient_loss | 0.00207     |
|    std                  | 1           |
|    value_loss           | 8.89e+08    |
-----------------------------------------
-----------------------------------------
| rollout/                |             |
|    ep_len_mean          | 5.7         |
|    ep_rew_mean          | 8.49e+05    |
| time/                   |             |
|    fps                  | 139         |
|    iterations           | 25          |
|    time_elapsed         | 11769       |
|    total_timesteps      | 1638400     |
| train/                  |             |
|    approx_kl            | 0.011519228 |
|    clip_fraction        | 0.0107      |
|    clip_range           | 0.5         |
|    entropy_loss         | -2.84       |
|    explained_variance   | 0.985       |
|    learning_rate        | 0.0001      |
|    loss                 | 2.77e+08    |
|    n_updates            | 768         |
|    policy_gradient_loss | -0.000925   |
|    std                  | 1           |
|    value_loss           | 8.45e+08    |
-----------------------------------------
-----------------------------------------
| rollout/                |             |
|    ep_len_mean          | 5.62        |
|    ep_rew_mean          | 8.53e+05    |
| time/                   |             |
|    fps                  | 139         |
|    iterations           | 26          |
|    time_elapsed         | 12243       |
|    total_timesteps      | 1703936     |
| train/                  |             |
|    approx_kl            | 0.012571739 |
|    clip_fraction        | 0.00793     |
|    clip_range           | 0.5         |
|    entropy_loss         | -2.84       |
|    explained_variance   | 0.984       |
|    learning_rate        | 0.0001      |
|    loss                 | 4.06e+08    |
|    n_updates            | 800         |
|    policy_gradient_loss | 0.00214     |
|    std                  | 1           |
|    value_loss           | 8.72e+08    |
-----------------------------------------
----------------------------------------
| rollout/                |            |
|    ep_len_mean          | 5.87       |
|    ep_rew_mean          | 8.61e+05   |
| time/                   |            |
|    fps                  | 139        |
|    iterations           | 27         |
|    time_elapsed         | 12717      |
|    total_timesteps      | 1769472    |
| train/                  |            |
|    approx_kl            | 0.01024062 |
|    clip_fraction        | 0.00693    |
|    clip_range           | 0.5        |
|    entropy_loss         | -2.84      |
|    explained_variance   | 0.984      |
|    learning_rate        | 0.0001     |
|    loss                 | 3.78e+08   |
|    n_updates            | 832        |
|    policy_gradient_loss | 0.00165    |
|    std                  | 1          |
|    value_loss           | 8.78e+08   |
----------------------------------------
----------------------------------------
| rollout/                |            |
|    ep_len_mean          | 5.18       |
|    ep_rew_mean          | 8.53e+05   |
| time/                   |            |
|    fps                  | 139        |
|    iterations           | 28         |
|    time_elapsed         | 13185      |
|    total_timesteps      | 1835008    |
| train/                  |            |
|    approx_kl            | 0.00939432 |
|    clip_fraction        | 0.00738    |
|    clip_range           | 0.5        |
|    entropy_loss         | -2.84      |
|    explained_variance   | 0.984      |
|    learning_rate        | 0.0001     |
|    loss                 | 3.44e+08   |
|    n_updates            | 864        |
|    policy_gradient_loss | 0.00131    |
|    std                  | 1          |
|    value_loss           | 8.73e+08   |
----------------------------------------
-----------------------------------------
| rollout/                |             |
|    ep_len_mean          | 5.78        |
|    ep_rew_mean          | 8.54e+05    |
| time/                   |             |
|    fps                  | 139         |
|    iterations           | 29          |
|    time_elapsed         | 13658       |
|    total_timesteps      | 1900544     |
| train/                  |             |
|    approx_kl            | 0.008547518 |
|    clip_fraction        | 0.00653     |
|    clip_range           | 0.5         |
|    entropy_loss         | -2.84       |
|    explained_variance   | 0.984       |
|    learning_rate        | 0.0001      |
|    loss                 | 3.35e+08    |
|    n_updates            | 896         |
|    policy_gradient_loss | 0.00242     |
|    std                  | 1           |
|    value_loss           | 8.82e+08    |
-----------------------------------------
------------------------------------------
| rollout/                |              |
|    ep_len_mean          | 5.7          |
|    ep_rew_mean          | 8.56e+05     |
| time/                   |              |
|    fps                  | 139          |
|    iterations           | 30           |
|    time_elapsed         | 14127        |
|    total_timesteps      | 1966080      |
| train/                  |              |
|    approx_kl            | 0.0087166345 |
|    clip_fraction        | 0.00704      |
|    clip_range           | 0.5          |
|    entropy_loss         | -2.84        |
|    explained_variance   | 0.985        |
|    learning_rate        | 0.0001       |
|    loss                 | 3.62e+08     |
|    n_updates            | 928          |
|    policy_gradient_loss | 0.000575     |
|    std                  | 1            |
|    value_loss           | 8.75e+08     |
------------------------------------------
-----------------------------------------
| rollout/                |             |
|    ep_len_mean          | 5.89        |
|    ep_rew_mean          | 8.54e+05    |
| time/                   |             |
|    fps                  | 139         |
|    iterations           | 31          |
|    time_elapsed         | 14603       |
|    total_timesteps      | 2031616     |
| train/                  |             |
|    approx_kl            | 0.009380608 |
|    clip_fraction        | 0.00721     |
|    clip_range           | 0.5         |
|    entropy_loss         | -2.84       |
|    explained_variance   | 0.984       |
|    learning_rate        | 0.0001      |
|    loss                 | 3.4e+08     |
|    n_updates            | 960         |
|    policy_gradient_loss | -0.000565   |
|    std                  | 1           |
|    value_loss           | 8.8e+08     |
-----------------------------------------
-----------------------------------------
| rollout/                |             |
|    ep_len_mean          | 5.2         |
|    ep_rew_mean          | 8.59e+05    |
| time/                   |             |
|    fps                  | 139         |
|    iterations           | 32          |
|    time_elapsed         | 15071       |
|    total_timesteps      | 2097152     |
| train/                  |             |
|    approx_kl            | 0.011128754 |
|    clip_fraction        | 0.0107      |
|    clip_range           | 0.5         |
|    entropy_loss         | -2.84       |
|    explained_variance   | 0.984       |
|    learning_rate        | 0.0001      |
|    loss                 | 4.42e+08    |
|    n_updates            | 992         |
|    policy_gradient_loss | -0.000126   |
|    std                  | 1           |
|    value_loss           | 8.91e+08    |
-----------------------------------------
-----------------------------------------
| rollout/                |             |
|    ep_len_mean          | 5.58        |
|    ep_rew_mean          | 8.58e+05    |
| time/                   |             |
|    fps                  | 139         |
|    iterations           | 33          |
|    time_elapsed         | 15543       |
|    total_timesteps      | 2162688     |
| train/                  |             |
|    approx_kl            | 0.011335608 |
|    clip_fraction        | 0.00812     |
|    clip_range           | 0.5         |
|    entropy_loss         | -2.84       |
|    explained_variance   | 0.984       |
|    learning_rate        | 0.0001      |
|    loss                 | 3.74e+08    |
|    n_updates            | 1024        |
|    policy_gradient_loss | -0.00181    |
|    std                  | 1           |
|    value_loss           | 8.86e+08    |
-----------------------------------------
-----------------------------------------
| rollout/                |             |
|    ep_len_mean          | 5.61        |
|    ep_rew_mean          | 8.55e+05    |
| time/                   |             |
|    fps                  | 139         |
|    iterations           | 34          |
|    time_elapsed         | 16014       |
|    total_timesteps      | 2228224     |
| train/                  |             |
|    approx_kl            | 0.010826765 |
|    clip_fraction        | 0.00832     |
|    clip_range           | 0.5         |
|    entropy_loss         | -2.84       |
|    explained_variance   | 0.984       |
|    learning_rate        | 0.0001      |
|    loss                 | 3.97e+08    |
|    n_updates            | 1056        |
|    policy_gradient_loss | 0.000945    |
|    std                  | 1           |
|    value_loss           | 9.09e+08    |
-----------------------------------------
------------------------------------------
| rollout/                |              |
|    ep_len_mean          | 5.22         |
|    ep_rew_mean          | 8.55e+05     |
| time/                   |              |
|    fps                  | 139          |
|    iterations           | 35           |
|    time_elapsed         | 16486        |
|    total_timesteps      | 2293760      |
| train/                  |              |
|    approx_kl            | 0.0154897785 |
|    clip_fraction        | 0.0138       |
|    clip_range           | 0.5          |
|    entropy_loss         | -2.84        |
|    explained_variance   | 0.984        |
|    learning_rate        | 0.0001       |
|    loss                 | 3.94e+08     |
|    n_updates            | 1088         |
|    policy_gradient_loss | 0.000107     |
|    std                  | 1            |
|    value_loss           | 8.99e+08     |
------------------------------------------
-----------------------------------------
| rollout/                |             |
|    ep_len_mean          | 5.34        |
|    ep_rew_mean          | 8.58e+05    |
| time/                   |             |
|    fps                  | 139         |
|    iterations           | 36          |
|    time_elapsed         | 16957       |
|    total_timesteps      | 2359296     |
| train/                  |             |
|    approx_kl            | 0.012020705 |
|    clip_fraction        | 0.0101      |
|    clip_range           | 0.5         |
|    entropy_loss         | -2.84       |
|    explained_variance   | 0.985       |
|    learning_rate        | 0.0001      |
|    loss                 | 3.45e+08    |
|    n_updates            | 1120        |
|    policy_gradient_loss | 0.00196     |
|    std                  | 1           |
|    value_loss           | 8.74e+08    |
-----------------------------------------
-----------------------------------------
| rollout/                |             |
|    ep_len_mean          | 5.65        |
|    ep_rew_mean          | 8.56e+05    |
| time/                   |             |
|    fps                  | 139         |
|    iterations           | 37          |
|    time_elapsed         | 17429       |
|    total_timesteps      | 2424832     |
| train/                  |             |
|    approx_kl            | 0.013004577 |
|    clip_fraction        | 0.0105      |
|    clip_range           | 0.5         |
|    entropy_loss         | -2.84       |
|    explained_variance   | 0.985       |
|    learning_rate        | 0.0001      |
|    loss                 | 3.48e+08    |
|    n_updates            | 1152        |
|    policy_gradient_loss | 0.00211     |
|    std                  | 1           |
|    value_loss           | 8.97e+08    |
-----------------------------------------
-----------------------------------------
| rollout/                |             |
|    ep_len_mean          | 5.7         |
|    ep_rew_mean          | 8.51e+05    |
| time/                   |             |
|    fps                  | 139         |
|    iterations           | 38          |
|    time_elapsed         | 17901       |
|    total_timesteps      | 2490368     |
| train/                  |             |
|    approx_kl            | 0.014917894 |
|    clip_fraction        | 0.0113      |
|    clip_range           | 0.5         |
|    entropy_loss         | -2.84       |
|    explained_variance   | 0.985       |
|    learning_rate        | 0.0001      |
|    loss                 | 3.72e+08    |
|    n_updates            | 1184        |
|    policy_gradient_loss | 0.0012      |
|    std                  | 1           |
|    value_loss           | 8.74e+08    |
-----------------------------------------
-----------------------------------------
| rollout/                |             |
|    ep_len_mean          | 5.41        |
|    ep_rew_mean          | 8.53e+05    |
| time/                   |             |
|    fps                  | 139         |
|    iterations           | 39          |
|    time_elapsed         | 18370       |
|    total_timesteps      | 2555904     |
| train/                  |             |
|    approx_kl            | 0.014388942 |
|    clip_fraction        | 0.0118      |
|    clip_range           | 0.5         |
|    entropy_loss         | -2.84       |
|    explained_variance   | 0.984       |
|    learning_rate        | 0.0001      |
|    loss                 | 3.38e+08    |
|    n_updates            | 1216        |
|    policy_gradient_loss | 0.000427    |
|    std                  | 1           |
|    value_loss           | 8.91e+08    |
-----------------------------------------
-----------------------------------------
| rollout/                |             |
|    ep_len_mean          | 5.77        |
|    ep_rew_mean          | 8.57e+05    |
| time/                   |             |
|    fps                  | 139         |
|    iterations           | 40          |
|    time_elapsed         | 18840       |
|    total_timesteps      | 2621440     |
| train/                  |             |
|    approx_kl            | 0.011984022 |
|    clip_fraction        | 0.0129      |
|    clip_range           | 0.5         |
|    entropy_loss         | -2.84       |
|    explained_variance   | 0.984       |
|    learning_rate        | 0.0001      |
|    loss                 | 3.84e+08    |
|    n_updates            | 1248        |
|    policy_gradient_loss | 0.000769    |
|    std                  | 1           |
|    value_loss           | 8.94e+08    |
-----------------------------------------
----------------------------------------
| rollout/                |            |
|    ep_len_mean          | 5.4        |
|    ep_rew_mean          | 8.5e+05    |
| time/                   |            |
|    fps                  | 139        |
|    iterations           | 41         |
|    time_elapsed         | 19311      |
|    total_timesteps      | 2686976    |
| train/                  |            |
|    approx_kl            | 0.01802269 |
|    clip_fraction        | 0.0184     |
|    clip_range           | 0.5        |
|    entropy_loss         | -2.84      |
|    explained_variance   | 0.985      |
|    learning_rate        | 0.0001     |
|    loss                 | 3.69e+08   |
|    n_updates            | 1280       |
|    policy_gradient_loss | 0.00112    |
|    std                  | 1          |
|    value_loss           | 8.77e+08   |
----------------------------------------
-----------------------------------------
| rollout/                |             |
|    ep_len_mean          | 5.85        |
|    ep_rew_mean          | 8.55e+05    |
| time/                   |             |
|    fps                  | 139         |
|    iterations           | 42          |
|    time_elapsed         | 19782       |
|    total_timesteps      | 2752512     |
| train/                  |             |
|    approx_kl            | 0.009755331 |
|    clip_fraction        | 0.00834     |
|    clip_range           | 0.5         |
|    entropy_loss         | -2.84       |
|    explained_variance   | 0.985       |
|    learning_rate        | 0.0001      |
|    loss                 | 3.42e+08    |
|    n_updates            | 1312        |
|    policy_gradient_loss | 0.0033      |
|    std                  | 1           |
|    value_loss           | 8.73e+08    |
-----------------------------------------
-----------------------------------------
| rollout/                |             |
|    ep_len_mean          | 5.79        |
|    ep_rew_mean          | 8.53e+05    |
| time/                   |             |
|    fps                  | 139         |
|    iterations           | 43          |
|    time_elapsed         | 20250       |
|    total_timesteps      | 2818048     |
| train/                  |             |
|    approx_kl            | 0.013038874 |
|    clip_fraction        | 0.0105      |
|    clip_range           | 0.5         |
|    entropy_loss         | -2.84       |
|    explained_variance   | 0.985       |
|    learning_rate        | 0.0001      |
|    loss                 | 3.96e+08    |
|    n_updates            | 1344        |
|    policy_gradient_loss | -0.00106    |
|    std                  | 1           |
|    value_loss           | 8.73e+08    |
-----------------------------------------
-----------------------------------------
| rollout/                |             |
|    ep_len_mean          | 5.65        |
|    ep_rew_mean          | 8.54e+05    |
| time/                   |             |
|    fps                  | 139         |
|    iterations           | 44          |
|    time_elapsed         | 20722       |
|    total_timesteps      | 2883584     |
| train/                  |             |
|    approx_kl            | 0.015437477 |
|    clip_fraction        | 0.0138      |
|    clip_range           | 0.5         |
|    entropy_loss         | -2.84       |
|    explained_variance   | 0.985       |
|    learning_rate        | 0.0001      |
|    loss                 | 3.82e+08    |
|    n_updates            | 1376        |
|    policy_gradient_loss | -0.000326   |
|    std                  | 1           |
|    value_loss           | 8.79e+08    |
-----------------------------------------
-----------------------------------------
| rollout/                |             |
|    ep_len_mean          | 5.45        |
|    ep_rew_mean          | 8.5e+05     |
| time/                   |             |
|    fps                  | 139         |
|    iterations           | 45          |
|    time_elapsed         | 21194       |
|    total_timesteps      | 2949120     |
| train/                  |             |
|    approx_kl            | 0.009908898 |
|    clip_fraction        | 0.00884     |
|    clip_range           | 0.5         |
|    entropy_loss         | -2.84       |
|    explained_variance   | 0.985       |
|    learning_rate        | 0.0001      |
|    loss                 | 3.55e+08    |
|    n_updates            | 1408        |
|    policy_gradient_loss | 0.000906    |
|    std                  | 1           |
|    value_loss           | 8.87e+08    |
-----------------------------------------
-----------------------------------------
| rollout/                |             |
|    ep_len_mean          | 6.13        |
|    ep_rew_mean          | 8.54e+05    |
| time/                   |             |
|    fps                  | 139         |
|    iterations           | 46          |
|    time_elapsed         | 21664       |
|    total_timesteps      | 3014656     |
| train/                  |             |
|    approx_kl            | 0.008993907 |
|    clip_fraction        | 0.00766     |
|    clip_range           | 0.5         |
|    entropy_loss         | -2.84       |
|    explained_variance   | 0.985       |
|    learning_rate        | 0.0001      |
|    loss                 | 4.39e+08    |
|    n_updates            | 1440        |
|    policy_gradient_loss | 0.000786    |
|    std                  | 1           |
|    value_loss           | 8.76e+08    |
-----------------------------------------
-----------------------------------------
| rollout/                |             |
|    ep_len_mean          | 5.81        |
|    ep_rew_mean          | 8.59e+05    |
| time/                   |             |
|    fps                  | 139         |
|    iterations           | 47          |
|    time_elapsed         | 22145       |
|    total_timesteps      | 3080192     |
| train/                  |             |
|    approx_kl            | 0.009394387 |
|    clip_fraction        | 0.00724     |
|    clip_range           | 0.5         |
|    entropy_loss         | -2.84       |
|    explained_variance   | 0.985       |
|    learning_rate        | 0.0001      |
|    loss                 | 3.36e+08    |
|    n_updates            | 1472        |
|    policy_gradient_loss | -0.000192   |
|    std                  | 1           |
|    value_loss           | 8.81e+08    |
-----------------------------------------
-----------------------------------------
| rollout/                |             |
|    ep_len_mean          | 5.79        |
|    ep_rew_mean          | 8.52e+05    |
| time/                   |             |
|    fps                  | 139         |
|    iterations           | 48          |
|    time_elapsed         | 22611       |
|    total_timesteps      | 3145728     |
| train/                  |             |
|    approx_kl            | 0.012931507 |
|    clip_fraction        | 0.0169      |
|    clip_range           | 0.5         |
|    entropy_loss         | -2.84       |
|    explained_variance   | 0.984       |
|    learning_rate        | 0.0001      |
|    loss                 | 3.8e+08     |
|    n_updates            | 1504        |
|    policy_gradient_loss | 0.0034      |
|    std                  | 1           |
|    value_loss           | 9.01e+08    |
-----------------------------------------
-----------------------------------------
| rollout/                |             |
|    ep_len_mean          | 5.82        |
|    ep_rew_mean          | 8.57e+05    |
| time/                   |             |
|    fps                  | 139         |
|    iterations           | 49          |
|    time_elapsed         | 23082       |
|    total_timesteps      | 3211264     |
| train/                  |             |
|    approx_kl            | 0.010081155 |
|    clip_fraction        | 0.00972     |
|    clip_range           | 0.5         |
|    entropy_loss         | -2.84       |
|    explained_variance   | 0.985       |
|    learning_rate        | 0.0001      |
|    loss                 | 3.78e+08    |
|    n_updates            | 1536        |
|    policy_gradient_loss | 0.00213     |
|    std                  | 1           |
|    value_loss           | 8.91e+08    |
-----------------------------------------
-----------------------------------------
| rollout/                |             |
|    ep_len_mean          | 5.61        |
|    ep_rew_mean          | 8.54e+05    |
| time/                   |             |
|    fps                  | 139         |
|    iterations           | 50          |
|    time_elapsed         | 23552       |
|    total_timesteps      | 3276800     |
| train/                  |             |
|    approx_kl            | 0.009869354 |
|    clip_fraction        | 0.00721     |
|    clip_range           | 0.5         |
|    entropy_loss         | -2.84       |
|    explained_variance   | 0.985       |
|    learning_rate        | 0.0001      |
|    loss                 | 3.92e+08    |
|    n_updates            | 1568        |
|    policy_gradient_loss | 0.00153     |
|    std                  | 1           |
|    value_loss           | 8.9e+08     |
-----------------------------------------
------------------------------------------
| rollout/                |              |
|    ep_len_mean          | 5.37         |
|    ep_rew_mean          | 8.54e+05     |
| time/                   |              |
|    fps                  | 139          |
|    iterations           | 51           |
|    time_elapsed         | 24023        |
|    total_timesteps      | 3342336      |
| train/                  |              |
|    approx_kl            | 0.0130439075 |
|    clip_fraction        | 0.0134       |
|    clip_range           | 0.5          |
|    entropy_loss         | -2.84        |
|    explained_variance   | 0.985        |
|    learning_rate        | 0.0001       |
|    loss                 | 3.41e+08     |
|    n_updates            | 1600         |
|    policy_gradient_loss | 0.00307      |
|    std                  | 1            |
|    value_loss           | 8.81e+08     |
------------------------------------------
-----------------------------------------
| rollout/                |             |
|    ep_len_mean          | 5.57        |
|    ep_rew_mean          | 8.51e+05    |
| time/                   |             |
|    fps                  | 139         |
|    iterations           | 52          |
|    time_elapsed         | 24490       |
|    total_timesteps      | 3407872     |
| train/                  |             |
|    approx_kl            | 0.009047134 |
|    clip_fraction        | 0.007       |
|    clip_range           | 0.5         |
|    entropy_loss         | -2.84       |
|    explained_variance   | 0.984       |
|    learning_rate        | 0.0001      |
|    loss                 | 3.65e+08    |
|    n_updates            | 1632        |
|    policy_gradient_loss | -0.00104    |
|    std                  | 1           |
|    value_loss           | 8.92e+08    |
-----------------------------------------
-----------------------------------------
| rollout/                |             |
|    ep_len_mean          | 5.64        |
|    ep_rew_mean          | 8.55e+05    |
| time/                   |             |
|    fps                  | 139         |
|    iterations           | 53          |
|    time_elapsed         | 24962       |
|    total_timesteps      | 3473408     |
| train/                  |             |
|    approx_kl            | 0.008371964 |
|    clip_fraction        | 0.00688     |
|    clip_range           | 0.5         |
|    entropy_loss         | -2.84       |
|    explained_variance   | 0.984       |
|    learning_rate        | 0.0001      |
|    loss                 | 3.87e+08    |
|    n_updates            | 1664        |
|    policy_gradient_loss | 0.000811    |
|    std                  | 1           |
|    value_loss           | 9.15e+08    |
-----------------------------------------
-----------------------------------------
| rollout/                |             |
|    ep_len_mean          | 5.93        |
|    ep_rew_mean          | 8.58e+05    |
| time/                   |             |
|    fps                  | 139         |
|    iterations           | 54          |
|    time_elapsed         | 25432       |
|    total_timesteps      | 3538944     |
| train/                  |             |
|    approx_kl            | 0.006986879 |
|    clip_fraction        | 0.00516     |
|    clip_range           | 0.5         |
|    entropy_loss         | -2.84       |
|    explained_variance   | 0.985       |
|    learning_rate        | 0.0001      |
|    loss                 | 3.09e+08    |
|    n_updates            | 1696        |
|    policy_gradient_loss | 0.000107    |
|    std                  | 1           |
|    value_loss           | 8.96e+08    |
-----------------------------------------
-----------------------------------------
| rollout/                |             |
|    ep_len_mean          | 6.08        |
|    ep_rew_mean          | 8.58e+05    |
| time/                   |             |
|    fps                  | 139         |
|    iterations           | 55          |
|    time_elapsed         | 25902       |
|    total_timesteps      | 3604480     |
| train/                  |             |
|    approx_kl            | 0.007653898 |
|    clip_fraction        | 0.00634     |
|    clip_range           | 0.5         |
|    entropy_loss         | -2.84       |
|    explained_variance   | 0.985       |
|    learning_rate        | 0.0001      |
|    loss                 | 3.33e+08    |
|    n_updates            | 1728        |
|    policy_gradient_loss | 0.000407    |
|    std                  | 1           |
|    value_loss           | 8.96e+08    |
-----------------------------------------
-----------------------------------------
| rollout/                |             |
|    ep_len_mean          | 5.28        |
|    ep_rew_mean          | 8.57e+05    |
| time/                   |             |
|    fps                  | 139         |
|    iterations           | 56          |
|    time_elapsed         | 26375       |
|    total_timesteps      | 3670016     |
| train/                  |             |
|    approx_kl            | 0.007950204 |
|    clip_fraction        | 0.00474     |
|    clip_range           | 0.5         |
|    entropy_loss         | -2.84       |
|    explained_variance   | 0.985       |
|    learning_rate        | 0.0001      |
|    loss                 | 3.62e+08    |
|    n_updates            | 1760        |
|    policy_gradient_loss | -0.000122   |
|    std                  | 1           |
|    value_loss           | 8.85e+08    |
-----------------------------------------
-----------------------------------------
| rollout/                |             |
|    ep_len_mean          | 5.75        |
|    ep_rew_mean          | 8.5e+05     |
| time/                   |             |
|    fps                  | 139         |
|    iterations           | 57          |
|    time_elapsed         | 26841       |
|    total_timesteps      | 3735552     |
| train/                  |             |
|    approx_kl            | 0.008025073 |
|    clip_fraction        | 0.00583     |
|    clip_range           | 0.5         |
|    entropy_loss         | -2.84       |
|    explained_variance   | 0.985       |
|    learning_rate        | 0.0001      |
|    loss                 | 3.37e+08    |
|    n_updates            | 1792        |
|    policy_gradient_loss | 0.000357    |
|    std                  | 1           |
|    value_loss           | 8.91e+08    |
-----------------------------------------
----------------------------------------
| rollout/                |            |
|    ep_len_mean          | 5.4        |
|    ep_rew_mean          | 8.58e+05   |
| time/                   |            |
|    fps                  | 139        |
|    iterations           | 58         |
|    time_elapsed         | 27316      |
|    total_timesteps      | 3801088    |
| train/                  |            |
|    approx_kl            | 0.01345385 |
|    clip_fraction        | 0.00931    |
|    clip_range           | 0.5        |
|    entropy_loss         | -2.84      |
|    explained_variance   | 0.985      |
|    learning_rate        | 0.0001     |
|    loss                 | 3.75e+08   |
|    n_updates            | 1824       |
|    policy_gradient_loss | -0.000867  |
|    std                  | 1          |
|    value_loss           | 8.95e+08   |
----------------------------------------
-----------------------------------------
| rollout/                |             |
|    ep_len_mean          | 5.36        |
|    ep_rew_mean          | 8.56e+05    |
| time/                   |             |
|    fps                  | 139         |
|    iterations           | 59          |
|    time_elapsed         | 27788       |
|    total_timesteps      | 3866624     |
| train/                  |             |
|    approx_kl            | 0.012006905 |
|    clip_fraction        | 0.00741     |
|    clip_range           | 0.5         |
|    entropy_loss         | -2.84       |
|    explained_variance   | 0.985       |
|    learning_rate        | 0.0001      |
|    loss                 | 3.54e+08    |
|    n_updates            | 1856        |
|    policy_gradient_loss | 0.0013      |
|    std                  | 1           |
|    value_loss           | 8.82e+08    |
-----------------------------------------
-----------------------------------------
| rollout/                |             |
|    ep_len_mean          | 5.11        |
|    ep_rew_mean          | 8.51e+05    |
| time/                   |             |
|    fps                  | 139         |
|    iterations           | 60          |
|    time_elapsed         | 28257       |
|    total_timesteps      | 3932160     |
| train/                  |             |
|    approx_kl            | 0.009777723 |
|    clip_fraction        | 0.00769     |
|    clip_range           | 0.5         |
|    entropy_loss         | -2.84       |
|    explained_variance   | 0.985       |
|    learning_rate        | 0.0001      |
|    loss                 | 3.55e+08    |
|    n_updates            | 1888        |
|    policy_gradient_loss | 0.0014      |
|    std                  | 1           |
|    value_loss           | 8.9e+08     |
-----------------------------------------
-----------------------------------------
| rollout/                |             |
|    ep_len_mean          | 5.32        |
|    ep_rew_mean          | 8.52e+05    |
| time/                   |             |
|    fps                  | 139         |
|    iterations           | 61          |
|    time_elapsed         | 28730       |
|    total_timesteps      | 3997696     |
| train/                  |             |
|    approx_kl            | 0.009910012 |
|    clip_fraction        | 0.00735     |
|    clip_range           | 0.5         |
|    entropy_loss         | -2.84       |
|    explained_variance   | 0.986       |
|    learning_rate        | 0.0001      |
|    loss                 | 3.9e+08     |
|    n_updates            | 1920        |
|    policy_gradient_loss | 0.00114     |
|    std                  | 1           |
|    value_loss           | 8.72e+08    |
-----------------------------------------
-----------------------------------------
| rollout/                |             |
|    ep_len_mean          | 5.63        |
|    ep_rew_mean          | 8.61e+05    |
| time/                   |             |
|    fps                  | 139         |
|    iterations           | 62          |
|    time_elapsed         | 29202       |
|    total_timesteps      | 4063232     |
| train/                  |             |
|    approx_kl            | 0.010231344 |
|    clip_fraction        | 0.00763     |
|    clip_range           | 0.5         |
|    entropy_loss         | -2.84       |
|    explained_variance   | 0.986       |
|    learning_rate        | 0.0001      |
|    loss                 | 4.15e+08    |
|    n_updates            | 1952        |
|    policy_gradient_loss | 9.7e-05     |
|    std                  | 1           |
|    value_loss           | 8.83e+08    |
-----------------------------------------
-----------------------------------------
| rollout/                |             |
|    ep_len_mean          | 5.13        |
|    ep_rew_mean          | 8.55e+05    |
| time/                   |             |
|    fps                  | 139         |
|    iterations           | 63          |
|    time_elapsed         | 29674       |
|    total_timesteps      | 4128768     |
| train/                  |             |
|    approx_kl            | 0.006876009 |
|    clip_fraction        | 0.00537     |
|    clip_range           | 0.5         |
|    entropy_loss         | -2.84       |
|    explained_variance   | 0.985       |
|    learning_rate        | 0.0001      |
|    loss                 | 3.77e+08    |
|    n_updates            | 1984        |
|    policy_gradient_loss | -0.000345   |
|    std                  | 1           |
|    value_loss           | 8.94e+08    |
-----------------------------------------
------------------------------------------
| rollout/                |              |
|    ep_len_mean          | 5.89         |
|    ep_rew_mean          | 8.57e+05     |
| time/                   |              |
|    fps                  | 139          |
|    iterations           | 64           |
|    time_elapsed         | 30151        |
|    total_timesteps      | 4194304      |
| train/                  |              |
|    approx_kl            | 0.0078110443 |
|    clip_fraction        | 0.00615      |
|    clip_range           | 0.5          |
|    entropy_loss         | -2.84        |
|    explained_variance   | 0.985        |
|    learning_rate        | 0.0001       |
|    loss                 | 4.11e+08     |
|    n_updates            | 2016         |
|    policy_gradient_loss | 0.000983     |
|    std                  | 1            |
|    value_loss           | 9.09e+08     |
------------------------------------------
-----------------------------------------
| rollout/                |             |
|    ep_len_mean          | 5.66        |
|    ep_rew_mean          | 8.49e+05    |
| time/                   |             |
|    fps                  | 139         |
|    iterations           | 65          |
|    time_elapsed         | 30625       |
|    total_timesteps      | 4259840     |
| train/                  |             |
|    approx_kl            | 0.007386663 |
|    clip_fraction        | 0.00561     |
|    clip_range           | 0.5         |
|    entropy_loss         | -2.84       |
|    explained_variance   | 0.985       |
|    learning_rate        | 0.0001      |
|    loss                 | 4.37e+08    |
|    n_updates            | 2048        |
|    policy_gradient_loss | 0.00182     |
|    std                  | 1           |
|    value_loss           | 9.18e+08    |
-----------------------------------------
----------------------------------------
| rollout/                |            |
|    ep_len_mean          | 5.71       |
|    ep_rew_mean          | 8.51e+05   |
| time/                   |            |
|    fps                  | 139        |
|    iterations           | 66         |
|    time_elapsed         | 31100      |
|    total_timesteps      | 4325376    |
| train/                  |            |
|    approx_kl            | 0.00843953 |
|    clip_fraction        | 0.00938    |
|    clip_range           | 0.5        |
|    entropy_loss         | -2.84      |
|    explained_variance   | 0.984      |
|    learning_rate        | 0.0001     |
|    loss                 | 4.04e+08   |
|    n_updates            | 2080       |
|    policy_gradient_loss | 0.00107    |
|    std                  | 1          |
|    value_loss           | 9.12e+08   |
----------------------------------------
-----------------------------------------
| rollout/                |             |
|    ep_len_mean          | 5.26        |
|    ep_rew_mean          | 8.6e+05     |
| time/                   |             |
|    fps                  | 139         |
|    iterations           | 67          |
|    time_elapsed         | 31573       |
|    total_timesteps      | 4390912     |
| train/                  |             |
|    approx_kl            | 0.005838901 |
|    clip_fraction        | 0.00382     |
|    clip_range           | 0.5         |
|    entropy_loss         | -2.84       |
|    explained_variance   | 0.985       |
|    learning_rate        | 0.0001      |
|    loss                 | 4.04e+08    |
|    n_updates            | 2112        |
|    policy_gradient_loss | -0.000109   |
|    std                  | 1           |
|    value_loss           | 8.75e+08    |
-----------------------------------------
-----------------------------------------
| rollout/                |             |
|    ep_len_mean          | 5.62        |
|    ep_rew_mean          | 8.47e+05    |
| time/                   |             |
|    fps                  | 139         |
|    iterations           | 68          |
|    time_elapsed         | 32042       |
|    total_timesteps      | 4456448     |
| train/                  |             |
|    approx_kl            | 0.008115102 |
|    clip_fraction        | 0.00467     |
|    clip_range           | 0.5         |
|    entropy_loss         | -2.84       |
|    explained_variance   | 0.985       |
|    learning_rate        | 0.0001      |
|    loss                 | 4.26e+08    |
|    n_updates            | 2144        |
|    policy_gradient_loss | 0.000366    |
|    std                  | 1           |
|    value_loss           | 9.11e+08    |
-----------------------------------------
-----------------------------------------
| rollout/                |             |
|    ep_len_mean          | 5.85        |
|    ep_rew_mean          | 8.54e+05    |
| time/                   |             |
|    fps                  | 139         |
|    iterations           | 69          |
|    time_elapsed         | 32515       |
|    total_timesteps      | 4521984     |
| train/                  |             |
|    approx_kl            | 0.012788227 |
|    clip_fraction        | 0.00769     |
|    clip_range           | 0.5         |
|    entropy_loss         | -2.84       |
|    explained_variance   | 0.985       |
|    learning_rate        | 0.0001      |
|    loss                 | 3.74e+08    |
|    n_updates            | 2176        |
|    policy_gradient_loss | -0.000428   |
|    std                  | 1           |
|    value_loss           | 9.12e+08    |
-----------------------------------------
----------------------------------------
| rollout/                |            |
|    ep_len_mean          | 5.3        |
|    ep_rew_mean          | 8.54e+05   |
| time/                   |            |
|    fps                  | 139        |
|    iterations           | 70         |
|    time_elapsed         | 32986      |
|    total_timesteps      | 4587520    |
| train/                  |            |
|    approx_kl            | 0.01993305 |
|    clip_fraction        | 0.0137     |
|    clip_range           | 0.5        |
|    entropy_loss         | -2.84      |
|    explained_variance   | 0.984      |
|    learning_rate        | 0.0001     |
|    loss                 | 4.01e+08   |
|    n_updates            | 2208       |
|    policy_gradient_loss | -0.00218   |
|    std                  | 1          |
|    value_loss           | 9.21e+08   |
----------------------------------------
-----------------------------------------
| rollout/                |             |
|    ep_len_mean          | 5.09        |
|    ep_rew_mean          | 8.51e+05    |
| time/                   |             |
|    fps                  | 139         |
|    iterations           | 71          |
|    time_elapsed         | 33456       |
|    total_timesteps      | 4653056     |
| train/                  |             |
|    approx_kl            | 0.012717819 |
|    clip_fraction        | 0.00733     |
|    clip_range           | 0.5         |
|    entropy_loss         | -2.84       |
|    explained_variance   | 0.985       |
|    learning_rate        | 0.0001      |
|    loss                 | 3.84e+08    |
|    n_updates            | 2240        |
|    policy_gradient_loss | 0.000755    |
|    std                  | 1           |
|    value_loss           | 9.08e+08    |
-----------------------------------------
-----------------------------------------
| rollout/                |             |
|    ep_len_mean          | 5.59        |
|    ep_rew_mean          | 8.56e+05    |
| time/                   |             |
|    fps                  | 139         |
|    iterations           | 72          |
|    time_elapsed         | 33925       |
|    total_timesteps      | 4718592     |
| train/                  |             |
|    approx_kl            | 0.011917737 |
|    clip_fraction        | 0.00716     |
|    clip_range           | 0.5         |
|    entropy_loss         | -2.84       |
|    explained_variance   | 0.985       |
|    learning_rate        | 0.0001      |
|    loss                 | 3.96e+08    |
|    n_updates            | 2272        |
|    policy_gradient_loss | 0.00173     |
|    std                  | 1           |
|    value_loss           | 9.18e+08    |
-----------------------------------------
-----------------------------------------
| rollout/                |             |
|    ep_len_mean          | 5.57        |
|    ep_rew_mean          | 8.59e+05    |
| time/                   |             |
|    fps                  | 139         |
|    iterations           | 73          |
|    time_elapsed         | 34395       |
|    total_timesteps      | 4784128     |
| train/                  |             |
|    approx_kl            | 0.008938087 |
|    clip_fraction        | 0.00672     |
|    clip_range           | 0.5         |
|    entropy_loss         | -2.84       |
|    explained_variance   | 0.985       |
|    learning_rate        | 0.0001      |
|    loss                 | 4.17e+08    |
|    n_updates            | 2304        |
|    policy_gradient_loss | 0.000214    |
|    std                  | 1           |
|    value_loss           | 9.12e+08    |
-----------------------------------------
-----------------------------------------
| rollout/                |             |
|    ep_len_mean          | 5.71        |
|    ep_rew_mean          | 8.58e+05    |
| time/                   |             |
|    fps                  | 139         |
|    iterations           | 74          |
|    time_elapsed         | 34863       |
|    total_timesteps      | 4849664     |
| train/                  |             |
|    approx_kl            | 0.008791821 |
|    clip_fraction        | 0.0058      |
|    clip_range           | 0.5         |
|    entropy_loss         | -2.84       |
|    explained_variance   | 0.985       |
|    learning_rate        | 0.0001      |
|    loss                 | 4.6e+08     |
|    n_updates            | 2336        |
|    policy_gradient_loss | 0.000142    |
|    std                  | 1           |
|    value_loss           | 9.21e+08    |
-----------------------------------------
-----------------------------------------
| rollout/                |             |
|    ep_len_mean          | 5.53        |
|    ep_rew_mean          | 8.53e+05    |
| time/                   |             |
|    fps                  | 139         |
|    iterations           | 75          |
|    time_elapsed         | 35337       |
|    total_timesteps      | 4915200     |
| train/                  |             |
|    approx_kl            | 0.010618145 |
|    clip_fraction        | 0.00912     |
|    clip_range           | 0.5         |
|    entropy_loss         | -2.84       |
|    explained_variance   | 0.984       |
|    learning_rate        | 0.0001      |
|    loss                 | 4.05e+08    |
|    n_updates            | 2368        |
|    policy_gradient_loss | 0.00049     |
|    std                  | 1           |
|    value_loss           | 9.01e+08    |
-----------------------------------------
----------------------------------------
| rollout/                |            |
|    ep_len_mean          | 5.69       |
|    ep_rew_mean          | 8.45e+05   |
| time/                   |            |
|    fps                  | 139        |
|    iterations           | 76         |
|    time_elapsed         | 35806      |
|    total_timesteps      | 4980736    |
| train/                  |            |
|    approx_kl            | 0.00913126 |
|    clip_fraction        | 0.00561    |
|    clip_range           | 0.5        |
|    entropy_loss         | -2.84      |
|    explained_variance   | 0.985      |
|    learning_rate        | 0.0001     |
|    loss                 | 3.67e+08   |
|    n_updates            | 2400       |
|    policy_gradient_loss | 0.00128    |
|    std                  | 1          |
|    value_loss           | 9.09e+08   |
----------------------------------------
------------------------------------------
| rollout/                |              |
|    ep_len_mean          | 5.42         |
|    ep_rew_mean          | 8.58e+05     |
| time/                   |              |
|    fps                  | 139          |
|    iterations           | 77           |
|    time_elapsed         | 36276        |
|    total_timesteps      | 5046272      |
| train/                  |              |
|    approx_kl            | 0.0075954692 |
|    clip_fraction        | 0.00492      |
|    clip_range           | 0.5          |
|    entropy_loss         | -2.84        |
|    explained_variance   | 0.985        |
|    learning_rate        | 0.0001       |
|    loss                 | 4.23e+08     |
|    n_updates            | 2432         |
|    policy_gradient_loss | 0.000321     |
|    std                  | 1            |
|    value_loss           | 9.08e+08     |
------------------------------------------
 100% ━━━━━━━━━━━━━━━━━━━━━━ 5,046,272/5,000,000  [ 9:59:24 < 0:00:00 , ? it/s ]
Saving the action history...
Percentage covered:  55.98
Number of actions: 4
Saving the action history...
Percentage covered:  71.26
Number of actions: 2
Saving the action history...
Percentage covered:  56.89999999999999
Number of actions: 3
Saving the action history...
Percentage covered:  0.0
Number of actions: 0
Saving the action history...
Percentage covered:  62.2
Number of actions: 3
Saving the action history...
Percentage covered:  39.300000000000004
Number of actions: 1
Saving the action history...
Percentage covered:  16.06
Number of actions: 1
Saving the action history...
Percentage covered:  26.07
Number of actions: 1
Saving the action history...
Percentage covered:  79.89
Number of actions: 14
Saving the action history...
Percentage covered:  44.13
Number of actions: 3
Saving the action history...
Percentage covered:  70.17999999999999
Number of actions: 3
Saving the action history...
Percentage covered:  36.79
Number of actions: 2
Saving the action history...
Percentage covered:  48.88
Number of actions: 4
Saving the action history...
Percentage covered:  56.57
Number of actions: 2
Saving the action history...
Percentage covered:  0.0
Number of actions: 0
Saving the action history...
Percentage covered:  77.08
Number of actions: 6
Saving the action history...
Percentage covered:  22.53
Number of actions: 1
Saving the action history...
Percentage covered:  79.77
Number of actions: 14
Saving the action history...
Percentage covered:  76.96
Number of actions: 9
Saving the action history...
Percentage covered:  33.86
Number of actions: 1
Saving the action history...
Percentage covered:  0.0
Number of actions: 0
Saving the action history...
Percentage covered:  78.75
Number of actions: 12
Saving the action history...
Percentage covered:  22.73
Number of actions: 1
Saving the action history...
Percentage covered:  65.03
Number of actions: 11
Saving the action history...
Percentage covered:  77.74
Number of actions: 2
Saving the action history...
Percentage covered:  67.67999999999999
Number of actions: 2
Saving the action history...
Percentage covered:  75.03999999999999
Number of actions: 4
Saving the action history...
Percentage covered:  0.0
Number of actions: 0
Saving the action history...
Percentage covered:  74.22
Number of actions: 3
Saving the action history...
Percentage covered:  77.14
Number of actions: 9
Saving the action history...
Percentage covered:  73.68
Number of actions: 6
Saving the action history...
Percentage covered:  29.4
Number of actions: 1
Saving the action history...
Percentage covered:  34.2
Number of actions: 2
Saving the action history...
Percentage covered:  0.0
Number of actions: 0
Saving the action history...
Percentage covered:  0.0
Number of actions: 0
Saving the action history...
Percentage covered:  53.14
Number of actions: 3
Saving the action history...
Percentage covered:  51.019999999999996
Number of actions: 4
Saving the action history...
Percentage covered:  64.38000000000001
Number of actions: 5
Saving the action history...
Percentage covered:  77.28
Number of actions: 2
Saving the action history...
Percentage covered:  26.11
Number of actions: 2
Saving the action history...
Percentage covered:  0.0
Number of actions: 0
Saving the action history...
Percentage covered:  0.0
Number of actions: 0
Saving the action history...
Percentage covered:  55.74
Number of actions: 3
Saving the action history...
Percentage covered:  70.75
Number of actions: 2
Saving the action history...
Percentage covered:  0.0
Number of actions: 0
Saving the action history...
Percentage covered:  0.0
Number of actions: 0
Saving the action history...
Percentage covered:  44.9
Number of actions: 6
Saving the action history...
Percentage covered:  50.849999999999994
Number of actions: 3
Saving the action history...
Percentage covered:  50.92
Number of actions: 4
Saving the action history...
Percentage covered:  28.65
Number of actions: 1
Saving the action history...
Percentage covered:  76.97
Number of actions: 2
Saving the action history...
Percentage covered:  62.81
Number of actions: 5
Saving the action history...
Percentage covered:  78.86999999999999
Number of actions: 12
Saving the action history...
Percentage covered:  0.0
Number of actions: 0
Saving the action history...
Percentage covered:  0.0
Number of actions: 0
Saving the action history...
Percentage covered:  0.0
Number of actions: 0
Saving the action history...
Percentage covered:  74.64
Number of actions: 3
Saving the action history...
Percentage covered:  77.51
Number of actions: 9
Saving the action history...
Percentage covered:  65.35
Number of actions: 8
Saving the action history...
Percentage covered:  32.59
Number of actions: 1
Saving the action history...
Percentage covered:  44.79
Number of actions: 2
Saving the action history...
Percentage covered:  60.69
Number of actions: 4
Saving the action history...
Percentage covered:  55.43
Number of actions: 3
Saving the action history...
Percentage covered:  48.86
Number of actions: 2
Saving to logs/ppo/CoverageEnv-v0_19
